[2022-09-23T10:26:24.504] [ERROR] error - Error: ER_NO_SUCH_TABLE: Table 'koa2.chart123' doesn't exist
    at Query.Sequence._packetToError (D:\MyNam\Documents\Code\study\Koa2\3-前后端\2-后端模块\koa2-project\node_modules\mysql\lib\protocol\sequences\Sequence.js:47:14)
    at Query.ErrorPacket (D:\MyNam\Documents\Code\study\Koa2\3-前后端\2-后端模块\koa2-project\node_modules\mysql\lib\protocol\sequences\Query.js:79:18)
    at Protocol._parsePacket (D:\MyNam\Documents\Code\study\Koa2\3-前后端\2-后端模块\koa2-project\node_modules\mysql\lib\protocol\Protocol.js:291:23)
    at Parser._parsePacket (D:\MyNam\Documents\Code\study\Koa2\3-前后端\2-后端模块\koa2-project\node_modules\mysql\lib\protocol\Parser.js:433:10)
    at Parser.write (D:\MyNam\Documents\Code\study\Koa2\3-前后端\2-后端模块\koa2-project\node_modules\mysql\lib\protocol\Parser.js:43:10)
    at Protocol.write (D:\MyNam\Documents\Code\study\Koa2\3-前后端\2-后端模块\koa2-project\node_modules\mysql\lib\protocol\Protocol.js:38:16)
    at Socket.<anonymous> (D:\MyNam\Documents\Code\study\Koa2\3-前后端\2-后端模块\koa2-project\node_modules\mysql\lib\Connection.js:88:28)
    at Socket.<anonymous> (D:\MyNam\Documents\Code\study\Koa2\3-前后端\2-后端模块\koa2-project\node_modules\mysql\lib\Connection.js:526:10)
    at Socket.emit (node:events:390:28)
    at addChunk (node:internal/streams/readable:315:12)
    at readableAddChunk (node:internal/streams/readable:289:9)
    at Socket.Readable.push (node:internal/streams/readable:228:10)
    at TCP.onStreamRead (node:internal/stream_base_commons:199:23)
    --------------------
    at Protocol._enqueue (D:\MyNam\Documents\Code\study\Koa2\3-前后端\2-后端模块\koa2-project\node_modules\mysql\lib\protocol\Protocol.js:144:48)
    at PoolConnection.query (D:\MyNam\Documents\Code\study\Koa2\3-前后端\2-后端模块\koa2-project\node_modules\mysql\lib\Connection.js:198:25)
    at D:\MyNam\Documents\Code\study\Koa2\3-前后端\2-后端模块\koa2-project\utils\query.js:11:20
    at Handshake.onConnect (D:\MyNam\Documents\Code\study\Koa2\3-前后端\2-后端模块\koa2-project\node_modules\mysql\lib\Pool.js:64:7)
    at Handshake.<anonymous> (D:\MyNam\Documents\Code\study\Koa2\3-前后端\2-后端模块\koa2-project\node_modules\mysql\lib\Connection.js:526:10)
    at Handshake._callback (D:\MyNam\Documents\Code\study\Koa2\3-前后端\2-后端模块\koa2-project\node_modules\mysql\lib\Connection.js:488:16)
    at Handshake.Sequence.end (D:\MyNam\Documents\Code\study\Koa2\3-前后端\2-后端模块\koa2-project\node_modules\mysql\lib\protocol\sequences\Sequence.js:83:24)
    at Handshake.Sequence.OkPacket (D:\MyNam\Documents\Code\study\Koa2\3-前后端\2-后端模块\koa2-project\node_modules\mysql\lib\protocol\sequences\Sequence.js:92:8)
    at Protocol._parsePacket (D:\MyNam\Documents\Code\study\Koa2\3-前后端\2-后端模块\koa2-project\node_modules\mysql\lib\protocol\Protocol.js:291:23)
    at Parser._parsePacket (D:\MyNam\Documents\Code\study\Koa2\3-前后端\2-后端模块\koa2-project\node_modules\mysql\lib\protocol\Parser.js:433:10)
    at Parser.write (D:\MyNam\Documents\Code\study\Koa2\3-前后端\2-后端模块\koa2-project\node_modules\mysql\lib\protocol\Parser.js:43:10)
    at Protocol.write (D:\MyNam\Documents\Code\study\Koa2\3-前后端\2-后端模块\koa2-project\node_modules\mysql\lib\protocol\Protocol.js:38:16)
    at Socket.<anonymous> (D:\MyNam\Documents\Code\study\Koa2\3-前后端\2-后端模块\koa2-project\node_modules\mysql\lib\Connection.js:88:28)
    at Socket.<anonymous> (D:\MyNam\Documents\Code\study\Koa2\3-前后端\2-后端模块\koa2-project\node_modules\mysql\lib\Connection.js:526:10)
    at Socket.emit (node:events:390:28)
    at addChunk (node:internal/streams/readable:315:12) {
  code: 'ER_NO_SUCH_TABLE',
  errno: 1146,
  sqlMessage: "Table 'koa2.chart123' doesn't exist",
  sqlState: '42S02',
  index: 0,
  sql: 'select * from chart123'
}
[2022-09-23T10:26:29.775] [ERROR] error - Error: ER_NO_SUCH_TABLE: Table 'koa2.chart123' doesn't exist
    at Query.Sequence._packetToError (D:\MyNam\Documents\Code\study\Koa2\3-前后端\2-后端模块\koa2-project\node_modules\mysql\lib\protocol\sequences\Sequence.js:47:14)
    at Query.ErrorPacket (D:\MyNam\Documents\Code\study\Koa2\3-前后端\2-后端模块\koa2-project\node_modules\mysql\lib\protocol\sequences\Query.js:79:18)
    at Protocol._parsePacket (D:\MyNam\Documents\Code\study\Koa2\3-前后端\2-后端模块\koa2-project\node_modules\mysql\lib\protocol\Protocol.js:291:23)
    at Parser._parsePacket (D:\MyNam\Documents\Code\study\Koa2\3-前后端\2-后端模块\koa2-project\node_modules\mysql\lib\protocol\Parser.js:433:10)
    at Parser.write (D:\MyNam\Documents\Code\study\Koa2\3-前后端\2-后端模块\koa2-project\node_modules\mysql\lib\protocol\Parser.js:43:10)
    at Protocol.write (D:\MyNam\Documents\Code\study\Koa2\3-前后端\2-后端模块\koa2-project\node_modules\mysql\lib\protocol\Protocol.js:38:16)
    at Socket.<anonymous> (D:\MyNam\Documents\Code\study\Koa2\3-前后端\2-后端模块\koa2-project\node_modules\mysql\lib\Connection.js:88:28)
    at Socket.<anonymous> (D:\MyNam\Documents\Code\study\Koa2\3-前后端\2-后端模块\koa2-project\node_modules\mysql\lib\Connection.js:526:10)
    at Socket.emit (node:events:390:28)
    at addChunk (node:internal/streams/readable:315:12)
    at readableAddChunk (node:internal/streams/readable:289:9)
    at Socket.Readable.push (node:internal/streams/readable:228:10)
    at TCP.onStreamRead (node:internal/stream_base_commons:199:23)
    --------------------
    at Protocol._enqueue (D:\MyNam\Documents\Code\study\Koa2\3-前后端\2-后端模块\koa2-project\node_modules\mysql\lib\protocol\Protocol.js:144:48)
    at PoolConnection.query (D:\MyNam\Documents\Code\study\Koa2\3-前后端\2-后端模块\koa2-project\node_modules\mysql\lib\Connection.js:198:25)
    at D:\MyNam\Documents\Code\study\Koa2\3-前后端\2-后端模块\koa2-project\utils\query.js:11:20
    at Ping.onOperationComplete (D:\MyNam\Documents\Code\study\Koa2\3-前后端\2-后端模块\koa2-project\node_modules\mysql\lib\Pool.js:110:5)
    at Ping.<anonymous> (D:\MyNam\Documents\Code\study\Koa2\3-前后端\2-后端模块\koa2-project\node_modules\mysql\lib\Connection.js:526:10)
    at Ping._callback (D:\MyNam\Documents\Code\study\Koa2\3-前后端\2-后端模块\koa2-project\node_modules\mysql\lib\Connection.js:488:16)
    at Ping.Sequence.end (D:\MyNam\Documents\Code\study\Koa2\3-前后端\2-后端模块\koa2-project\node_modules\mysql\lib\protocol\sequences\Sequence.js:83:24)
    at Ping.Sequence.OkPacket (D:\MyNam\Documents\Code\study\Koa2\3-前后端\2-后端模块\koa2-project\node_modules\mysql\lib\protocol\sequences\Sequence.js:92:8)
    at Protocol._parsePacket (D:\MyNam\Documents\Code\study\Koa2\3-前后端\2-后端模块\koa2-project\node_modules\mysql\lib\protocol\Protocol.js:291:23)
    at Parser._parsePacket (D:\MyNam\Documents\Code\study\Koa2\3-前后端\2-后端模块\koa2-project\node_modules\mysql\lib\protocol\Parser.js:433:10)
    at Parser.write (D:\MyNam\Documents\Code\study\Koa2\3-前后端\2-后端模块\koa2-project\node_modules\mysql\lib\protocol\Parser.js:43:10)
    at Protocol.write (D:\MyNam\Documents\Code\study\Koa2\3-前后端\2-后端模块\koa2-project\node_modules\mysql\lib\protocol\Protocol.js:38:16)
    at Socket.<anonymous> (D:\MyNam\Documents\Code\study\Koa2\3-前后端\2-后端模块\koa2-project\node_modules\mysql\lib\Connection.js:88:28)
    at Socket.<anonymous> (D:\MyNam\Documents\Code\study\Koa2\3-前后端\2-后端模块\koa2-project\node_modules\mysql\lib\Connection.js:526:10)
    at Socket.emit (node:events:390:28)
    at addChunk (node:internal/streams/readable:315:12) {
  code: 'ER_NO_SUCH_TABLE',
  errno: 1146,
  sqlMessage: "Table 'koa2.chart123' doesn't exist",
  sqlState: '42S02',
  index: 0,
  sql: 'select * from chart123'
}
[2022-09-23T10:28:28.062] [ERROR] error - Error: ER_NO_SUCH_TABLE: Table 'koa2.chart123' doesn't exist
    at Query.Sequence._packetToError (D:\MyNam\Documents\Code\study\Koa2\3-前后端\2-后端模块\koa2-project\node_modules\mysql\lib\protocol\sequences\Sequence.js:47:14)
    at Query.ErrorPacket (D:\MyNam\Documents\Code\study\Koa2\3-前后端\2-后端模块\koa2-project\node_modules\mysql\lib\protocol\sequences\Query.js:79:18)
    at Protocol._parsePacket (D:\MyNam\Documents\Code\study\Koa2\3-前后端\2-后端模块\koa2-project\node_modules\mysql\lib\protocol\Protocol.js:291:23)
    at Parser._parsePacket (D:\MyNam\Documents\Code\study\Koa2\3-前后端\2-后端模块\koa2-project\node_modules\mysql\lib\protocol\Parser.js:433:10)
    at Parser.write (D:\MyNam\Documents\Code\study\Koa2\3-前后端\2-后端模块\koa2-project\node_modules\mysql\lib\protocol\Parser.js:43:10)
    at Protocol.write (D:\MyNam\Documents\Code\study\Koa2\3-前后端\2-后端模块\koa2-project\node_modules\mysql\lib\protocol\Protocol.js:38:16)
    at Socket.<anonymous> (D:\MyNam\Documents\Code\study\Koa2\3-前后端\2-后端模块\koa2-project\node_modules\mysql\lib\Connection.js:88:28)
    at Socket.<anonymous> (D:\MyNam\Documents\Code\study\Koa2\3-前后端\2-后端模块\koa2-project\node_modules\mysql\lib\Connection.js:526:10)
    at Socket.emit (node:events:390:28)
    at addChunk (node:internal/streams/readable:315:12)
    at readableAddChunk (node:internal/streams/readable:289:9)
    at Socket.Readable.push (node:internal/streams/readable:228:10)
    at TCP.onStreamRead (node:internal/stream_base_commons:199:23)
    --------------------
    at Protocol._enqueue (D:\MyNam\Documents\Code\study\Koa2\3-前后端\2-后端模块\koa2-project\node_modules\mysql\lib\protocol\Protocol.js:144:48)
    at PoolConnection.query (D:\MyNam\Documents\Code\study\Koa2\3-前后端\2-后端模块\koa2-project\node_modules\mysql\lib\Connection.js:198:25)
    at D:\MyNam\Documents\Code\study\Koa2\3-前后端\2-后端模块\koa2-project\utils\query.js:11:20
    at Handshake.onConnect (D:\MyNam\Documents\Code\study\Koa2\3-前后端\2-后端模块\koa2-project\node_modules\mysql\lib\Pool.js:64:7)
    at Handshake.<anonymous> (D:\MyNam\Documents\Code\study\Koa2\3-前后端\2-后端模块\koa2-project\node_modules\mysql\lib\Connection.js:526:10)
    at Handshake._callback (D:\MyNam\Documents\Code\study\Koa2\3-前后端\2-后端模块\koa2-project\node_modules\mysql\lib\Connection.js:488:16)
    at Handshake.Sequence.end (D:\MyNam\Documents\Code\study\Koa2\3-前后端\2-后端模块\koa2-project\node_modules\mysql\lib\protocol\sequences\Sequence.js:83:24)
    at Handshake.Sequence.OkPacket (D:\MyNam\Documents\Code\study\Koa2\3-前后端\2-后端模块\koa2-project\node_modules\mysql\lib\protocol\sequences\Sequence.js:92:8)
    at Protocol._parsePacket (D:\MyNam\Documents\Code\study\Koa2\3-前后端\2-后端模块\koa2-project\node_modules\mysql\lib\protocol\Protocol.js:291:23)
    at Parser._parsePacket (D:\MyNam\Documents\Code\study\Koa2\3-前后端\2-后端模块\koa2-project\node_modules\mysql\lib\protocol\Parser.js:433:10)
    at Parser.write (D:\MyNam\Documents\Code\study\Koa2\3-前后端\2-后端模块\koa2-project\node_modules\mysql\lib\protocol\Parser.js:43:10)
    at Protocol.write (D:\MyNam\Documents\Code\study\Koa2\3-前后端\2-后端模块\koa2-project\node_modules\mysql\lib\protocol\Protocol.js:38:16)
    at Socket.<anonymous> (D:\MyNam\Documents\Code\study\Koa2\3-前后端\2-后端模块\koa2-project\node_modules\mysql\lib\Connection.js:88:28)
    at Socket.<anonymous> (D:\MyNam\Documents\Code\study\Koa2\3-前后端\2-后端模块\koa2-project\node_modules\mysql\lib\Connection.js:526:10)
    at Socket.emit (node:events:390:28)
    at addChunk (node:internal/streams/readable:315:12) {
  code: 'ER_NO_SUCH_TABLE',
  errno: 1146,
  sqlMessage: "Table 'koa2.chart123' doesn't exist",
  sqlState: '42S02',
  index: 0,
  sql: 'select * from chart123'
}
[2022-09-23T10:29:12.139] [ERROR] error - Error: ER_NO_SUCH_TABLE: Table 'koa2.chart_global11' doesn't exist
    at Query.Sequence._packetToError (D:\MyNam\Documents\Code\study\Koa2\3-前后端\2-后端模块\koa2-project\node_modules\mysql\lib\protocol\sequences\Sequence.js:47:14)
    at Query.ErrorPacket (D:\MyNam\Documents\Code\study\Koa2\3-前后端\2-后端模块\koa2-project\node_modules\mysql\lib\protocol\sequences\Query.js:79:18)
    at Protocol._parsePacket (D:\MyNam\Documents\Code\study\Koa2\3-前后端\2-后端模块\koa2-project\node_modules\mysql\lib\protocol\Protocol.js:291:23)
    at Parser._parsePacket (D:\MyNam\Documents\Code\study\Koa2\3-前后端\2-后端模块\koa2-project\node_modules\mysql\lib\protocol\Parser.js:433:10)
    at Parser.write (D:\MyNam\Documents\Code\study\Koa2\3-前后端\2-后端模块\koa2-project\node_modules\mysql\lib\protocol\Parser.js:43:10)
    at Protocol.write (D:\MyNam\Documents\Code\study\Koa2\3-前后端\2-后端模块\koa2-project\node_modules\mysql\lib\protocol\Protocol.js:38:16)
    at Socket.<anonymous> (D:\MyNam\Documents\Code\study\Koa2\3-前后端\2-后端模块\koa2-project\node_modules\mysql\lib\Connection.js:88:28)
    at Socket.<anonymous> (D:\MyNam\Documents\Code\study\Koa2\3-前后端\2-后端模块\koa2-project\node_modules\mysql\lib\Connection.js:526:10)
    at Socket.emit (node:events:390:28)
    at addChunk (node:internal/streams/readable:315:12)
    at readableAddChunk (node:internal/streams/readable:289:9)
    at Socket.Readable.push (node:internal/streams/readable:228:10)
    at TCP.onStreamRead (node:internal/stream_base_commons:199:23)
    --------------------
    at Protocol._enqueue (D:\MyNam\Documents\Code\study\Koa2\3-前后端\2-后端模块\koa2-project\node_modules\mysql\lib\protocol\Protocol.js:144:48)
    at PoolConnection.query (D:\MyNam\Documents\Code\study\Koa2\3-前后端\2-后端模块\koa2-project\node_modules\mysql\lib\Connection.js:198:25)
    at D:\MyNam\Documents\Code\study\Koa2\3-前后端\2-后端模块\koa2-project\utils\query.js:11:20
    at Handshake.onConnect (D:\MyNam\Documents\Code\study\Koa2\3-前后端\2-后端模块\koa2-project\node_modules\mysql\lib\Pool.js:64:7)
    at Handshake.<anonymous> (D:\MyNam\Documents\Code\study\Koa2\3-前后端\2-后端模块\koa2-project\node_modules\mysql\lib\Connection.js:526:10)
    at Handshake._callback (D:\MyNam\Documents\Code\study\Koa2\3-前后端\2-后端模块\koa2-project\node_modules\mysql\lib\Connection.js:488:16)
    at Handshake.Sequence.end (D:\MyNam\Documents\Code\study\Koa2\3-前后端\2-后端模块\koa2-project\node_modules\mysql\lib\protocol\sequences\Sequence.js:83:24)
    at Handshake.Sequence.OkPacket (D:\MyNam\Documents\Code\study\Koa2\3-前后端\2-后端模块\koa2-project\node_modules\mysql\lib\protocol\sequences\Sequence.js:92:8)
    at Protocol._parsePacket (D:\MyNam\Documents\Code\study\Koa2\3-前后端\2-后端模块\koa2-project\node_modules\mysql\lib\protocol\Protocol.js:291:23)
    at Parser._parsePacket (D:\MyNam\Documents\Code\study\Koa2\3-前后端\2-后端模块\koa2-project\node_modules\mysql\lib\protocol\Parser.js:433:10)
    at Parser.write (D:\MyNam\Documents\Code\study\Koa2\3-前后端\2-后端模块\koa2-project\node_modules\mysql\lib\protocol\Parser.js:43:10)
    at Protocol.write (D:\MyNam\Documents\Code\study\Koa2\3-前后端\2-后端模块\koa2-project\node_modules\mysql\lib\protocol\Protocol.js:38:16)
    at Socket.<anonymous> (D:\MyNam\Documents\Code\study\Koa2\3-前后端\2-后端模块\koa2-project\node_modules\mysql\lib\Connection.js:88:28)
    at Socket.<anonymous> (D:\MyNam\Documents\Code\study\Koa2\3-前后端\2-后端模块\koa2-project\node_modules\mysql\lib\Connection.js:526:10)
    at Socket.emit (node:events:390:28)
    at addChunk (node:internal/streams/readable:315:12) {
  code: 'ER_NO_SUCH_TABLE',
  errno: 1146,
  sqlMessage: "Table 'koa2.chart_global11' doesn't exist",
  sqlState: '42S02',
  index: 0,
  sql: 'select * from chart_global11'
}
[2022-09-23T10:55:12.124] [ERROR] error - Error: ER_NO_SUCH_TABLE: Table 'koa2.chart111' doesn't exist
    at Query.Sequence._packetToError (D:\MyNam\Documents\Code\study\Koa2\3-前后端\2-后端模块\koa2-project\node_modules\mysql\lib\protocol\sequences\Sequence.js:47:14)
    at Query.ErrorPacket (D:\MyNam\Documents\Code\study\Koa2\3-前后端\2-后端模块\koa2-project\node_modules\mysql\lib\protocol\sequences\Query.js:79:18)
    at Protocol._parsePacket (D:\MyNam\Documents\Code\study\Koa2\3-前后端\2-后端模块\koa2-project\node_modules\mysql\lib\protocol\Protocol.js:291:23)
    at Parser._parsePacket (D:\MyNam\Documents\Code\study\Koa2\3-前后端\2-后端模块\koa2-project\node_modules\mysql\lib\protocol\Parser.js:433:10)
    at Parser.write (D:\MyNam\Documents\Code\study\Koa2\3-前后端\2-后端模块\koa2-project\node_modules\mysql\lib\protocol\Parser.js:43:10)
    at Protocol.write (D:\MyNam\Documents\Code\study\Koa2\3-前后端\2-后端模块\koa2-project\node_modules\mysql\lib\protocol\Protocol.js:38:16)
    at Socket.<anonymous> (D:\MyNam\Documents\Code\study\Koa2\3-前后端\2-后端模块\koa2-project\node_modules\mysql\lib\Connection.js:88:28)
    at Socket.<anonymous> (D:\MyNam\Documents\Code\study\Koa2\3-前后端\2-后端模块\koa2-project\node_modules\mysql\lib\Connection.js:526:10)
    at Socket.emit (node:events:390:28)
    at addChunk (node:internal/streams/readable:315:12)
    at readableAddChunk (node:internal/streams/readable:289:9)
    at Socket.Readable.push (node:internal/streams/readable:228:10)
    at TCP.onStreamRead (node:internal/stream_base_commons:199:23)
    --------------------
    at Protocol._enqueue (D:\MyNam\Documents\Code\study\Koa2\3-前后端\2-后端模块\koa2-project\node_modules\mysql\lib\protocol\Protocol.js:144:48)
    at PoolConnection.query (D:\MyNam\Documents\Code\study\Koa2\3-前后端\2-后端模块\koa2-project\node_modules\mysql\lib\Connection.js:198:25)
    at D:\MyNam\Documents\Code\study\Koa2\3-前后端\2-后端模块\koa2-project\utils\query.js:11:20
    at Handshake.onConnect (D:\MyNam\Documents\Code\study\Koa2\3-前后端\2-后端模块\koa2-project\node_modules\mysql\lib\Pool.js:64:7)
    at Handshake.<anonymous> (D:\MyNam\Documents\Code\study\Koa2\3-前后端\2-后端模块\koa2-project\node_modules\mysql\lib\Connection.js:526:10)
    at Handshake._callback (D:\MyNam\Documents\Code\study\Koa2\3-前后端\2-后端模块\koa2-project\node_modules\mysql\lib\Connection.js:488:16)
    at Handshake.Sequence.end (D:\MyNam\Documents\Code\study\Koa2\3-前后端\2-后端模块\koa2-project\node_modules\mysql\lib\protocol\sequences\Sequence.js:83:24)
    at Handshake.Sequence.OkPacket (D:\MyNam\Documents\Code\study\Koa2\3-前后端\2-后端模块\koa2-project\node_modules\mysql\lib\protocol\sequences\Sequence.js:92:8)
    at Protocol._parsePacket (D:\MyNam\Documents\Code\study\Koa2\3-前后端\2-后端模块\koa2-project\node_modules\mysql\lib\protocol\Protocol.js:291:23)
    at Parser._parsePacket (D:\MyNam\Documents\Code\study\Koa2\3-前后端\2-后端模块\koa2-project\node_modules\mysql\lib\protocol\Parser.js:433:10)
    at Parser.write (D:\MyNam\Documents\Code\study\Koa2\3-前后端\2-后端模块\koa2-project\node_modules\mysql\lib\protocol\Parser.js:43:10)
    at Protocol.write (D:\MyNam\Documents\Code\study\Koa2\3-前后端\2-后端模块\koa2-project\node_modules\mysql\lib\protocol\Protocol.js:38:16)
    at Socket.<anonymous> (D:\MyNam\Documents\Code\study\Koa2\3-前后端\2-后端模块\koa2-project\node_modules\mysql\lib\Connection.js:88:28)
    at Socket.<anonymous> (D:\MyNam\Documents\Code\study\Koa2\3-前后端\2-后端模块\koa2-project\node_modules\mysql\lib\Connection.js:526:10)
    at Socket.emit (node:events:390:28)
    at addChunk (node:internal/streams/readable:315:12) {
  code: 'ER_NO_SUCH_TABLE',
  errno: 1146,
  sqlMessage: "Table 'koa2.chart111' doesn't exist",
  sqlState: '42S02',
  index: 0,
  sql: 'select * from chart111'
}
[2022-09-23T11:02:48.627] [ERROR] error - Error: ER_NO_SUCH_TABLE: Table 'koa2.chart111' doesn't exist
    at Query.Sequence._packetToError (D:\MyNam\Documents\Code\study\Koa2\3-前后端\2-后端模块\koa2-project\node_modules\mysql\lib\protocol\sequences\Sequence.js:47:14)
    at Query.ErrorPacket (D:\MyNam\Documents\Code\study\Koa2\3-前后端\2-后端模块\koa2-project\node_modules\mysql\lib\protocol\sequences\Query.js:79:18)
    at Protocol._parsePacket (D:\MyNam\Documents\Code\study\Koa2\3-前后端\2-后端模块\koa2-project\node_modules\mysql\lib\protocol\Protocol.js:291:23)
    at Parser._parsePacket (D:\MyNam\Documents\Code\study\Koa2\3-前后端\2-后端模块\koa2-project\node_modules\mysql\lib\protocol\Parser.js:433:10)
    at Parser.write (D:\MyNam\Documents\Code\study\Koa2\3-前后端\2-后端模块\koa2-project\node_modules\mysql\lib\protocol\Parser.js:43:10)
    at Protocol.write (D:\MyNam\Documents\Code\study\Koa2\3-前后端\2-后端模块\koa2-project\node_modules\mysql\lib\protocol\Protocol.js:38:16)
    at Socket.<anonymous> (D:\MyNam\Documents\Code\study\Koa2\3-前后端\2-后端模块\koa2-project\node_modules\mysql\lib\Connection.js:88:28)
    at Socket.<anonymous> (D:\MyNam\Documents\Code\study\Koa2\3-前后端\2-后端模块\koa2-project\node_modules\mysql\lib\Connection.js:526:10)
    at Socket.emit (node:events:390:28)
    at addChunk (node:internal/streams/readable:315:12)
    at readableAddChunk (node:internal/streams/readable:289:9)
    at Socket.Readable.push (node:internal/streams/readable:228:10)
    at TCP.onStreamRead (node:internal/stream_base_commons:199:23)
    --------------------
    at Protocol._enqueue (D:\MyNam\Documents\Code\study\Koa2\3-前后端\2-后端模块\koa2-project\node_modules\mysql\lib\protocol\Protocol.js:144:48)
    at PoolConnection.query (D:\MyNam\Documents\Code\study\Koa2\3-前后端\2-后端模块\koa2-project\node_modules\mysql\lib\Connection.js:198:25)
    at D:\MyNam\Documents\Code\study\Koa2\3-前后端\2-后端模块\koa2-project\utils\query.js:11:20
    at Ping.onOperationComplete (D:\MyNam\Documents\Code\study\Koa2\3-前后端\2-后端模块\koa2-project\node_modules\mysql\lib\Pool.js:110:5)
    at Ping.<anonymous> (D:\MyNam\Documents\Code\study\Koa2\3-前后端\2-后端模块\koa2-project\node_modules\mysql\lib\Connection.js:526:10)
    at Ping._callback (D:\MyNam\Documents\Code\study\Koa2\3-前后端\2-后端模块\koa2-project\node_modules\mysql\lib\Connection.js:488:16)
    at Ping.Sequence.end (D:\MyNam\Documents\Code\study\Koa2\3-前后端\2-后端模块\koa2-project\node_modules\mysql\lib\protocol\sequences\Sequence.js:83:24)
    at Ping.Sequence.OkPacket (D:\MyNam\Documents\Code\study\Koa2\3-前后端\2-后端模块\koa2-project\node_modules\mysql\lib\protocol\sequences\Sequence.js:92:8)
    at Protocol._parsePacket (D:\MyNam\Documents\Code\study\Koa2\3-前后端\2-后端模块\koa2-project\node_modules\mysql\lib\protocol\Protocol.js:291:23)
    at Parser._parsePacket (D:\MyNam\Documents\Code\study\Koa2\3-前后端\2-后端模块\koa2-project\node_modules\mysql\lib\protocol\Parser.js:433:10)
    at Parser.write (D:\MyNam\Documents\Code\study\Koa2\3-前后端\2-后端模块\koa2-project\node_modules\mysql\lib\protocol\Parser.js:43:10)
    at Protocol.write (D:\MyNam\Documents\Code\study\Koa2\3-前后端\2-后端模块\koa2-project\node_modules\mysql\lib\protocol\Protocol.js:38:16)
    at Socket.<anonymous> (D:\MyNam\Documents\Code\study\Koa2\3-前后端\2-后端模块\koa2-project\node_modules\mysql\lib\Connection.js:88:28)
    at Socket.<anonymous> (D:\MyNam\Documents\Code\study\Koa2\3-前后端\2-后端模块\koa2-project\node_modules\mysql\lib\Connection.js:526:10)
    at Socket.emit (node:events:390:28)
    at addChunk (node:internal/streams/readable:315:12) {
  code: 'ER_NO_SUCH_TABLE',
  errno: 1146,
  sqlMessage: "Table 'koa2.chart111' doesn't exist",
  sqlState: '42S02',
  index: 0,
  sql: 'select * from chart111'
}
[2022-09-23T11:03:14.620] [ERROR] error - Error: ER_NO_SUCH_TABLE: Table 'koa2.chart11' doesn't exist
    at Query.Sequence._packetToError (D:\MyNam\Documents\Code\study\Koa2\3-前后端\2-后端模块\koa2-project\node_modules\mysql\lib\protocol\sequences\Sequence.js:47:14)
    at Query.ErrorPacket (D:\MyNam\Documents\Code\study\Koa2\3-前后端\2-后端模块\koa2-project\node_modules\mysql\lib\protocol\sequences\Query.js:79:18)
    at Protocol._parsePacket (D:\MyNam\Documents\Code\study\Koa2\3-前后端\2-后端模块\koa2-project\node_modules\mysql\lib\protocol\Protocol.js:291:23)
    at Parser._parsePacket (D:\MyNam\Documents\Code\study\Koa2\3-前后端\2-后端模块\koa2-project\node_modules\mysql\lib\protocol\Parser.js:433:10)
    at Parser.write (D:\MyNam\Documents\Code\study\Koa2\3-前后端\2-后端模块\koa2-project\node_modules\mysql\lib\protocol\Parser.js:43:10)
    at Protocol.write (D:\MyNam\Documents\Code\study\Koa2\3-前后端\2-后端模块\koa2-project\node_modules\mysql\lib\protocol\Protocol.js:38:16)
    at Socket.<anonymous> (D:\MyNam\Documents\Code\study\Koa2\3-前后端\2-后端模块\koa2-project\node_modules\mysql\lib\Connection.js:88:28)
    at Socket.<anonymous> (D:\MyNam\Documents\Code\study\Koa2\3-前后端\2-后端模块\koa2-project\node_modules\mysql\lib\Connection.js:526:10)
    at Socket.emit (node:events:390:28)
    at addChunk (node:internal/streams/readable:315:12)
    at readableAddChunk (node:internal/streams/readable:289:9)
    at Socket.Readable.push (node:internal/streams/readable:228:10)
    at TCP.onStreamRead (node:internal/stream_base_commons:199:23)
    --------------------
    at Protocol._enqueue (D:\MyNam\Documents\Code\study\Koa2\3-前后端\2-后端模块\koa2-project\node_modules\mysql\lib\protocol\Protocol.js:144:48)
    at PoolConnection.query (D:\MyNam\Documents\Code\study\Koa2\3-前后端\2-后端模块\koa2-project\node_modules\mysql\lib\Connection.js:198:25)
    at D:\MyNam\Documents\Code\study\Koa2\3-前后端\2-后端模块\koa2-project\utils\query.js:11:20
    at Handshake.onConnect (D:\MyNam\Documents\Code\study\Koa2\3-前后端\2-后端模块\koa2-project\node_modules\mysql\lib\Pool.js:64:7)
    at Handshake.<anonymous> (D:\MyNam\Documents\Code\study\Koa2\3-前后端\2-后端模块\koa2-project\node_modules\mysql\lib\Connection.js:526:10)
    at Handshake._callback (D:\MyNam\Documents\Code\study\Koa2\3-前后端\2-后端模块\koa2-project\node_modules\mysql\lib\Connection.js:488:16)
    at Handshake.Sequence.end (D:\MyNam\Documents\Code\study\Koa2\3-前后端\2-后端模块\koa2-project\node_modules\mysql\lib\protocol\sequences\Sequence.js:83:24)
    at Handshake.Sequence.OkPacket (D:\MyNam\Documents\Code\study\Koa2\3-前后端\2-后端模块\koa2-project\node_modules\mysql\lib\protocol\sequences\Sequence.js:92:8)
    at Protocol._parsePacket (D:\MyNam\Documents\Code\study\Koa2\3-前后端\2-后端模块\koa2-project\node_modules\mysql\lib\protocol\Protocol.js:291:23)
    at Parser._parsePacket (D:\MyNam\Documents\Code\study\Koa2\3-前后端\2-后端模块\koa2-project\node_modules\mysql\lib\protocol\Parser.js:433:10)
    at Parser.write (D:\MyNam\Documents\Code\study\Koa2\3-前后端\2-后端模块\koa2-project\node_modules\mysql\lib\protocol\Parser.js:43:10)
    at Protocol.write (D:\MyNam\Documents\Code\study\Koa2\3-前后端\2-后端模块\koa2-project\node_modules\mysql\lib\protocol\Protocol.js:38:16)
    at Socket.<anonymous> (D:\MyNam\Documents\Code\study\Koa2\3-前后端\2-后端模块\koa2-project\node_modules\mysql\lib\Connection.js:88:28)
    at Socket.<anonymous> (D:\MyNam\Documents\Code\study\Koa2\3-前后端\2-后端模块\koa2-project\node_modules\mysql\lib\Connection.js:526:10)
    at Socket.emit (node:events:390:28)
    at addChunk (node:internal/streams/readable:315:12) {
  code: 'ER_NO_SUCH_TABLE',
  errno: 1146,
  sqlMessage: "Table 'koa2.chart11' doesn't exist",
  sqlState: '42S02',
  index: 0,
  sql: 'select * from chart11'
}
[2022-09-23T11:06:03.142] [ERROR] error - Error: ER_NO_SUCH_TABLE: Table 'koa2.chart11' doesn't exist
    at Query.Sequence._packetToError (D:\MyNam\Documents\Code\study\Koa2\3-前后端\2-后端模块\koa2-project\node_modules\mysql\lib\protocol\sequences\Sequence.js:47:14)
    at Query.ErrorPacket (D:\MyNam\Documents\Code\study\Koa2\3-前后端\2-后端模块\koa2-project\node_modules\mysql\lib\protocol\sequences\Query.js:79:18)
    at Protocol._parsePacket (D:\MyNam\Documents\Code\study\Koa2\3-前后端\2-后端模块\koa2-project\node_modules\mysql\lib\protocol\Protocol.js:291:23)
    at Parser._parsePacket (D:\MyNam\Documents\Code\study\Koa2\3-前后端\2-后端模块\koa2-project\node_modules\mysql\lib\protocol\Parser.js:433:10)
    at Parser.write (D:\MyNam\Documents\Code\study\Koa2\3-前后端\2-后端模块\koa2-project\node_modules\mysql\lib\protocol\Parser.js:43:10)
    at Protocol.write (D:\MyNam\Documents\Code\study\Koa2\3-前后端\2-后端模块\koa2-project\node_modules\mysql\lib\protocol\Protocol.js:38:16)
    at Socket.<anonymous> (D:\MyNam\Documents\Code\study\Koa2\3-前后端\2-后端模块\koa2-project\node_modules\mysql\lib\Connection.js:88:28)
    at Socket.<anonymous> (D:\MyNam\Documents\Code\study\Koa2\3-前后端\2-后端模块\koa2-project\node_modules\mysql\lib\Connection.js:526:10)
    at Socket.emit (node:events:390:28)
    at addChunk (node:internal/streams/readable:315:12)
    at readableAddChunk (node:internal/streams/readable:289:9)
    at Socket.Readable.push (node:internal/streams/readable:228:10)
    at TCP.onStreamRead (node:internal/stream_base_commons:199:23)
    --------------------
    at Protocol._enqueue (D:\MyNam\Documents\Code\study\Koa2\3-前后端\2-后端模块\koa2-project\node_modules\mysql\lib\protocol\Protocol.js:144:48)
    at PoolConnection.query (D:\MyNam\Documents\Code\study\Koa2\3-前后端\2-后端模块\koa2-project\node_modules\mysql\lib\Connection.js:198:25)
    at D:\MyNam\Documents\Code\study\Koa2\3-前后端\2-后端模块\koa2-project\utils\query.js:11:20
    at Handshake.onConnect (D:\MyNam\Documents\Code\study\Koa2\3-前后端\2-后端模块\koa2-project\node_modules\mysql\lib\Pool.js:64:7)
    at Handshake.<anonymous> (D:\MyNam\Documents\Code\study\Koa2\3-前后端\2-后端模块\koa2-project\node_modules\mysql\lib\Connection.js:526:10)
    at Handshake._callback (D:\MyNam\Documents\Code\study\Koa2\3-前后端\2-后端模块\koa2-project\node_modules\mysql\lib\Connection.js:488:16)
    at Handshake.Sequence.end (D:\MyNam\Documents\Code\study\Koa2\3-前后端\2-后端模块\koa2-project\node_modules\mysql\lib\protocol\sequences\Sequence.js:83:24)
    at Handshake.Sequence.OkPacket (D:\MyNam\Documents\Code\study\Koa2\3-前后端\2-后端模块\koa2-project\node_modules\mysql\lib\protocol\sequences\Sequence.js:92:8)
    at Protocol._parsePacket (D:\MyNam\Documents\Code\study\Koa2\3-前后端\2-后端模块\koa2-project\node_modules\mysql\lib\protocol\Protocol.js:291:23)
    at Parser._parsePacket (D:\MyNam\Documents\Code\study\Koa2\3-前后端\2-后端模块\koa2-project\node_modules\mysql\lib\protocol\Parser.js:433:10)
    at Parser.write (D:\MyNam\Documents\Code\study\Koa2\3-前后端\2-后端模块\koa2-project\node_modules\mysql\lib\protocol\Parser.js:43:10)
    at Protocol.write (D:\MyNam\Documents\Code\study\Koa2\3-前后端\2-后端模块\koa2-project\node_modules\mysql\lib\protocol\Protocol.js:38:16)
    at Socket.<anonymous> (D:\MyNam\Documents\Code\study\Koa2\3-前后端\2-后端模块\koa2-project\node_modules\mysql\lib\Connection.js:88:28)
    at Socket.<anonymous> (D:\MyNam\Documents\Code\study\Koa2\3-前后端\2-后端模块\koa2-project\node_modules\mysql\lib\Connection.js:526:10)
    at Socket.emit (node:events:390:28)
    at addChunk (node:internal/streams/readable:315:12) {
  code: 'ER_NO_SUCH_TABLE',
  errno: 1146,
  sqlMessage: "Table 'koa2.chart11' doesn't exist",
  sqlState: '42S02',
  index: 0,
  sql: 'select * from chart11'
}
[2022-09-23T11:06:34.390] [ERROR] error - Error: ER_NO_SUCH_TABLE: Table 'koa2.chart11' doesn't exist
    at Query.Sequence._packetToError (D:\MyNam\Documents\Code\study\Koa2\3-前后端\2-后端模块\koa2-project\node_modules\mysql\lib\protocol\sequences\Sequence.js:47:14)
    at Query.ErrorPacket (D:\MyNam\Documents\Code\study\Koa2\3-前后端\2-后端模块\koa2-project\node_modules\mysql\lib\protocol\sequences\Query.js:79:18)
    at Protocol._parsePacket (D:\MyNam\Documents\Code\study\Koa2\3-前后端\2-后端模块\koa2-project\node_modules\mysql\lib\protocol\Protocol.js:291:23)
    at Parser._parsePacket (D:\MyNam\Documents\Code\study\Koa2\3-前后端\2-后端模块\koa2-project\node_modules\mysql\lib\protocol\Parser.js:433:10)
    at Parser.write (D:\MyNam\Documents\Code\study\Koa2\3-前后端\2-后端模块\koa2-project\node_modules\mysql\lib\protocol\Parser.js:43:10)
    at Protocol.write (D:\MyNam\Documents\Code\study\Koa2\3-前后端\2-后端模块\koa2-project\node_modules\mysql\lib\protocol\Protocol.js:38:16)
    at Socket.<anonymous> (D:\MyNam\Documents\Code\study\Koa2\3-前后端\2-后端模块\koa2-project\node_modules\mysql\lib\Connection.js:88:28)
    at Socket.<anonymous> (D:\MyNam\Documents\Code\study\Koa2\3-前后端\2-后端模块\koa2-project\node_modules\mysql\lib\Connection.js:526:10)
    at Socket.emit (node:events:390:28)
    at addChunk (node:internal/streams/readable:315:12)
    at readableAddChunk (node:internal/streams/readable:289:9)
    at Socket.Readable.push (node:internal/streams/readable:228:10)
    at TCP.onStreamRead (node:internal/stream_base_commons:199:23)
    --------------------
    at Protocol._enqueue (D:\MyNam\Documents\Code\study\Koa2\3-前后端\2-后端模块\koa2-project\node_modules\mysql\lib\protocol\Protocol.js:144:48)
    at PoolConnection.query (D:\MyNam\Documents\Code\study\Koa2\3-前后端\2-后端模块\koa2-project\node_modules\mysql\lib\Connection.js:198:25)
    at D:\MyNam\Documents\Code\study\Koa2\3-前后端\2-后端模块\koa2-project\utils\query.js:11:20
    at Handshake.onConnect (D:\MyNam\Documents\Code\study\Koa2\3-前后端\2-后端模块\koa2-project\node_modules\mysql\lib\Pool.js:64:7)
    at Handshake.<anonymous> (D:\MyNam\Documents\Code\study\Koa2\3-前后端\2-后端模块\koa2-project\node_modules\mysql\lib\Connection.js:526:10)
    at Handshake._callback (D:\MyNam\Documents\Code\study\Koa2\3-前后端\2-后端模块\koa2-project\node_modules\mysql\lib\Connection.js:488:16)
    at Handshake.Sequence.end (D:\MyNam\Documents\Code\study\Koa2\3-前后端\2-后端模块\koa2-project\node_modules\mysql\lib\protocol\sequences\Sequence.js:83:24)
    at Handshake.Sequence.OkPacket (D:\MyNam\Documents\Code\study\Koa2\3-前后端\2-后端模块\koa2-project\node_modules\mysql\lib\protocol\sequences\Sequence.js:92:8)
    at Protocol._parsePacket (D:\MyNam\Documents\Code\study\Koa2\3-前后端\2-后端模块\koa2-project\node_modules\mysql\lib\protocol\Protocol.js:291:23)
    at Parser._parsePacket (D:\MyNam\Documents\Code\study\Koa2\3-前后端\2-后端模块\koa2-project\node_modules\mysql\lib\protocol\Parser.js:433:10)
    at Parser.write (D:\MyNam\Documents\Code\study\Koa2\3-前后端\2-后端模块\koa2-project\node_modules\mysql\lib\protocol\Parser.js:43:10)
    at Protocol.write (D:\MyNam\Documents\Code\study\Koa2\3-前后端\2-后端模块\koa2-project\node_modules\mysql\lib\protocol\Protocol.js:38:16)
    at Socket.<anonymous> (D:\MyNam\Documents\Code\study\Koa2\3-前后端\2-后端模块\koa2-project\node_modules\mysql\lib\Connection.js:88:28)
    at Socket.<anonymous> (D:\MyNam\Documents\Code\study\Koa2\3-前后端\2-后端模块\koa2-project\node_modules\mysql\lib\Connection.js:526:10)
    at Socket.emit (node:events:390:28)
    at addChunk (node:internal/streams/readable:315:12) {
  code: 'ER_NO_SUCH_TABLE',
  errno: 1146,
  sqlMessage: "Table 'koa2.chart11' doesn't exist",
  sqlState: '42S02',
  index: 0,
  sql: 'select * from chart11'
}
[2022-09-23T11:08:11.957] [ERROR] error - Error: ER_NO_SUCH_TABLE: Table 'koa2.chart11' doesn't exist
    at Query.Sequence._packetToError (D:\MyNam\Documents\Code\study\Koa2\3-前后端\2-后端模块\koa2-project\node_modules\mysql\lib\protocol\sequences\Sequence.js:47:14)
    at Query.ErrorPacket (D:\MyNam\Documents\Code\study\Koa2\3-前后端\2-后端模块\koa2-project\node_modules\mysql\lib\protocol\sequences\Query.js:79:18)
    at Protocol._parsePacket (D:\MyNam\Documents\Code\study\Koa2\3-前后端\2-后端模块\koa2-project\node_modules\mysql\lib\protocol\Protocol.js:291:23)
    at Parser._parsePacket (D:\MyNam\Documents\Code\study\Koa2\3-前后端\2-后端模块\koa2-project\node_modules\mysql\lib\protocol\Parser.js:433:10)
    at Parser.write (D:\MyNam\Documents\Code\study\Koa2\3-前后端\2-后端模块\koa2-project\node_modules\mysql\lib\protocol\Parser.js:43:10)
    at Protocol.write (D:\MyNam\Documents\Code\study\Koa2\3-前后端\2-后端模块\koa2-project\node_modules\mysql\lib\protocol\Protocol.js:38:16)
    at Socket.<anonymous> (D:\MyNam\Documents\Code\study\Koa2\3-前后端\2-后端模块\koa2-project\node_modules\mysql\lib\Connection.js:88:28)
    at Socket.<anonymous> (D:\MyNam\Documents\Code\study\Koa2\3-前后端\2-后端模块\koa2-project\node_modules\mysql\lib\Connection.js:526:10)
    at Socket.emit (node:events:390:28)
    at addChunk (node:internal/streams/readable:315:12)
    at readableAddChunk (node:internal/streams/readable:289:9)
    at Socket.Readable.push (node:internal/streams/readable:228:10)
    at TCP.onStreamRead (node:internal/stream_base_commons:199:23)
    --------------------
    at Protocol._enqueue (D:\MyNam\Documents\Code\study\Koa2\3-前后端\2-后端模块\koa2-project\node_modules\mysql\lib\protocol\Protocol.js:144:48)
    at PoolConnection.query (D:\MyNam\Documents\Code\study\Koa2\3-前后端\2-后端模块\koa2-project\node_modules\mysql\lib\Connection.js:198:25)
    at D:\MyNam\Documents\Code\study\Koa2\3-前后端\2-后端模块\koa2-project\utils\query.js:11:20
    at Handshake.onConnect (D:\MyNam\Documents\Code\study\Koa2\3-前后端\2-后端模块\koa2-project\node_modules\mysql\lib\Pool.js:64:7)
    at Handshake.<anonymous> (D:\MyNam\Documents\Code\study\Koa2\3-前后端\2-后端模块\koa2-project\node_modules\mysql\lib\Connection.js:526:10)
    at Handshake._callback (D:\MyNam\Documents\Code\study\Koa2\3-前后端\2-后端模块\koa2-project\node_modules\mysql\lib\Connection.js:488:16)
    at Handshake.Sequence.end (D:\MyNam\Documents\Code\study\Koa2\3-前后端\2-后端模块\koa2-project\node_modules\mysql\lib\protocol\sequences\Sequence.js:83:24)
    at Handshake.Sequence.OkPacket (D:\MyNam\Documents\Code\study\Koa2\3-前后端\2-后端模块\koa2-project\node_modules\mysql\lib\protocol\sequences\Sequence.js:92:8)
    at Protocol._parsePacket (D:\MyNam\Documents\Code\study\Koa2\3-前后端\2-后端模块\koa2-project\node_modules\mysql\lib\protocol\Protocol.js:291:23)
    at Parser._parsePacket (D:\MyNam\Documents\Code\study\Koa2\3-前后端\2-后端模块\koa2-project\node_modules\mysql\lib\protocol\Parser.js:433:10)
    at Parser.write (D:\MyNam\Documents\Code\study\Koa2\3-前后端\2-后端模块\koa2-project\node_modules\mysql\lib\protocol\Parser.js:43:10)
    at Protocol.write (D:\MyNam\Documents\Code\study\Koa2\3-前后端\2-后端模块\koa2-project\node_modules\mysql\lib\protocol\Protocol.js:38:16)
    at Socket.<anonymous> (D:\MyNam\Documents\Code\study\Koa2\3-前后端\2-后端模块\koa2-project\node_modules\mysql\lib\Connection.js:88:28)
    at Socket.<anonymous> (D:\MyNam\Documents\Code\study\Koa2\3-前后端\2-后端模块\koa2-project\node_modules\mysql\lib\Connection.js:526:10)
    at Socket.emit (node:events:390:28)
    at addChunk (node:internal/streams/readable:315:12) {
  code: 'ER_NO_SUCH_TABLE',
  errno: 1146,
  sqlMessage: "Table 'koa2.chart11' doesn't exist",
  sqlState: '42S02',
  index: 0,
  sql: 'select * from chart11'
}
[2022-09-23T11:08:24.725] [ERROR] error - Error: ER_NO_SUCH_TABLE: Table 'koa2.chart11' doesn't exist
    at Query.Sequence._packetToError (D:\MyNam\Documents\Code\study\Koa2\3-前后端\2-后端模块\koa2-project\node_modules\mysql\lib\protocol\sequences\Sequence.js:47:14)
    at Query.ErrorPacket (D:\MyNam\Documents\Code\study\Koa2\3-前后端\2-后端模块\koa2-project\node_modules\mysql\lib\protocol\sequences\Query.js:79:18)
    at Protocol._parsePacket (D:\MyNam\Documents\Code\study\Koa2\3-前后端\2-后端模块\koa2-project\node_modules\mysql\lib\protocol\Protocol.js:291:23)
    at Parser._parsePacket (D:\MyNam\Documents\Code\study\Koa2\3-前后端\2-后端模块\koa2-project\node_modules\mysql\lib\protocol\Parser.js:433:10)
    at Parser.write (D:\MyNam\Documents\Code\study\Koa2\3-前后端\2-后端模块\koa2-project\node_modules\mysql\lib\protocol\Parser.js:43:10)
    at Protocol.write (D:\MyNam\Documents\Code\study\Koa2\3-前后端\2-后端模块\koa2-project\node_modules\mysql\lib\protocol\Protocol.js:38:16)
    at Socket.<anonymous> (D:\MyNam\Documents\Code\study\Koa2\3-前后端\2-后端模块\koa2-project\node_modules\mysql\lib\Connection.js:88:28)
    at Socket.<anonymous> (D:\MyNam\Documents\Code\study\Koa2\3-前后端\2-后端模块\koa2-project\node_modules\mysql\lib\Connection.js:526:10)
    at Socket.emit (node:events:390:28)
    at addChunk (node:internal/streams/readable:315:12)
    at readableAddChunk (node:internal/streams/readable:289:9)
    at Socket.Readable.push (node:internal/streams/readable:228:10)
    at TCP.onStreamRead (node:internal/stream_base_commons:199:23)
    --------------------
    at Protocol._enqueue (D:\MyNam\Documents\Code\study\Koa2\3-前后端\2-后端模块\koa2-project\node_modules\mysql\lib\protocol\Protocol.js:144:48)
    at PoolConnection.query (D:\MyNam\Documents\Code\study\Koa2\3-前后端\2-后端模块\koa2-project\node_modules\mysql\lib\Connection.js:198:25)
    at D:\MyNam\Documents\Code\study\Koa2\3-前后端\2-后端模块\koa2-project\utils\query.js:11:20
    at Ping.onOperationComplete (D:\MyNam\Documents\Code\study\Koa2\3-前后端\2-后端模块\koa2-project\node_modules\mysql\lib\Pool.js:110:5)
    at Ping.<anonymous> (D:\MyNam\Documents\Code\study\Koa2\3-前后端\2-后端模块\koa2-project\node_modules\mysql\lib\Connection.js:526:10)
    at Ping._callback (D:\MyNam\Documents\Code\study\Koa2\3-前后端\2-后端模块\koa2-project\node_modules\mysql\lib\Connection.js:488:16)
    at Ping.Sequence.end (D:\MyNam\Documents\Code\study\Koa2\3-前后端\2-后端模块\koa2-project\node_modules\mysql\lib\protocol\sequences\Sequence.js:83:24)
    at Ping.Sequence.OkPacket (D:\MyNam\Documents\Code\study\Koa2\3-前后端\2-后端模块\koa2-project\node_modules\mysql\lib\protocol\sequences\Sequence.js:92:8)
    at Protocol._parsePacket (D:\MyNam\Documents\Code\study\Koa2\3-前后端\2-后端模块\koa2-project\node_modules\mysql\lib\protocol\Protocol.js:291:23)
    at Parser._parsePacket (D:\MyNam\Documents\Code\study\Koa2\3-前后端\2-后端模块\koa2-project\node_modules\mysql\lib\protocol\Parser.js:433:10)
    at Parser.write (D:\MyNam\Documents\Code\study\Koa2\3-前后端\2-后端模块\koa2-project\node_modules\mysql\lib\protocol\Parser.js:43:10)
    at Protocol.write (D:\MyNam\Documents\Code\study\Koa2\3-前后端\2-后端模块\koa2-project\node_modules\mysql\lib\protocol\Protocol.js:38:16)
    at Socket.<anonymous> (D:\MyNam\Documents\Code\study\Koa2\3-前后端\2-后端模块\koa2-project\node_modules\mysql\lib\Connection.js:88:28)
    at Socket.<anonymous> (D:\MyNam\Documents\Code\study\Koa2\3-前后端\2-后端模块\koa2-project\node_modules\mysql\lib\Connection.js:526:10)
    at Socket.emit (node:events:390:28)
    at addChunk (node:internal/streams/readable:315:12) {
  code: 'ER_NO_SUCH_TABLE',
  errno: 1146,
  sqlMessage: "Table 'koa2.chart11' doesn't exist",
  sqlState: '42S02',
  index: 0,
  sql: 'select * from chart11'
}
[2022-09-23T16:40:07.909] [ERROR] error - Error: ER_PARSE_ERROR: You have an error in your SQL syntax; check the manual that corresponds to your MySQL server version for the right syntax to use near 'select FOUND_ROWS() as total' at line 1
    at Query.Sequence._packetToError (D:\MyNam\Documents\Code\study\Koa2\3-前后端\2-后端模块\koa2-project\node_modules\mysql\lib\protocol\sequences\Sequence.js:47:14)
    at Query.ErrorPacket (D:\MyNam\Documents\Code\study\Koa2\3-前后端\2-后端模块\koa2-project\node_modules\mysql\lib\protocol\sequences\Query.js:79:18)
    at Protocol._parsePacket (D:\MyNam\Documents\Code\study\Koa2\3-前后端\2-后端模块\koa2-project\node_modules\mysql\lib\protocol\Protocol.js:291:23)
    at Parser._parsePacket (D:\MyNam\Documents\Code\study\Koa2\3-前后端\2-后端模块\koa2-project\node_modules\mysql\lib\protocol\Parser.js:433:10)
    at Parser.write (D:\MyNam\Documents\Code\study\Koa2\3-前后端\2-后端模块\koa2-project\node_modules\mysql\lib\protocol\Parser.js:43:10)
    at Protocol.write (D:\MyNam\Documents\Code\study\Koa2\3-前后端\2-后端模块\koa2-project\node_modules\mysql\lib\protocol\Protocol.js:38:16)
    at Socket.<anonymous> (D:\MyNam\Documents\Code\study\Koa2\3-前后端\2-后端模块\koa2-project\node_modules\mysql\lib\Connection.js:88:28)
    at Socket.<anonymous> (D:\MyNam\Documents\Code\study\Koa2\3-前后端\2-后端模块\koa2-project\node_modules\mysql\lib\Connection.js:526:10)
    at Socket.emit (node:events:390:28)
    at addChunk (node:internal/streams/readable:315:12)
    at readableAddChunk (node:internal/streams/readable:289:9)
    at Socket.Readable.push (node:internal/streams/readable:228:10)
    at TCP.onStreamRead (node:internal/stream_base_commons:199:23)
    --------------------
    at Protocol._enqueue (D:\MyNam\Documents\Code\study\Koa2\3-前后端\2-后端模块\koa2-project\node_modules\mysql\lib\protocol\Protocol.js:144:48)
    at PoolConnection.query (D:\MyNam\Documents\Code\study\Koa2\3-前后端\2-后端模块\koa2-project\node_modules\mysql\lib\Connection.js:198:25)
    at D:\MyNam\Documents\Code\study\Koa2\3-前后端\2-后端模块\koa2-project\utils\query.js:11:20
    at Handshake.onConnect (D:\MyNam\Documents\Code\study\Koa2\3-前后端\2-后端模块\koa2-project\node_modules\mysql\lib\Pool.js:64:7)
    at Handshake.<anonymous> (D:\MyNam\Documents\Code\study\Koa2\3-前后端\2-后端模块\koa2-project\node_modules\mysql\lib\Connection.js:526:10)
    at Handshake._callback (D:\MyNam\Documents\Code\study\Koa2\3-前后端\2-后端模块\koa2-project\node_modules\mysql\lib\Connection.js:488:16)
    at Handshake.Sequence.end (D:\MyNam\Documents\Code\study\Koa2\3-前后端\2-后端模块\koa2-project\node_modules\mysql\lib\protocol\sequences\Sequence.js:83:24)
    at Handshake.Sequence.OkPacket (D:\MyNam\Documents\Code\study\Koa2\3-前后端\2-后端模块\koa2-project\node_modules\mysql\lib\protocol\sequences\Sequence.js:92:8)
    at Protocol._parsePacket (D:\MyNam\Documents\Code\study\Koa2\3-前后端\2-后端模块\koa2-project\node_modules\mysql\lib\protocol\Protocol.js:291:23)
    at Parser._parsePacket (D:\MyNam\Documents\Code\study\Koa2\3-前后端\2-后端模块\koa2-project\node_modules\mysql\lib\protocol\Parser.js:433:10)
    at Parser.write (D:\MyNam\Documents\Code\study\Koa2\3-前后端\2-后端模块\koa2-project\node_modules\mysql\lib\protocol\Parser.js:43:10)
    at Protocol.write (D:\MyNam\Documents\Code\study\Koa2\3-前后端\2-后端模块\koa2-project\node_modules\mysql\lib\protocol\Protocol.js:38:16)
    at Socket.<anonymous> (D:\MyNam\Documents\Code\study\Koa2\3-前后端\2-后端模块\koa2-project\node_modules\mysql\lib\Connection.js:88:28)
    at Socket.<anonymous> (D:\MyNam\Documents\Code\study\Koa2\3-前后端\2-后端模块\koa2-project\node_modules\mysql\lib\Connection.js:526:10)
    at Socket.emit (node:events:390:28)
    at addChunk (node:internal/streams/readable:315:12) {
  code: 'ER_PARSE_ERROR',
  errno: 1064,
  sqlMessage: "You have an error in your SQL syntax; check the manual that corresponds to your MySQL server version for the right syntax to use near 'select FOUND_ROWS() as total' at line 1",
  sqlState: '42000',
  index: 0,
  sql: 'select * from user where is_delete="0";select FOUND_ROWS() as total;'
}
[2022-09-23T16:51:26.496] [ERROR] error - Error: ER_SP_DOES_NOT_EXIST: FUNCTION koa2.found_row does not exist
    at Query.Sequence._packetToError (D:\MyNam\Documents\Code\study\Koa2\3-前后端\2-后端模块\koa2-project\node_modules\mysql\lib\protocol\sequences\Sequence.js:47:14)
    at Query.ErrorPacket (D:\MyNam\Documents\Code\study\Koa2\3-前后端\2-后端模块\koa2-project\node_modules\mysql\lib\protocol\sequences\Query.js:79:18)
    at Protocol._parsePacket (D:\MyNam\Documents\Code\study\Koa2\3-前后端\2-后端模块\koa2-project\node_modules\mysql\lib\protocol\Protocol.js:291:23)
    at Parser._parsePacket (D:\MyNam\Documents\Code\study\Koa2\3-前后端\2-后端模块\koa2-project\node_modules\mysql\lib\protocol\Parser.js:433:10)
    at Parser.write (D:\MyNam\Documents\Code\study\Koa2\3-前后端\2-后端模块\koa2-project\node_modules\mysql\lib\protocol\Parser.js:43:10)
    at Protocol.write (D:\MyNam\Documents\Code\study\Koa2\3-前后端\2-后端模块\koa2-project\node_modules\mysql\lib\protocol\Protocol.js:38:16)
    at Socket.<anonymous> (D:\MyNam\Documents\Code\study\Koa2\3-前后端\2-后端模块\koa2-project\node_modules\mysql\lib\Connection.js:88:28)
    at Socket.<anonymous> (D:\MyNam\Documents\Code\study\Koa2\3-前后端\2-后端模块\koa2-project\node_modules\mysql\lib\Connection.js:526:10)
    at Socket.emit (node:events:390:28)
    at addChunk (node:internal/streams/readable:315:12)
    at readableAddChunk (node:internal/streams/readable:289:9)
    at Socket.Readable.push (node:internal/streams/readable:228:10)
    at TCP.onStreamRead (node:internal/stream_base_commons:199:23)
    --------------------
    at Protocol._enqueue (D:\MyNam\Documents\Code\study\Koa2\3-前后端\2-后端模块\koa2-project\node_modules\mysql\lib\protocol\Protocol.js:144:48)
    at PoolConnection.query (D:\MyNam\Documents\Code\study\Koa2\3-前后端\2-后端模块\koa2-project\node_modules\mysql\lib\Connection.js:198:25)
    at D:\MyNam\Documents\Code\study\Koa2\3-前后端\2-后端模块\koa2-project\utils\query.js:11:20
    at Handshake.onConnect (D:\MyNam\Documents\Code\study\Koa2\3-前后端\2-后端模块\koa2-project\node_modules\mysql\lib\Pool.js:64:7)
    at Handshake.<anonymous> (D:\MyNam\Documents\Code\study\Koa2\3-前后端\2-后端模块\koa2-project\node_modules\mysql\lib\Connection.js:526:10)
    at Handshake._callback (D:\MyNam\Documents\Code\study\Koa2\3-前后端\2-后端模块\koa2-project\node_modules\mysql\lib\Connection.js:488:16)
    at Handshake.Sequence.end (D:\MyNam\Documents\Code\study\Koa2\3-前后端\2-后端模块\koa2-project\node_modules\mysql\lib\protocol\sequences\Sequence.js:83:24)
    at Handshake.Sequence.OkPacket (D:\MyNam\Documents\Code\study\Koa2\3-前后端\2-后端模块\koa2-project\node_modules\mysql\lib\protocol\sequences\Sequence.js:92:8)
    at Protocol._parsePacket (D:\MyNam\Documents\Code\study\Koa2\3-前后端\2-后端模块\koa2-project\node_modules\mysql\lib\protocol\Protocol.js:291:23)
    at Parser._parsePacket (D:\MyNam\Documents\Code\study\Koa2\3-前后端\2-后端模块\koa2-project\node_modules\mysql\lib\protocol\Parser.js:433:10)
    at Parser.write (D:\MyNam\Documents\Code\study\Koa2\3-前后端\2-后端模块\koa2-project\node_modules\mysql\lib\protocol\Parser.js:43:10)
    at Protocol.write (D:\MyNam\Documents\Code\study\Koa2\3-前后端\2-后端模块\koa2-project\node_modules\mysql\lib\protocol\Protocol.js:38:16)
    at Socket.<anonymous> (D:\MyNam\Documents\Code\study\Koa2\3-前后端\2-后端模块\koa2-project\node_modules\mysql\lib\Connection.js:88:28)
    at Socket.<anonymous> (D:\MyNam\Documents\Code\study\Koa2\3-前后端\2-后端模块\koa2-project\node_modules\mysql\lib\Connection.js:526:10)
    at Socket.emit (node:events:390:28)
    at addChunk (node:internal/streams/readable:315:12) {
  code: 'ER_SP_DOES_NOT_EXIST',
  errno: 1305,
  sqlMessage: 'FUNCTION koa2.found_row does not exist',
  sqlState: '42000',
  index: 1,
  sql: 'select * from user where is_delete="0";select found_row() as total;'
}
[2022-09-23T16:59:49.742] [ERROR] error - ReferenceError: Cannot access 'total' before initialization
    at D:\MyNam\Documents\Code\study\Koa2\3-前后端\2-后端模块\koa2-project\routes\user.js:19:54
    at processTicksAndRejections (node:internal/process/task_queues:96:5)
    at async D:\MyNam\Documents\Code\study\Koa2\3-前后端\2-后端模块\koa2-project\routes\user.js:15:3
    at async D:\MyNam\Documents\Code\study\Koa2\3-前后端\2-后端模块\koa2-project\app.js:34:3
    at async serve (D:\MyNam\Documents\Code\study\Koa2\3-前后端\2-后端模块\koa2-project\node_modules\koa-static\index.js:53:9)
    at async logger (D:\MyNam\Documents\Code\study\Koa2\3-前后端\2-后端模块\koa2-project\node_modules\koa-logger\index.js:67:7)
    at async bodyParser (D:\MyNam\Documents\Code\study\Koa2\3-前后端\2-后端模块\koa2-project\node_modules\koa-bodyparser\index.js:95:5)
[2022-09-23T17:07:27.262] [ERROR] error - Error: ER_SP_UNDECLARED_VAR: Undeclared variable: NaN
    at Query.Sequence._packetToError (D:\MyNam\Documents\Code\study\Koa2\3-前后端\2-后端模块\koa2-project\node_modules\mysql\lib\protocol\sequences\Sequence.js:47:14)
    at Query.ErrorPacket (D:\MyNam\Documents\Code\study\Koa2\3-前后端\2-后端模块\koa2-project\node_modules\mysql\lib\protocol\sequences\Query.js:79:18)
    at Protocol._parsePacket (D:\MyNam\Documents\Code\study\Koa2\3-前后端\2-后端模块\koa2-project\node_modules\mysql\lib\protocol\Protocol.js:291:23)
    at Parser._parsePacket (D:\MyNam\Documents\Code\study\Koa2\3-前后端\2-后端模块\koa2-project\node_modules\mysql\lib\protocol\Parser.js:433:10)
    at Parser.write (D:\MyNam\Documents\Code\study\Koa2\3-前后端\2-后端模块\koa2-project\node_modules\mysql\lib\protocol\Parser.js:43:10)
    at Protocol.write (D:\MyNam\Documents\Code\study\Koa2\3-前后端\2-后端模块\koa2-project\node_modules\mysql\lib\protocol\Protocol.js:38:16)
    at Socket.<anonymous> (D:\MyNam\Documents\Code\study\Koa2\3-前后端\2-后端模块\koa2-project\node_modules\mysql\lib\Connection.js:88:28)
    at Socket.<anonymous> (D:\MyNam\Documents\Code\study\Koa2\3-前后端\2-后端模块\koa2-project\node_modules\mysql\lib\Connection.js:526:10)
    at Socket.emit (node:events:390:28)
    at addChunk (node:internal/streams/readable:315:12)
    at readableAddChunk (node:internal/streams/readable:289:9)
    at Socket.Readable.push (node:internal/streams/readable:228:10)
    at TCP.onStreamRead (node:internal/stream_base_commons:199:23)
    --------------------
    at Protocol._enqueue (D:\MyNam\Documents\Code\study\Koa2\3-前后端\2-后端模块\koa2-project\node_modules\mysql\lib\protocol\Protocol.js:144:48)
    at PoolConnection.query (D:\MyNam\Documents\Code\study\Koa2\3-前后端\2-后端模块\koa2-project\node_modules\mysql\lib\Connection.js:198:25)
    at D:\MyNam\Documents\Code\study\Koa2\3-前后端\2-后端模块\koa2-project\utils\query.js:11:20
    at Handshake.onConnect (D:\MyNam\Documents\Code\study\Koa2\3-前后端\2-后端模块\koa2-project\node_modules\mysql\lib\Pool.js:64:7)
    at Handshake.<anonymous> (D:\MyNam\Documents\Code\study\Koa2\3-前后端\2-后端模块\koa2-project\node_modules\mysql\lib\Connection.js:526:10)
    at Handshake._callback (D:\MyNam\Documents\Code\study\Koa2\3-前后端\2-后端模块\koa2-project\node_modules\mysql\lib\Connection.js:488:16)
    at Handshake.Sequence.end (D:\MyNam\Documents\Code\study\Koa2\3-前后端\2-后端模块\koa2-project\node_modules\mysql\lib\protocol\sequences\Sequence.js:83:24)
    at Handshake.Sequence.OkPacket (D:\MyNam\Documents\Code\study\Koa2\3-前后端\2-后端模块\koa2-project\node_modules\mysql\lib\protocol\sequences\Sequence.js:92:8)
    at Protocol._parsePacket (D:\MyNam\Documents\Code\study\Koa2\3-前后端\2-后端模块\koa2-project\node_modules\mysql\lib\protocol\Protocol.js:291:23)
    at Parser._parsePacket (D:\MyNam\Documents\Code\study\Koa2\3-前后端\2-后端模块\koa2-project\node_modules\mysql\lib\protocol\Parser.js:433:10)
    at Parser.write (D:\MyNam\Documents\Code\study\Koa2\3-前后端\2-后端模块\koa2-project\node_modules\mysql\lib\protocol\Parser.js:43:10)
    at Protocol.write (D:\MyNam\Documents\Code\study\Koa2\3-前后端\2-后端模块\koa2-project\node_modules\mysql\lib\protocol\Protocol.js:38:16)
    at Socket.<anonymous> (D:\MyNam\Documents\Code\study\Koa2\3-前后端\2-后端模块\koa2-project\node_modules\mysql\lib\Connection.js:88:28)
    at Socket.<anonymous> (D:\MyNam\Documents\Code\study\Koa2\3-前后端\2-后端模块\koa2-project\node_modules\mysql\lib\Connection.js:526:10)
    at Socket.emit (node:events:390:28)
    at addChunk (node:internal/streams/readable:315:12) {
  code: 'ER_SP_UNDECLARED_VAR',
  errno: 1327,
  sqlMessage: 'Undeclared variable: NaN',
  sqlState: '42000',
  index: 0,
  sql: "select * from user where is_delete='0' limit NaN,undefined;select found_rows() as total"
}
[2022-09-23T17:09:07.200] [ERROR] error - Error: ER_SP_UNDECLARED_VAR: Undeclared variable: NaN
    at Query.Sequence._packetToError (D:\MyNam\Documents\Code\study\Koa2\3-前后端\2-后端模块\koa2-project\node_modules\mysql\lib\protocol\sequences\Sequence.js:47:14)
    at Query.ErrorPacket (D:\MyNam\Documents\Code\study\Koa2\3-前后端\2-后端模块\koa2-project\node_modules\mysql\lib\protocol\sequences\Query.js:79:18)
    at Protocol._parsePacket (D:\MyNam\Documents\Code\study\Koa2\3-前后端\2-后端模块\koa2-project\node_modules\mysql\lib\protocol\Protocol.js:291:23)
    at Parser._parsePacket (D:\MyNam\Documents\Code\study\Koa2\3-前后端\2-后端模块\koa2-project\node_modules\mysql\lib\protocol\Parser.js:433:10)
    at Parser.write (D:\MyNam\Documents\Code\study\Koa2\3-前后端\2-后端模块\koa2-project\node_modules\mysql\lib\protocol\Parser.js:43:10)
    at Protocol.write (D:\MyNam\Documents\Code\study\Koa2\3-前后端\2-后端模块\koa2-project\node_modules\mysql\lib\protocol\Protocol.js:38:16)
    at Socket.<anonymous> (D:\MyNam\Documents\Code\study\Koa2\3-前后端\2-后端模块\koa2-project\node_modules\mysql\lib\Connection.js:88:28)
    at Socket.<anonymous> (D:\MyNam\Documents\Code\study\Koa2\3-前后端\2-后端模块\koa2-project\node_modules\mysql\lib\Connection.js:526:10)
    at Socket.emit (node:events:390:28)
    at addChunk (node:internal/streams/readable:315:12)
    at readableAddChunk (node:internal/streams/readable:289:9)
    at Socket.Readable.push (node:internal/streams/readable:228:10)
    at TCP.onStreamRead (node:internal/stream_base_commons:199:23)
    --------------------
    at Protocol._enqueue (D:\MyNam\Documents\Code\study\Koa2\3-前后端\2-后端模块\koa2-project\node_modules\mysql\lib\protocol\Protocol.js:144:48)
    at PoolConnection.query (D:\MyNam\Documents\Code\study\Koa2\3-前后端\2-后端模块\koa2-project\node_modules\mysql\lib\Connection.js:198:25)
    at D:\MyNam\Documents\Code\study\Koa2\3-前后端\2-后端模块\koa2-project\utils\query.js:11:20
    at Handshake.onConnect (D:\MyNam\Documents\Code\study\Koa2\3-前后端\2-后端模块\koa2-project\node_modules\mysql\lib\Pool.js:64:7)
    at Handshake.<anonymous> (D:\MyNam\Documents\Code\study\Koa2\3-前后端\2-后端模块\koa2-project\node_modules\mysql\lib\Connection.js:526:10)
    at Handshake._callback (D:\MyNam\Documents\Code\study\Koa2\3-前后端\2-后端模块\koa2-project\node_modules\mysql\lib\Connection.js:488:16)
    at Handshake.Sequence.end (D:\MyNam\Documents\Code\study\Koa2\3-前后端\2-后端模块\koa2-project\node_modules\mysql\lib\protocol\sequences\Sequence.js:83:24)
    at Handshake.Sequence.OkPacket (D:\MyNam\Documents\Code\study\Koa2\3-前后端\2-后端模块\koa2-project\node_modules\mysql\lib\protocol\sequences\Sequence.js:92:8)
    at Protocol._parsePacket (D:\MyNam\Documents\Code\study\Koa2\3-前后端\2-后端模块\koa2-project\node_modules\mysql\lib\protocol\Protocol.js:291:23)
    at Parser._parsePacket (D:\MyNam\Documents\Code\study\Koa2\3-前后端\2-后端模块\koa2-project\node_modules\mysql\lib\protocol\Parser.js:433:10)
    at Parser.write (D:\MyNam\Documents\Code\study\Koa2\3-前后端\2-后端模块\koa2-project\node_modules\mysql\lib\protocol\Parser.js:43:10)
    at Protocol.write (D:\MyNam\Documents\Code\study\Koa2\3-前后端\2-后端模块\koa2-project\node_modules\mysql\lib\protocol\Protocol.js:38:16)
    at Socket.<anonymous> (D:\MyNam\Documents\Code\study\Koa2\3-前后端\2-后端模块\koa2-project\node_modules\mysql\lib\Connection.js:88:28)
    at Socket.<anonymous> (D:\MyNam\Documents\Code\study\Koa2\3-前后端\2-后端模块\koa2-project\node_modules\mysql\lib\Connection.js:526:10)
    at Socket.emit (node:events:390:28)
    at addChunk (node:internal/streams/readable:315:12) {
  code: 'ER_SP_UNDECLARED_VAR',
  errno: 1327,
  sqlMessage: 'Undeclared variable: NaN',
  sqlState: '42000',
  index: 0,
  sql: "select * from user where is_delete='0' limit NaN,undefined;select found_rows() as total"
}
[2022-09-23T17:10:27.468] [ERROR] error - Error: ER_SP_UNDECLARED_VAR: Undeclared variable: NaN
    at Query.Sequence._packetToError (D:\MyNam\Documents\Code\study\Koa2\3-前后端\2-后端模块\koa2-project\node_modules\mysql\lib\protocol\sequences\Sequence.js:47:14)
    at Query.ErrorPacket (D:\MyNam\Documents\Code\study\Koa2\3-前后端\2-后端模块\koa2-project\node_modules\mysql\lib\protocol\sequences\Query.js:79:18)
    at Protocol._parsePacket (D:\MyNam\Documents\Code\study\Koa2\3-前后端\2-后端模块\koa2-project\node_modules\mysql\lib\protocol\Protocol.js:291:23)
    at Parser._parsePacket (D:\MyNam\Documents\Code\study\Koa2\3-前后端\2-后端模块\koa2-project\node_modules\mysql\lib\protocol\Parser.js:433:10)
    at Parser.write (D:\MyNam\Documents\Code\study\Koa2\3-前后端\2-后端模块\koa2-project\node_modules\mysql\lib\protocol\Parser.js:43:10)
    at Protocol.write (D:\MyNam\Documents\Code\study\Koa2\3-前后端\2-后端模块\koa2-project\node_modules\mysql\lib\protocol\Protocol.js:38:16)
    at Socket.<anonymous> (D:\MyNam\Documents\Code\study\Koa2\3-前后端\2-后端模块\koa2-project\node_modules\mysql\lib\Connection.js:88:28)
    at Socket.<anonymous> (D:\MyNam\Documents\Code\study\Koa2\3-前后端\2-后端模块\koa2-project\node_modules\mysql\lib\Connection.js:526:10)
    at Socket.emit (node:events:390:28)
    at addChunk (node:internal/streams/readable:315:12)
    at readableAddChunk (node:internal/streams/readable:289:9)
    at Socket.Readable.push (node:internal/streams/readable:228:10)
    at TCP.onStreamRead (node:internal/stream_base_commons:199:23)
    --------------------
    at Protocol._enqueue (D:\MyNam\Documents\Code\study\Koa2\3-前后端\2-后端模块\koa2-project\node_modules\mysql\lib\protocol\Protocol.js:144:48)
    at PoolConnection.query (D:\MyNam\Documents\Code\study\Koa2\3-前后端\2-后端模块\koa2-project\node_modules\mysql\lib\Connection.js:198:25)
    at D:\MyNam\Documents\Code\study\Koa2\3-前后端\2-后端模块\koa2-project\utils\query.js:11:20
    at Ping.onOperationComplete (D:\MyNam\Documents\Code\study\Koa2\3-前后端\2-后端模块\koa2-project\node_modules\mysql\lib\Pool.js:110:5)
    at Ping.<anonymous> (D:\MyNam\Documents\Code\study\Koa2\3-前后端\2-后端模块\koa2-project\node_modules\mysql\lib\Connection.js:526:10)
    at Ping._callback (D:\MyNam\Documents\Code\study\Koa2\3-前后端\2-后端模块\koa2-project\node_modules\mysql\lib\Connection.js:488:16)
    at Ping.Sequence.end (D:\MyNam\Documents\Code\study\Koa2\3-前后端\2-后端模块\koa2-project\node_modules\mysql\lib\protocol\sequences\Sequence.js:83:24)
    at Ping.Sequence.OkPacket (D:\MyNam\Documents\Code\study\Koa2\3-前后端\2-后端模块\koa2-project\node_modules\mysql\lib\protocol\sequences\Sequence.js:92:8)
    at Protocol._parsePacket (D:\MyNam\Documents\Code\study\Koa2\3-前后端\2-后端模块\koa2-project\node_modules\mysql\lib\protocol\Protocol.js:291:23)
    at Parser._parsePacket (D:\MyNam\Documents\Code\study\Koa2\3-前后端\2-后端模块\koa2-project\node_modules\mysql\lib\protocol\Parser.js:433:10)
    at Parser.write (D:\MyNam\Documents\Code\study\Koa2\3-前后端\2-后端模块\koa2-project\node_modules\mysql\lib\protocol\Parser.js:43:10)
    at Protocol.write (D:\MyNam\Documents\Code\study\Koa2\3-前后端\2-后端模块\koa2-project\node_modules\mysql\lib\protocol\Protocol.js:38:16)
    at Socket.<anonymous> (D:\MyNam\Documents\Code\study\Koa2\3-前后端\2-后端模块\koa2-project\node_modules\mysql\lib\Connection.js:88:28)
    at Socket.<anonymous> (D:\MyNam\Documents\Code\study\Koa2\3-前后端\2-后端模块\koa2-project\node_modules\mysql\lib\Connection.js:526:10)
    at Socket.emit (node:events:390:28)
    at addChunk (node:internal/streams/readable:315:12) {
  code: 'ER_SP_UNDECLARED_VAR',
  errno: 1327,
  sqlMessage: 'Undeclared variable: NaN',
  sqlState: '42000',
  index: 0,
  sql: "select * from user where is_delete='0' limit NaN,undefined;select found_rows() as total"
}
[2022-09-23T17:14:21.080] [ERROR] error - Error: ER_SP_UNDECLARED_VAR: Undeclared variable: NaN
    at Query.Sequence._packetToError (D:\MyNam\Documents\Code\study\Koa2\3-前后端\2-后端模块\koa2-project\node_modules\mysql\lib\protocol\sequences\Sequence.js:47:14)
    at Query.ErrorPacket (D:\MyNam\Documents\Code\study\Koa2\3-前后端\2-后端模块\koa2-project\node_modules\mysql\lib\protocol\sequences\Query.js:79:18)
    at Protocol._parsePacket (D:\MyNam\Documents\Code\study\Koa2\3-前后端\2-后端模块\koa2-project\node_modules\mysql\lib\protocol\Protocol.js:291:23)
    at Parser._parsePacket (D:\MyNam\Documents\Code\study\Koa2\3-前后端\2-后端模块\koa2-project\node_modules\mysql\lib\protocol\Parser.js:433:10)
    at Parser.write (D:\MyNam\Documents\Code\study\Koa2\3-前后端\2-后端模块\koa2-project\node_modules\mysql\lib\protocol\Parser.js:43:10)
    at Protocol.write (D:\MyNam\Documents\Code\study\Koa2\3-前后端\2-后端模块\koa2-project\node_modules\mysql\lib\protocol\Protocol.js:38:16)
    at Socket.<anonymous> (D:\MyNam\Documents\Code\study\Koa2\3-前后端\2-后端模块\koa2-project\node_modules\mysql\lib\Connection.js:88:28)
    at Socket.<anonymous> (D:\MyNam\Documents\Code\study\Koa2\3-前后端\2-后端模块\koa2-project\node_modules\mysql\lib\Connection.js:526:10)
    at Socket.emit (node:events:390:28)
    at addChunk (node:internal/streams/readable:315:12)
    at readableAddChunk (node:internal/streams/readable:289:9)
    at Socket.Readable.push (node:internal/streams/readable:228:10)
    at TCP.onStreamRead (node:internal/stream_base_commons:199:23)
    --------------------
    at Protocol._enqueue (D:\MyNam\Documents\Code\study\Koa2\3-前后端\2-后端模块\koa2-project\node_modules\mysql\lib\protocol\Protocol.js:144:48)
    at PoolConnection.query (D:\MyNam\Documents\Code\study\Koa2\3-前后端\2-后端模块\koa2-project\node_modules\mysql\lib\Connection.js:198:25)
    at D:\MyNam\Documents\Code\study\Koa2\3-前后端\2-后端模块\koa2-project\utils\query.js:11:20
    at Handshake.onConnect (D:\MyNam\Documents\Code\study\Koa2\3-前后端\2-后端模块\koa2-project\node_modules\mysql\lib\Pool.js:64:7)
    at Handshake.<anonymous> (D:\MyNam\Documents\Code\study\Koa2\3-前后端\2-后端模块\koa2-project\node_modules\mysql\lib\Connection.js:526:10)
    at Handshake._callback (D:\MyNam\Documents\Code\study\Koa2\3-前后端\2-后端模块\koa2-project\node_modules\mysql\lib\Connection.js:488:16)
    at Handshake.Sequence.end (D:\MyNam\Documents\Code\study\Koa2\3-前后端\2-后端模块\koa2-project\node_modules\mysql\lib\protocol\sequences\Sequence.js:83:24)
    at Handshake.Sequence.OkPacket (D:\MyNam\Documents\Code\study\Koa2\3-前后端\2-后端模块\koa2-project\node_modules\mysql\lib\protocol\sequences\Sequence.js:92:8)
    at Protocol._parsePacket (D:\MyNam\Documents\Code\study\Koa2\3-前后端\2-后端模块\koa2-project\node_modules\mysql\lib\protocol\Protocol.js:291:23)
    at Parser._parsePacket (D:\MyNam\Documents\Code\study\Koa2\3-前后端\2-后端模块\koa2-project\node_modules\mysql\lib\protocol\Parser.js:433:10)
    at Parser.write (D:\MyNam\Documents\Code\study\Koa2\3-前后端\2-后端模块\koa2-project\node_modules\mysql\lib\protocol\Parser.js:43:10)
    at Protocol.write (D:\MyNam\Documents\Code\study\Koa2\3-前后端\2-后端模块\koa2-project\node_modules\mysql\lib\protocol\Protocol.js:38:16)
    at Socket.<anonymous> (D:\MyNam\Documents\Code\study\Koa2\3-前后端\2-后端模块\koa2-project\node_modules\mysql\lib\Connection.js:88:28)
    at Socket.<anonymous> (D:\MyNam\Documents\Code\study\Koa2\3-前后端\2-后端模块\koa2-project\node_modules\mysql\lib\Connection.js:526:10)
    at Socket.emit (node:events:390:28)
    at addChunk (node:internal/streams/readable:315:12) {
  code: 'ER_SP_UNDECLARED_VAR',
  errno: 1327,
  sqlMessage: 'Undeclared variable: NaN',
  sqlState: '42000',
  index: 0,
  sql: "select * from user where is_delete='0' limit NaN,undefined;select found_rows() as total"
}
[2022-09-23T17:14:56.319] [ERROR] error - Error: ER_SP_UNDECLARED_VAR: Undeclared variable: NaN
    at Query.Sequence._packetToError (D:\MyNam\Documents\Code\study\Koa2\3-前后端\2-后端模块\koa2-project\node_modules\mysql\lib\protocol\sequences\Sequence.js:47:14)
    at Query.ErrorPacket (D:\MyNam\Documents\Code\study\Koa2\3-前后端\2-后端模块\koa2-project\node_modules\mysql\lib\protocol\sequences\Query.js:79:18)
    at Protocol._parsePacket (D:\MyNam\Documents\Code\study\Koa2\3-前后端\2-后端模块\koa2-project\node_modules\mysql\lib\protocol\Protocol.js:291:23)
    at Parser._parsePacket (D:\MyNam\Documents\Code\study\Koa2\3-前后端\2-后端模块\koa2-project\node_modules\mysql\lib\protocol\Parser.js:433:10)
    at Parser.write (D:\MyNam\Documents\Code\study\Koa2\3-前后端\2-后端模块\koa2-project\node_modules\mysql\lib\protocol\Parser.js:43:10)
    at Protocol.write (D:\MyNam\Documents\Code\study\Koa2\3-前后端\2-后端模块\koa2-project\node_modules\mysql\lib\protocol\Protocol.js:38:16)
    at Socket.<anonymous> (D:\MyNam\Documents\Code\study\Koa2\3-前后端\2-后端模块\koa2-project\node_modules\mysql\lib\Connection.js:88:28)
    at Socket.<anonymous> (D:\MyNam\Documents\Code\study\Koa2\3-前后端\2-后端模块\koa2-project\node_modules\mysql\lib\Connection.js:526:10)
    at Socket.emit (node:events:390:28)
    at addChunk (node:internal/streams/readable:315:12)
    at readableAddChunk (node:internal/streams/readable:289:9)
    at Socket.Readable.push (node:internal/streams/readable:228:10)
    at TCP.onStreamRead (node:internal/stream_base_commons:199:23)
    --------------------
    at Protocol._enqueue (D:\MyNam\Documents\Code\study\Koa2\3-前后端\2-后端模块\koa2-project\node_modules\mysql\lib\protocol\Protocol.js:144:48)
    at PoolConnection.query (D:\MyNam\Documents\Code\study\Koa2\3-前后端\2-后端模块\koa2-project\node_modules\mysql\lib\Connection.js:198:25)
    at D:\MyNam\Documents\Code\study\Koa2\3-前后端\2-后端模块\koa2-project\utils\query.js:11:20
    at Handshake.onConnect (D:\MyNam\Documents\Code\study\Koa2\3-前后端\2-后端模块\koa2-project\node_modules\mysql\lib\Pool.js:64:7)
    at Handshake.<anonymous> (D:\MyNam\Documents\Code\study\Koa2\3-前后端\2-后端模块\koa2-project\node_modules\mysql\lib\Connection.js:526:10)
    at Handshake._callback (D:\MyNam\Documents\Code\study\Koa2\3-前后端\2-后端模块\koa2-project\node_modules\mysql\lib\Connection.js:488:16)
    at Handshake.Sequence.end (D:\MyNam\Documents\Code\study\Koa2\3-前后端\2-后端模块\koa2-project\node_modules\mysql\lib\protocol\sequences\Sequence.js:83:24)
    at Handshake.Sequence.OkPacket (D:\MyNam\Documents\Code\study\Koa2\3-前后端\2-后端模块\koa2-project\node_modules\mysql\lib\protocol\sequences\Sequence.js:92:8)
    at Protocol._parsePacket (D:\MyNam\Documents\Code\study\Koa2\3-前后端\2-后端模块\koa2-project\node_modules\mysql\lib\protocol\Protocol.js:291:23)
    at Parser._parsePacket (D:\MyNam\Documents\Code\study\Koa2\3-前后端\2-后端模块\koa2-project\node_modules\mysql\lib\protocol\Parser.js:433:10)
    at Parser.write (D:\MyNam\Documents\Code\study\Koa2\3-前后端\2-后端模块\koa2-project\node_modules\mysql\lib\protocol\Parser.js:43:10)
    at Protocol.write (D:\MyNam\Documents\Code\study\Koa2\3-前后端\2-后端模块\koa2-project\node_modules\mysql\lib\protocol\Protocol.js:38:16)
    at Socket.<anonymous> (D:\MyNam\Documents\Code\study\Koa2\3-前后端\2-后端模块\koa2-project\node_modules\mysql\lib\Connection.js:88:28)
    at Socket.<anonymous> (D:\MyNam\Documents\Code\study\Koa2\3-前后端\2-后端模块\koa2-project\node_modules\mysql\lib\Connection.js:526:10)
    at Socket.emit (node:events:390:28)
    at addChunk (node:internal/streams/readable:315:12) {
  code: 'ER_SP_UNDECLARED_VAR',
  errno: 1327,
  sqlMessage: 'Undeclared variable: NaN',
  sqlState: '42000',
  index: 0,
  sql: "select * from user where is_delete='0' limit NaN,undefined;select found_rows() as total"
}
[2022-09-23T17:17:27.978] [ERROR] error - Error: ER_SP_UNDECLARED_VAR: Undeclared variable: NaN
    at Query.Sequence._packetToError (D:\MyNam\Documents\Code\study\Koa2\3-前后端\2-后端模块\koa2-project\node_modules\mysql\lib\protocol\sequences\Sequence.js:47:14)
    at Query.ErrorPacket (D:\MyNam\Documents\Code\study\Koa2\3-前后端\2-后端模块\koa2-project\node_modules\mysql\lib\protocol\sequences\Query.js:79:18)
    at Protocol._parsePacket (D:\MyNam\Documents\Code\study\Koa2\3-前后端\2-后端模块\koa2-project\node_modules\mysql\lib\protocol\Protocol.js:291:23)
    at Parser._parsePacket (D:\MyNam\Documents\Code\study\Koa2\3-前后端\2-后端模块\koa2-project\node_modules\mysql\lib\protocol\Parser.js:433:10)
    at Parser.write (D:\MyNam\Documents\Code\study\Koa2\3-前后端\2-后端模块\koa2-project\node_modules\mysql\lib\protocol\Parser.js:43:10)
    at Protocol.write (D:\MyNam\Documents\Code\study\Koa2\3-前后端\2-后端模块\koa2-project\node_modules\mysql\lib\protocol\Protocol.js:38:16)
    at Socket.<anonymous> (D:\MyNam\Documents\Code\study\Koa2\3-前后端\2-后端模块\koa2-project\node_modules\mysql\lib\Connection.js:88:28)
    at Socket.<anonymous> (D:\MyNam\Documents\Code\study\Koa2\3-前后端\2-后端模块\koa2-project\node_modules\mysql\lib\Connection.js:526:10)
    at Socket.emit (node:events:390:28)
    at addChunk (node:internal/streams/readable:315:12)
    at readableAddChunk (node:internal/streams/readable:289:9)
    at Socket.Readable.push (node:internal/streams/readable:228:10)
    at TCP.onStreamRead (node:internal/stream_base_commons:199:23)
    --------------------
    at Protocol._enqueue (D:\MyNam\Documents\Code\study\Koa2\3-前后端\2-后端模块\koa2-project\node_modules\mysql\lib\protocol\Protocol.js:144:48)
    at PoolConnection.query (D:\MyNam\Documents\Code\study\Koa2\3-前后端\2-后端模块\koa2-project\node_modules\mysql\lib\Connection.js:198:25)
    at D:\MyNam\Documents\Code\study\Koa2\3-前后端\2-后端模块\koa2-project\utils\query.js:11:20
    at Ping.onOperationComplete (D:\MyNam\Documents\Code\study\Koa2\3-前后端\2-后端模块\koa2-project\node_modules\mysql\lib\Pool.js:110:5)
    at Ping.<anonymous> (D:\MyNam\Documents\Code\study\Koa2\3-前后端\2-后端模块\koa2-project\node_modules\mysql\lib\Connection.js:526:10)
    at Ping._callback (D:\MyNam\Documents\Code\study\Koa2\3-前后端\2-后端模块\koa2-project\node_modules\mysql\lib\Connection.js:488:16)
    at Ping.Sequence.end (D:\MyNam\Documents\Code\study\Koa2\3-前后端\2-后端模块\koa2-project\node_modules\mysql\lib\protocol\sequences\Sequence.js:83:24)
    at Ping.Sequence.OkPacket (D:\MyNam\Documents\Code\study\Koa2\3-前后端\2-后端模块\koa2-project\node_modules\mysql\lib\protocol\sequences\Sequence.js:92:8)
    at Protocol._parsePacket (D:\MyNam\Documents\Code\study\Koa2\3-前后端\2-后端模块\koa2-project\node_modules\mysql\lib\protocol\Protocol.js:291:23)
    at Parser._parsePacket (D:\MyNam\Documents\Code\study\Koa2\3-前后端\2-后端模块\koa2-project\node_modules\mysql\lib\protocol\Parser.js:433:10)
    at Parser.write (D:\MyNam\Documents\Code\study\Koa2\3-前后端\2-后端模块\koa2-project\node_modules\mysql\lib\protocol\Parser.js:43:10)
    at Protocol.write (D:\MyNam\Documents\Code\study\Koa2\3-前后端\2-后端模块\koa2-project\node_modules\mysql\lib\protocol\Protocol.js:38:16)
    at Socket.<anonymous> (D:\MyNam\Documents\Code\study\Koa2\3-前后端\2-后端模块\koa2-project\node_modules\mysql\lib\Connection.js:88:28)
    at Socket.<anonymous> (D:\MyNam\Documents\Code\study\Koa2\3-前后端\2-后端模块\koa2-project\node_modules\mysql\lib\Connection.js:526:10)
    at Socket.emit (node:events:390:28)
    at addChunk (node:internal/streams/readable:315:12) {
  code: 'ER_SP_UNDECLARED_VAR',
  errno: 1327,
  sqlMessage: 'Undeclared variable: NaN',
  sqlState: '42000',
  index: 0,
  sql: "select * from user where is_delete='0' limit NaN,undefined;select found_rows() as total"
}
[2022-09-23T17:18:04.604] [ERROR] error - Error: ER_SP_UNDECLARED_VAR: Undeclared variable: NaN
    at Query.Sequence._packetToError (D:\MyNam\Documents\Code\study\Koa2\3-前后端\2-后端模块\koa2-project\node_modules\mysql\lib\protocol\sequences\Sequence.js:47:14)
    at Query.ErrorPacket (D:\MyNam\Documents\Code\study\Koa2\3-前后端\2-后端模块\koa2-project\node_modules\mysql\lib\protocol\sequences\Query.js:79:18)
    at Protocol._parsePacket (D:\MyNam\Documents\Code\study\Koa2\3-前后端\2-后端模块\koa2-project\node_modules\mysql\lib\protocol\Protocol.js:291:23)
    at Parser._parsePacket (D:\MyNam\Documents\Code\study\Koa2\3-前后端\2-后端模块\koa2-project\node_modules\mysql\lib\protocol\Parser.js:433:10)
    at Parser.write (D:\MyNam\Documents\Code\study\Koa2\3-前后端\2-后端模块\koa2-project\node_modules\mysql\lib\protocol\Parser.js:43:10)
    at Protocol.write (D:\MyNam\Documents\Code\study\Koa2\3-前后端\2-后端模块\koa2-project\node_modules\mysql\lib\protocol\Protocol.js:38:16)
    at Socket.<anonymous> (D:\MyNam\Documents\Code\study\Koa2\3-前后端\2-后端模块\koa2-project\node_modules\mysql\lib\Connection.js:88:28)
    at Socket.<anonymous> (D:\MyNam\Documents\Code\study\Koa2\3-前后端\2-后端模块\koa2-project\node_modules\mysql\lib\Connection.js:526:10)
    at Socket.emit (node:events:390:28)
    at addChunk (node:internal/streams/readable:315:12)
    at readableAddChunk (node:internal/streams/readable:289:9)
    at Socket.Readable.push (node:internal/streams/readable:228:10)
    at TCP.onStreamRead (node:internal/stream_base_commons:199:23)
    --------------------
    at Protocol._enqueue (D:\MyNam\Documents\Code\study\Koa2\3-前后端\2-后端模块\koa2-project\node_modules\mysql\lib\protocol\Protocol.js:144:48)
    at PoolConnection.query (D:\MyNam\Documents\Code\study\Koa2\3-前后端\2-后端模块\koa2-project\node_modules\mysql\lib\Connection.js:198:25)
    at D:\MyNam\Documents\Code\study\Koa2\3-前后端\2-后端模块\koa2-project\utils\query.js:11:20
    at Handshake.onConnect (D:\MyNam\Documents\Code\study\Koa2\3-前后端\2-后端模块\koa2-project\node_modules\mysql\lib\Pool.js:64:7)
    at Handshake.<anonymous> (D:\MyNam\Documents\Code\study\Koa2\3-前后端\2-后端模块\koa2-project\node_modules\mysql\lib\Connection.js:526:10)
    at Handshake._callback (D:\MyNam\Documents\Code\study\Koa2\3-前后端\2-后端模块\koa2-project\node_modules\mysql\lib\Connection.js:488:16)
    at Handshake.Sequence.end (D:\MyNam\Documents\Code\study\Koa2\3-前后端\2-后端模块\koa2-project\node_modules\mysql\lib\protocol\sequences\Sequence.js:83:24)
    at Handshake.Sequence.OkPacket (D:\MyNam\Documents\Code\study\Koa2\3-前后端\2-后端模块\koa2-project\node_modules\mysql\lib\protocol\sequences\Sequence.js:92:8)
    at Protocol._parsePacket (D:\MyNam\Documents\Code\study\Koa2\3-前后端\2-后端模块\koa2-project\node_modules\mysql\lib\protocol\Protocol.js:291:23)
    at Parser._parsePacket (D:\MyNam\Documents\Code\study\Koa2\3-前后端\2-后端模块\koa2-project\node_modules\mysql\lib\protocol\Parser.js:433:10)
    at Parser.write (D:\MyNam\Documents\Code\study\Koa2\3-前后端\2-后端模块\koa2-project\node_modules\mysql\lib\protocol\Parser.js:43:10)
    at Protocol.write (D:\MyNam\Documents\Code\study\Koa2\3-前后端\2-后端模块\koa2-project\node_modules\mysql\lib\protocol\Protocol.js:38:16)
    at Socket.<anonymous> (D:\MyNam\Documents\Code\study\Koa2\3-前后端\2-后端模块\koa2-project\node_modules\mysql\lib\Connection.js:88:28)
    at Socket.<anonymous> (D:\MyNam\Documents\Code\study\Koa2\3-前后端\2-后端模块\koa2-project\node_modules\mysql\lib\Connection.js:526:10)
    at Socket.emit (node:events:390:28)
    at addChunk (node:internal/streams/readable:315:12) {
  code: 'ER_SP_UNDECLARED_VAR',
  errno: 1327,
  sqlMessage: 'Undeclared variable: NaN',
  sqlState: '42000',
  index: 0,
  sql: "select * from user where is_delete='0' limit NaN,undefined;select found_rows() as total"
}
[2022-09-23T17:19:36.670] [ERROR] error - Error: ER_SP_UNDECLARED_VAR: Undeclared variable: NaN
    at Query.Sequence._packetToError (D:\MyNam\Documents\Code\study\Koa2\3-前后端\2-后端模块\koa2-project\node_modules\mysql\lib\protocol\sequences\Sequence.js:47:14)
    at Query.ErrorPacket (D:\MyNam\Documents\Code\study\Koa2\3-前后端\2-后端模块\koa2-project\node_modules\mysql\lib\protocol\sequences\Query.js:79:18)
    at Protocol._parsePacket (D:\MyNam\Documents\Code\study\Koa2\3-前后端\2-后端模块\koa2-project\node_modules\mysql\lib\protocol\Protocol.js:291:23)
    at Parser._parsePacket (D:\MyNam\Documents\Code\study\Koa2\3-前后端\2-后端模块\koa2-project\node_modules\mysql\lib\protocol\Parser.js:433:10)
    at Parser.write (D:\MyNam\Documents\Code\study\Koa2\3-前后端\2-后端模块\koa2-project\node_modules\mysql\lib\protocol\Parser.js:43:10)
    at Protocol.write (D:\MyNam\Documents\Code\study\Koa2\3-前后端\2-后端模块\koa2-project\node_modules\mysql\lib\protocol\Protocol.js:38:16)
    at Socket.<anonymous> (D:\MyNam\Documents\Code\study\Koa2\3-前后端\2-后端模块\koa2-project\node_modules\mysql\lib\Connection.js:88:28)
    at Socket.<anonymous> (D:\MyNam\Documents\Code\study\Koa2\3-前后端\2-后端模块\koa2-project\node_modules\mysql\lib\Connection.js:526:10)
    at Socket.emit (node:events:390:28)
    at addChunk (node:internal/streams/readable:315:12)
    at readableAddChunk (node:internal/streams/readable:289:9)
    at Socket.Readable.push (node:internal/streams/readable:228:10)
    at TCP.onStreamRead (node:internal/stream_base_commons:199:23)
    --------------------
    at Protocol._enqueue (D:\MyNam\Documents\Code\study\Koa2\3-前后端\2-后端模块\koa2-project\node_modules\mysql\lib\protocol\Protocol.js:144:48)
    at PoolConnection.query (D:\MyNam\Documents\Code\study\Koa2\3-前后端\2-后端模块\koa2-project\node_modules\mysql\lib\Connection.js:198:25)
    at D:\MyNam\Documents\Code\study\Koa2\3-前后端\2-后端模块\koa2-project\utils\query.js:11:20
    at Handshake.onConnect (D:\MyNam\Documents\Code\study\Koa2\3-前后端\2-后端模块\koa2-project\node_modules\mysql\lib\Pool.js:64:7)
    at Handshake.<anonymous> (D:\MyNam\Documents\Code\study\Koa2\3-前后端\2-后端模块\koa2-project\node_modules\mysql\lib\Connection.js:526:10)
    at Handshake._callback (D:\MyNam\Documents\Code\study\Koa2\3-前后端\2-后端模块\koa2-project\node_modules\mysql\lib\Connection.js:488:16)
    at Handshake.Sequence.end (D:\MyNam\Documents\Code\study\Koa2\3-前后端\2-后端模块\koa2-project\node_modules\mysql\lib\protocol\sequences\Sequence.js:83:24)
    at Handshake.Sequence.OkPacket (D:\MyNam\Documents\Code\study\Koa2\3-前后端\2-后端模块\koa2-project\node_modules\mysql\lib\protocol\sequences\Sequence.js:92:8)
    at Protocol._parsePacket (D:\MyNam\Documents\Code\study\Koa2\3-前后端\2-后端模块\koa2-project\node_modules\mysql\lib\protocol\Protocol.js:291:23)
    at Parser._parsePacket (D:\MyNam\Documents\Code\study\Koa2\3-前后端\2-后端模块\koa2-project\node_modules\mysql\lib\protocol\Parser.js:433:10)
    at Parser.write (D:\MyNam\Documents\Code\study\Koa2\3-前后端\2-后端模块\koa2-project\node_modules\mysql\lib\protocol\Parser.js:43:10)
    at Protocol.write (D:\MyNam\Documents\Code\study\Koa2\3-前后端\2-后端模块\koa2-project\node_modules\mysql\lib\protocol\Protocol.js:38:16)
    at Socket.<anonymous> (D:\MyNam\Documents\Code\study\Koa2\3-前后端\2-后端模块\koa2-project\node_modules\mysql\lib\Connection.js:88:28)
    at Socket.<anonymous> (D:\MyNam\Documents\Code\study\Koa2\3-前后端\2-后端模块\koa2-project\node_modules\mysql\lib\Connection.js:526:10)
    at Socket.emit (node:events:390:28)
    at addChunk (node:internal/streams/readable:315:12) {
  code: 'ER_SP_UNDECLARED_VAR',
  errno: 1327,
  sqlMessage: 'Undeclared variable: NaN',
  sqlState: '42000',
  index: 0,
  sql: "select * from user where is_delete='0' limit NaN,undefined;select found_rows() as total"
}
[2022-09-23T17:19:40.118] [ERROR] error - Error: ER_SP_UNDECLARED_VAR: Undeclared variable: NaN
    at Query.Sequence._packetToError (D:\MyNam\Documents\Code\study\Koa2\3-前后端\2-后端模块\koa2-project\node_modules\mysql\lib\protocol\sequences\Sequence.js:47:14)
    at Query.ErrorPacket (D:\MyNam\Documents\Code\study\Koa2\3-前后端\2-后端模块\koa2-project\node_modules\mysql\lib\protocol\sequences\Query.js:79:18)
    at Protocol._parsePacket (D:\MyNam\Documents\Code\study\Koa2\3-前后端\2-后端模块\koa2-project\node_modules\mysql\lib\protocol\Protocol.js:291:23)
    at Parser._parsePacket (D:\MyNam\Documents\Code\study\Koa2\3-前后端\2-后端模块\koa2-project\node_modules\mysql\lib\protocol\Parser.js:433:10)
    at Parser.write (D:\MyNam\Documents\Code\study\Koa2\3-前后端\2-后端模块\koa2-project\node_modules\mysql\lib\protocol\Parser.js:43:10)
    at Protocol.write (D:\MyNam\Documents\Code\study\Koa2\3-前后端\2-后端模块\koa2-project\node_modules\mysql\lib\protocol\Protocol.js:38:16)
    at Socket.<anonymous> (D:\MyNam\Documents\Code\study\Koa2\3-前后端\2-后端模块\koa2-project\node_modules\mysql\lib\Connection.js:88:28)
    at Socket.<anonymous> (D:\MyNam\Documents\Code\study\Koa2\3-前后端\2-后端模块\koa2-project\node_modules\mysql\lib\Connection.js:526:10)
    at Socket.emit (node:events:390:28)
    at addChunk (node:internal/streams/readable:315:12)
    at readableAddChunk (node:internal/streams/readable:289:9)
    at Socket.Readable.push (node:internal/streams/readable:228:10)
    at TCP.onStreamRead (node:internal/stream_base_commons:199:23)
    --------------------
    at Protocol._enqueue (D:\MyNam\Documents\Code\study\Koa2\3-前后端\2-后端模块\koa2-project\node_modules\mysql\lib\protocol\Protocol.js:144:48)
    at PoolConnection.query (D:\MyNam\Documents\Code\study\Koa2\3-前后端\2-后端模块\koa2-project\node_modules\mysql\lib\Connection.js:198:25)
    at D:\MyNam\Documents\Code\study\Koa2\3-前后端\2-后端模块\koa2-project\utils\query.js:11:20
    at Ping.onOperationComplete (D:\MyNam\Documents\Code\study\Koa2\3-前后端\2-后端模块\koa2-project\node_modules\mysql\lib\Pool.js:110:5)
    at Ping.<anonymous> (D:\MyNam\Documents\Code\study\Koa2\3-前后端\2-后端模块\koa2-project\node_modules\mysql\lib\Connection.js:526:10)
    at Ping._callback (D:\MyNam\Documents\Code\study\Koa2\3-前后端\2-后端模块\koa2-project\node_modules\mysql\lib\Connection.js:488:16)
    at Ping.Sequence.end (D:\MyNam\Documents\Code\study\Koa2\3-前后端\2-后端模块\koa2-project\node_modules\mysql\lib\protocol\sequences\Sequence.js:83:24)
    at Ping.Sequence.OkPacket (D:\MyNam\Documents\Code\study\Koa2\3-前后端\2-后端模块\koa2-project\node_modules\mysql\lib\protocol\sequences\Sequence.js:92:8)
    at Protocol._parsePacket (D:\MyNam\Documents\Code\study\Koa2\3-前后端\2-后端模块\koa2-project\node_modules\mysql\lib\protocol\Protocol.js:291:23)
    at Parser._parsePacket (D:\MyNam\Documents\Code\study\Koa2\3-前后端\2-后端模块\koa2-project\node_modules\mysql\lib\protocol\Parser.js:433:10)
    at Parser.write (D:\MyNam\Documents\Code\study\Koa2\3-前后端\2-后端模块\koa2-project\node_modules\mysql\lib\protocol\Parser.js:43:10)
    at Protocol.write (D:\MyNam\Documents\Code\study\Koa2\3-前后端\2-后端模块\koa2-project\node_modules\mysql\lib\protocol\Protocol.js:38:16)
    at Socket.<anonymous> (D:\MyNam\Documents\Code\study\Koa2\3-前后端\2-后端模块\koa2-project\node_modules\mysql\lib\Connection.js:88:28)
    at Socket.<anonymous> (D:\MyNam\Documents\Code\study\Koa2\3-前后端\2-后端模块\koa2-project\node_modules\mysql\lib\Connection.js:526:10)
    at Socket.emit (node:events:390:28)
    at addChunk (node:internal/streams/readable:315:12) {
  code: 'ER_SP_UNDECLARED_VAR',
  errno: 1327,
  sqlMessage: 'Undeclared variable: NaN',
  sqlState: '42000',
  index: 0,
  sql: "select * from user where is_delete='0' limit NaN,undefined;select found_rows() as total"
}
