[2022-09-22T09:18:43.396] [ERROR] error - Error: ER_NO_SUCH_TABLE: Table 'koa2.chartqwe' doesn't exist
    at Query.Sequence._packetToError (D:\MyNam\Documents\Code\study\Koa2\3-前后端\2-后端模块\koa2-project\node_modules\mysql\lib\protocol\sequences\Sequence.js:47:14)
    at Query.ErrorPacket (D:\MyNam\Documents\Code\study\Koa2\3-前后端\2-后端模块\koa2-project\node_modules\mysql\lib\protocol\sequences\Query.js:79:18)
    at Protocol._parsePacket (D:\MyNam\Documents\Code\study\Koa2\3-前后端\2-后端模块\koa2-project\node_modules\mysql\lib\protocol\Protocol.js:291:23)
    at Parser._parsePacket (D:\MyNam\Documents\Code\study\Koa2\3-前后端\2-后端模块\koa2-project\node_modules\mysql\lib\protocol\Parser.js:433:10)
    at Parser.write (D:\MyNam\Documents\Code\study\Koa2\3-前后端\2-后端模块\koa2-project\node_modules\mysql\lib\protocol\Parser.js:43:10)
    at Protocol.write (D:\MyNam\Documents\Code\study\Koa2\3-前后端\2-后端模块\koa2-project\node_modules\mysql\lib\protocol\Protocol.js:38:16)
    at Socket.<anonymous> (D:\MyNam\Documents\Code\study\Koa2\3-前后端\2-后端模块\koa2-project\node_modules\mysql\lib\Connection.js:88:28)
    at Socket.<anonymous> (D:\MyNam\Documents\Code\study\Koa2\3-前后端\2-后端模块\koa2-project\node_modules\mysql\lib\Connection.js:526:10)
    at Socket.emit (node:events:390:28)
    at addChunk (node:internal/streams/readable:315:12)
    at readableAddChunk (node:internal/streams/readable:289:9)
    at Socket.Readable.push (node:internal/streams/readable:228:10)
    at TCP.onStreamRead (node:internal/stream_base_commons:199:23)
    --------------------
    at Protocol._enqueue (D:\MyNam\Documents\Code\study\Koa2\3-前后端\2-后端模块\koa2-project\node_modules\mysql\lib\protocol\Protocol.js:144:48)
    at PoolConnection.query (D:\MyNam\Documents\Code\study\Koa2\3-前后端\2-后端模块\koa2-project\node_modules\mysql\lib\Connection.js:198:25)
    at D:\MyNam\Documents\Code\study\Koa2\3-前后端\2-后端模块\koa2-project\utils\query.js:11:20
    at Handshake.onConnect (D:\MyNam\Documents\Code\study\Koa2\3-前后端\2-后端模块\koa2-project\node_modules\mysql\lib\Pool.js:64:7)
    at Handshake.<anonymous> (D:\MyNam\Documents\Code\study\Koa2\3-前后端\2-后端模块\koa2-project\node_modules\mysql\lib\Connection.js:526:10)
    at Handshake._callback (D:\MyNam\Documents\Code\study\Koa2\3-前后端\2-后端模块\koa2-project\node_modules\mysql\lib\Connection.js:488:16)
    at Handshake.Sequence.end (D:\MyNam\Documents\Code\study\Koa2\3-前后端\2-后端模块\koa2-project\node_modules\mysql\lib\protocol\sequences\Sequence.js:83:24)
    at Handshake.Sequence.OkPacket (D:\MyNam\Documents\Code\study\Koa2\3-前后端\2-后端模块\koa2-project\node_modules\mysql\lib\protocol\sequences\Sequence.js:92:8)
    at Protocol._parsePacket (D:\MyNam\Documents\Code\study\Koa2\3-前后端\2-后端模块\koa2-project\node_modules\mysql\lib\protocol\Protocol.js:291:23)
    at Parser._parsePacket (D:\MyNam\Documents\Code\study\Koa2\3-前后端\2-后端模块\koa2-project\node_modules\mysql\lib\protocol\Parser.js:433:10)
    at Parser.write (D:\MyNam\Documents\Code\study\Koa2\3-前后端\2-后端模块\koa2-project\node_modules\mysql\lib\protocol\Parser.js:43:10)
    at Protocol.write (D:\MyNam\Documents\Code\study\Koa2\3-前后端\2-后端模块\koa2-project\node_modules\mysql\lib\protocol\Protocol.js:38:16)
    at Socket.<anonymous> (D:\MyNam\Documents\Code\study\Koa2\3-前后端\2-后端模块\koa2-project\node_modules\mysql\lib\Connection.js:88:28)
    at Socket.<anonymous> (D:\MyNam\Documents\Code\study\Koa2\3-前后端\2-后端模块\koa2-project\node_modules\mysql\lib\Connection.js:526:10)
    at Socket.emit (node:events:390:28)
    at addChunk (node:internal/streams/readable:315:12) {
  code: 'ER_NO_SUCH_TABLE',
  errno: 1146,
  sqlMessage: "Table 'koa2.chartqwe' doesn't exist",
  sqlState: '42S02',
  index: 0,
  sql: 'select * from chartqwe'
}
[2022-09-22T09:20:08.696] [ERROR] error - Error: ER_NO_SUCH_TABLE: Table 'koa2.chartqwe' doesn't exist
    at Query.Sequence._packetToError (D:\MyNam\Documents\Code\study\Koa2\3-前后端\2-后端模块\koa2-project\node_modules\mysql\lib\protocol\sequences\Sequence.js:47:14)
    at Query.ErrorPacket (D:\MyNam\Documents\Code\study\Koa2\3-前后端\2-后端模块\koa2-project\node_modules\mysql\lib\protocol\sequences\Query.js:79:18)
    at Protocol._parsePacket (D:\MyNam\Documents\Code\study\Koa2\3-前后端\2-后端模块\koa2-project\node_modules\mysql\lib\protocol\Protocol.js:291:23)
    at Parser._parsePacket (D:\MyNam\Documents\Code\study\Koa2\3-前后端\2-后端模块\koa2-project\node_modules\mysql\lib\protocol\Parser.js:433:10)
    at Parser.write (D:\MyNam\Documents\Code\study\Koa2\3-前后端\2-后端模块\koa2-project\node_modules\mysql\lib\protocol\Parser.js:43:10)
    at Protocol.write (D:\MyNam\Documents\Code\study\Koa2\3-前后端\2-后端模块\koa2-project\node_modules\mysql\lib\protocol\Protocol.js:38:16)
    at Socket.<anonymous> (D:\MyNam\Documents\Code\study\Koa2\3-前后端\2-后端模块\koa2-project\node_modules\mysql\lib\Connection.js:88:28)
    at Socket.<anonymous> (D:\MyNam\Documents\Code\study\Koa2\3-前后端\2-后端模块\koa2-project\node_modules\mysql\lib\Connection.js:526:10)
    at Socket.emit (node:events:390:28)
    at addChunk (node:internal/streams/readable:315:12)
    at readableAddChunk (node:internal/streams/readable:289:9)
    at Socket.Readable.push (node:internal/streams/readable:228:10)
    at TCP.onStreamRead (node:internal/stream_base_commons:199:23)
    --------------------
    at Protocol._enqueue (D:\MyNam\Documents\Code\study\Koa2\3-前后端\2-后端模块\koa2-project\node_modules\mysql\lib\protocol\Protocol.js:144:48)
    at PoolConnection.query (D:\MyNam\Documents\Code\study\Koa2\3-前后端\2-后端模块\koa2-project\node_modules\mysql\lib\Connection.js:198:25)
    at D:\MyNam\Documents\Code\study\Koa2\3-前后端\2-后端模块\koa2-project\utils\query.js:11:20
    at Handshake.onConnect (D:\MyNam\Documents\Code\study\Koa2\3-前后端\2-后端模块\koa2-project\node_modules\mysql\lib\Pool.js:64:7)
    at Handshake.<anonymous> (D:\MyNam\Documents\Code\study\Koa2\3-前后端\2-后端模块\koa2-project\node_modules\mysql\lib\Connection.js:526:10)
    at Handshake._callback (D:\MyNam\Documents\Code\study\Koa2\3-前后端\2-后端模块\koa2-project\node_modules\mysql\lib\Connection.js:488:16)
    at Handshake.Sequence.end (D:\MyNam\Documents\Code\study\Koa2\3-前后端\2-后端模块\koa2-project\node_modules\mysql\lib\protocol\sequences\Sequence.js:83:24)
    at Handshake.Sequence.OkPacket (D:\MyNam\Documents\Code\study\Koa2\3-前后端\2-后端模块\koa2-project\node_modules\mysql\lib\protocol\sequences\Sequence.js:92:8)
    at Protocol._parsePacket (D:\MyNam\Documents\Code\study\Koa2\3-前后端\2-后端模块\koa2-project\node_modules\mysql\lib\protocol\Protocol.js:291:23)
    at Parser._parsePacket (D:\MyNam\Documents\Code\study\Koa2\3-前后端\2-后端模块\koa2-project\node_modules\mysql\lib\protocol\Parser.js:433:10)
    at Parser.write (D:\MyNam\Documents\Code\study\Koa2\3-前后端\2-后端模块\koa2-project\node_modules\mysql\lib\protocol\Parser.js:43:10)
    at Protocol.write (D:\MyNam\Documents\Code\study\Koa2\3-前后端\2-后端模块\koa2-project\node_modules\mysql\lib\protocol\Protocol.js:38:16)
    at Socket.<anonymous> (D:\MyNam\Documents\Code\study\Koa2\3-前后端\2-后端模块\koa2-project\node_modules\mysql\lib\Connection.js:88:28)
    at Socket.<anonymous> (D:\MyNam\Documents\Code\study\Koa2\3-前后端\2-后端模块\koa2-project\node_modules\mysql\lib\Connection.js:526:10)
    at Socket.emit (node:events:390:28)
    at addChunk (node:internal/streams/readable:315:12) {
  code: 'ER_NO_SUCH_TABLE',
  errno: 1146,
  sqlMessage: "Table 'koa2.chartqwe' doesn't exist",
  sqlState: '42S02',
  index: 0,
  sql: 'select * from chartqwe'
}
[2022-09-22T09:20:51.136] [ERROR] error - Error: ER_NO_SUCH_TABLE: Table 'koa2.chartqwe' doesn't exist
    at Query.Sequence._packetToError (D:\MyNam\Documents\Code\study\Koa2\3-前后端\2-后端模块\koa2-project\node_modules\mysql\lib\protocol\sequences\Sequence.js:47:14)
    at Query.ErrorPacket (D:\MyNam\Documents\Code\study\Koa2\3-前后端\2-后端模块\koa2-project\node_modules\mysql\lib\protocol\sequences\Query.js:79:18)
    at Protocol._parsePacket (D:\MyNam\Documents\Code\study\Koa2\3-前后端\2-后端模块\koa2-project\node_modules\mysql\lib\protocol\Protocol.js:291:23)
    at Parser._parsePacket (D:\MyNam\Documents\Code\study\Koa2\3-前后端\2-后端模块\koa2-project\node_modules\mysql\lib\protocol\Parser.js:433:10)
    at Parser.write (D:\MyNam\Documents\Code\study\Koa2\3-前后端\2-后端模块\koa2-project\node_modules\mysql\lib\protocol\Parser.js:43:10)
    at Protocol.write (D:\MyNam\Documents\Code\study\Koa2\3-前后端\2-后端模块\koa2-project\node_modules\mysql\lib\protocol\Protocol.js:38:16)
    at Socket.<anonymous> (D:\MyNam\Documents\Code\study\Koa2\3-前后端\2-后端模块\koa2-project\node_modules\mysql\lib\Connection.js:88:28)
    at Socket.<anonymous> (D:\MyNam\Documents\Code\study\Koa2\3-前后端\2-后端模块\koa2-project\node_modules\mysql\lib\Connection.js:526:10)
    at Socket.emit (node:events:390:28)
    at addChunk (node:internal/streams/readable:315:12)
    at readableAddChunk (node:internal/streams/readable:289:9)
    at Socket.Readable.push (node:internal/streams/readable:228:10)
    at TCP.onStreamRead (node:internal/stream_base_commons:199:23)
    --------------------
    at Protocol._enqueue (D:\MyNam\Documents\Code\study\Koa2\3-前后端\2-后端模块\koa2-project\node_modules\mysql\lib\protocol\Protocol.js:144:48)
    at PoolConnection.query (D:\MyNam\Documents\Code\study\Koa2\3-前后端\2-后端模块\koa2-project\node_modules\mysql\lib\Connection.js:198:25)
    at D:\MyNam\Documents\Code\study\Koa2\3-前后端\2-后端模块\koa2-project\utils\query.js:11:20
    at Handshake.onConnect (D:\MyNam\Documents\Code\study\Koa2\3-前后端\2-后端模块\koa2-project\node_modules\mysql\lib\Pool.js:64:7)
    at Handshake.<anonymous> (D:\MyNam\Documents\Code\study\Koa2\3-前后端\2-后端模块\koa2-project\node_modules\mysql\lib\Connection.js:526:10)
    at Handshake._callback (D:\MyNam\Documents\Code\study\Koa2\3-前后端\2-后端模块\koa2-project\node_modules\mysql\lib\Connection.js:488:16)
    at Handshake.Sequence.end (D:\MyNam\Documents\Code\study\Koa2\3-前后端\2-后端模块\koa2-project\node_modules\mysql\lib\protocol\sequences\Sequence.js:83:24)
    at Handshake.Sequence.OkPacket (D:\MyNam\Documents\Code\study\Koa2\3-前后端\2-后端模块\koa2-project\node_modules\mysql\lib\protocol\sequences\Sequence.js:92:8)
    at Protocol._parsePacket (D:\MyNam\Documents\Code\study\Koa2\3-前后端\2-后端模块\koa2-project\node_modules\mysql\lib\protocol\Protocol.js:291:23)
    at Parser._parsePacket (D:\MyNam\Documents\Code\study\Koa2\3-前后端\2-后端模块\koa2-project\node_modules\mysql\lib\protocol\Parser.js:433:10)
    at Parser.write (D:\MyNam\Documents\Code\study\Koa2\3-前后端\2-后端模块\koa2-project\node_modules\mysql\lib\protocol\Parser.js:43:10)
    at Protocol.write (D:\MyNam\Documents\Code\study\Koa2\3-前后端\2-后端模块\koa2-project\node_modules\mysql\lib\protocol\Protocol.js:38:16)
    at Socket.<anonymous> (D:\MyNam\Documents\Code\study\Koa2\3-前后端\2-后端模块\koa2-project\node_modules\mysql\lib\Connection.js:88:28)
    at Socket.<anonymous> (D:\MyNam\Documents\Code\study\Koa2\3-前后端\2-后端模块\koa2-project\node_modules\mysql\lib\Connection.js:526:10)
    at Socket.emit (node:events:390:28)
    at addChunk (node:internal/streams/readable:315:12) {
  code: 'ER_NO_SUCH_TABLE',
  errno: 1146,
  sqlMessage: "Table 'koa2.chartqwe' doesn't exist",
  sqlState: '42S02',
  index: 0,
  sql: 'select * from chartqwe'
}
[2022-09-22T09:21:43.680] [ERROR] error - Error: ER_NO_SUCH_TABLE: Table 'koa2.chartqwe' doesn't exist
    at Query.Sequence._packetToError (D:\MyNam\Documents\Code\study\Koa2\3-前后端\2-后端模块\koa2-project\node_modules\mysql\lib\protocol\sequences\Sequence.js:47:14)
    at Query.ErrorPacket (D:\MyNam\Documents\Code\study\Koa2\3-前后端\2-后端模块\koa2-project\node_modules\mysql\lib\protocol\sequences\Query.js:79:18)
    at Protocol._parsePacket (D:\MyNam\Documents\Code\study\Koa2\3-前后端\2-后端模块\koa2-project\node_modules\mysql\lib\protocol\Protocol.js:291:23)
    at Parser._parsePacket (D:\MyNam\Documents\Code\study\Koa2\3-前后端\2-后端模块\koa2-project\node_modules\mysql\lib\protocol\Parser.js:433:10)
    at Parser.write (D:\MyNam\Documents\Code\study\Koa2\3-前后端\2-后端模块\koa2-project\node_modules\mysql\lib\protocol\Parser.js:43:10)
    at Protocol.write (D:\MyNam\Documents\Code\study\Koa2\3-前后端\2-后端模块\koa2-project\node_modules\mysql\lib\protocol\Protocol.js:38:16)
    at Socket.<anonymous> (D:\MyNam\Documents\Code\study\Koa2\3-前后端\2-后端模块\koa2-project\node_modules\mysql\lib\Connection.js:88:28)
    at Socket.<anonymous> (D:\MyNam\Documents\Code\study\Koa2\3-前后端\2-后端模块\koa2-project\node_modules\mysql\lib\Connection.js:526:10)
    at Socket.emit (node:events:390:28)
    at addChunk (node:internal/streams/readable:315:12)
    at readableAddChunk (node:internal/streams/readable:289:9)
    at Socket.Readable.push (node:internal/streams/readable:228:10)
    at TCP.onStreamRead (node:internal/stream_base_commons:199:23)
    --------------------
    at Protocol._enqueue (D:\MyNam\Documents\Code\study\Koa2\3-前后端\2-后端模块\koa2-project\node_modules\mysql\lib\protocol\Protocol.js:144:48)
    at PoolConnection.query (D:\MyNam\Documents\Code\study\Koa2\3-前后端\2-后端模块\koa2-project\node_modules\mysql\lib\Connection.js:198:25)
    at D:\MyNam\Documents\Code\study\Koa2\3-前后端\2-后端模块\koa2-project\utils\query.js:11:20
    at Handshake.onConnect (D:\MyNam\Documents\Code\study\Koa2\3-前后端\2-后端模块\koa2-project\node_modules\mysql\lib\Pool.js:64:7)
    at Handshake.<anonymous> (D:\MyNam\Documents\Code\study\Koa2\3-前后端\2-后端模块\koa2-project\node_modules\mysql\lib\Connection.js:526:10)
    at Handshake._callback (D:\MyNam\Documents\Code\study\Koa2\3-前后端\2-后端模块\koa2-project\node_modules\mysql\lib\Connection.js:488:16)
    at Handshake.Sequence.end (D:\MyNam\Documents\Code\study\Koa2\3-前后端\2-后端模块\koa2-project\node_modules\mysql\lib\protocol\sequences\Sequence.js:83:24)
    at Handshake.Sequence.OkPacket (D:\MyNam\Documents\Code\study\Koa2\3-前后端\2-后端模块\koa2-project\node_modules\mysql\lib\protocol\sequences\Sequence.js:92:8)
    at Protocol._parsePacket (D:\MyNam\Documents\Code\study\Koa2\3-前后端\2-后端模块\koa2-project\node_modules\mysql\lib\protocol\Protocol.js:291:23)
    at Parser._parsePacket (D:\MyNam\Documents\Code\study\Koa2\3-前后端\2-后端模块\koa2-project\node_modules\mysql\lib\protocol\Parser.js:433:10)
    at Parser.write (D:\MyNam\Documents\Code\study\Koa2\3-前后端\2-后端模块\koa2-project\node_modules\mysql\lib\protocol\Parser.js:43:10)
    at Protocol.write (D:\MyNam\Documents\Code\study\Koa2\3-前后端\2-后端模块\koa2-project\node_modules\mysql\lib\protocol\Protocol.js:38:16)
    at Socket.<anonymous> (D:\MyNam\Documents\Code\study\Koa2\3-前后端\2-后端模块\koa2-project\node_modules\mysql\lib\Connection.js:88:28)
    at Socket.<anonymous> (D:\MyNam\Documents\Code\study\Koa2\3-前后端\2-后端模块\koa2-project\node_modules\mysql\lib\Connection.js:526:10)
    at Socket.emit (node:events:390:28)
    at addChunk (node:internal/streams/readable:315:12) {
  code: 'ER_NO_SUCH_TABLE',
  errno: 1146,
  sqlMessage: "Table 'koa2.chartqwe' doesn't exist",
  sqlState: '42S02',
  index: 0,
  sql: 'select * from chartqwe'
}
[2022-09-22T13:11:57.848] [ERROR] error - Error: ER_NO_SUCH_TABLE: Table 'koa2.chart123' doesn't exist
    at Query.Sequence._packetToError (D:\MyNam\Documents\Code\study\Koa2\3-前后端\2-后端模块\koa2-project\node_modules\mysql\lib\protocol\sequences\Sequence.js:47:14)
    at Query.ErrorPacket (D:\MyNam\Documents\Code\study\Koa2\3-前后端\2-后端模块\koa2-project\node_modules\mysql\lib\protocol\sequences\Query.js:79:18)
    at Protocol._parsePacket (D:\MyNam\Documents\Code\study\Koa2\3-前后端\2-后端模块\koa2-project\node_modules\mysql\lib\protocol\Protocol.js:291:23)
    at Parser._parsePacket (D:\MyNam\Documents\Code\study\Koa2\3-前后端\2-后端模块\koa2-project\node_modules\mysql\lib\protocol\Parser.js:433:10)
    at Parser.write (D:\MyNam\Documents\Code\study\Koa2\3-前后端\2-后端模块\koa2-project\node_modules\mysql\lib\protocol\Parser.js:43:10)
    at Protocol.write (D:\MyNam\Documents\Code\study\Koa2\3-前后端\2-后端模块\koa2-project\node_modules\mysql\lib\protocol\Protocol.js:38:16)
    at Socket.<anonymous> (D:\MyNam\Documents\Code\study\Koa2\3-前后端\2-后端模块\koa2-project\node_modules\mysql\lib\Connection.js:88:28)
    at Socket.<anonymous> (D:\MyNam\Documents\Code\study\Koa2\3-前后端\2-后端模块\koa2-project\node_modules\mysql\lib\Connection.js:526:10)
    at Socket.emit (node:events:390:28)
    at addChunk (node:internal/streams/readable:315:12)
    at readableAddChunk (node:internal/streams/readable:289:9)
    at Socket.Readable.push (node:internal/streams/readable:228:10)
    at TCP.onStreamRead (node:internal/stream_base_commons:199:23)
    --------------------
    at Protocol._enqueue (D:\MyNam\Documents\Code\study\Koa2\3-前后端\2-后端模块\koa2-project\node_modules\mysql\lib\protocol\Protocol.js:144:48)
    at PoolConnection.query (D:\MyNam\Documents\Code\study\Koa2\3-前后端\2-后端模块\koa2-project\node_modules\mysql\lib\Connection.js:198:25)
    at D:\MyNam\Documents\Code\study\Koa2\3-前后端\2-后端模块\koa2-project\utils\query.js:11:20
    at Ping.onOperationComplete (D:\MyNam\Documents\Code\study\Koa2\3-前后端\2-后端模块\koa2-project\node_modules\mysql\lib\Pool.js:110:5)
    at Ping.<anonymous> (D:\MyNam\Documents\Code\study\Koa2\3-前后端\2-后端模块\koa2-project\node_modules\mysql\lib\Connection.js:526:10)
    at Ping._callback (D:\MyNam\Documents\Code\study\Koa2\3-前后端\2-后端模块\koa2-project\node_modules\mysql\lib\Connection.js:488:16)
    at Ping.Sequence.end (D:\MyNam\Documents\Code\study\Koa2\3-前后端\2-后端模块\koa2-project\node_modules\mysql\lib\protocol\sequences\Sequence.js:83:24)
    at Ping.Sequence.OkPacket (D:\MyNam\Documents\Code\study\Koa2\3-前后端\2-后端模块\koa2-project\node_modules\mysql\lib\protocol\sequences\Sequence.js:92:8)
    at Protocol._parsePacket (D:\MyNam\Documents\Code\study\Koa2\3-前后端\2-后端模块\koa2-project\node_modules\mysql\lib\protocol\Protocol.js:291:23)
    at Parser._parsePacket (D:\MyNam\Documents\Code\study\Koa2\3-前后端\2-后端模块\koa2-project\node_modules\mysql\lib\protocol\Parser.js:433:10)
    at Parser.write (D:\MyNam\Documents\Code\study\Koa2\3-前后端\2-后端模块\koa2-project\node_modules\mysql\lib\protocol\Parser.js:43:10)
    at Protocol.write (D:\MyNam\Documents\Code\study\Koa2\3-前后端\2-后端模块\koa2-project\node_modules\mysql\lib\protocol\Protocol.js:38:16)
    at Socket.<anonymous> (D:\MyNam\Documents\Code\study\Koa2\3-前后端\2-后端模块\koa2-project\node_modules\mysql\lib\Connection.js:88:28)
    at Socket.<anonymous> (D:\MyNam\Documents\Code\study\Koa2\3-前后端\2-后端模块\koa2-project\node_modules\mysql\lib\Connection.js:526:10)
    at Socket.emit (node:events:390:28)
    at addChunk (node:internal/streams/readable:315:12) {
  code: 'ER_NO_SUCH_TABLE',
  errno: 1146,
  sqlMessage: "Table 'koa2.chart123' doesn't exist",
  sqlState: '42S02',
  index: 0,
  sql: 'select * from chart123'
}
[2022-09-22T13:12:47.637] [ERROR] error - Error: ER_NO_SUCH_TABLE: Table 'koa2.chart123' doesn't exist
    at Query.Sequence._packetToError (D:\MyNam\Documents\Code\study\Koa2\3-前后端\2-后端模块\koa2-project\node_modules\mysql\lib\protocol\sequences\Sequence.js:47:14)
    at Query.ErrorPacket (D:\MyNam\Documents\Code\study\Koa2\3-前后端\2-后端模块\koa2-project\node_modules\mysql\lib\protocol\sequences\Query.js:79:18)
    at Protocol._parsePacket (D:\MyNam\Documents\Code\study\Koa2\3-前后端\2-后端模块\koa2-project\node_modules\mysql\lib\protocol\Protocol.js:291:23)
    at Parser._parsePacket (D:\MyNam\Documents\Code\study\Koa2\3-前后端\2-后端模块\koa2-project\node_modules\mysql\lib\protocol\Parser.js:433:10)
    at Parser.write (D:\MyNam\Documents\Code\study\Koa2\3-前后端\2-后端模块\koa2-project\node_modules\mysql\lib\protocol\Parser.js:43:10)
    at Protocol.write (D:\MyNam\Documents\Code\study\Koa2\3-前后端\2-后端模块\koa2-project\node_modules\mysql\lib\protocol\Protocol.js:38:16)
    at Socket.<anonymous> (D:\MyNam\Documents\Code\study\Koa2\3-前后端\2-后端模块\koa2-project\node_modules\mysql\lib\Connection.js:88:28)
    at Socket.<anonymous> (D:\MyNam\Documents\Code\study\Koa2\3-前后端\2-后端模块\koa2-project\node_modules\mysql\lib\Connection.js:526:10)
    at Socket.emit (node:events:390:28)
    at addChunk (node:internal/streams/readable:315:12)
    at readableAddChunk (node:internal/streams/readable:289:9)
    at Socket.Readable.push (node:internal/streams/readable:228:10)
    at TCP.onStreamRead (node:internal/stream_base_commons:199:23)
    --------------------
    at Protocol._enqueue (D:\MyNam\Documents\Code\study\Koa2\3-前后端\2-后端模块\koa2-project\node_modules\mysql\lib\protocol\Protocol.js:144:48)
    at PoolConnection.query (D:\MyNam\Documents\Code\study\Koa2\3-前后端\2-后端模块\koa2-project\node_modules\mysql\lib\Connection.js:198:25)
    at D:\MyNam\Documents\Code\study\Koa2\3-前后端\2-后端模块\koa2-project\utils\query.js:11:20
    at Ping.onOperationComplete (D:\MyNam\Documents\Code\study\Koa2\3-前后端\2-后端模块\koa2-project\node_modules\mysql\lib\Pool.js:110:5)
    at Ping.<anonymous> (D:\MyNam\Documents\Code\study\Koa2\3-前后端\2-后端模块\koa2-project\node_modules\mysql\lib\Connection.js:526:10)
    at Ping._callback (D:\MyNam\Documents\Code\study\Koa2\3-前后端\2-后端模块\koa2-project\node_modules\mysql\lib\Connection.js:488:16)
    at Ping.Sequence.end (D:\MyNam\Documents\Code\study\Koa2\3-前后端\2-后端模块\koa2-project\node_modules\mysql\lib\protocol\sequences\Sequence.js:83:24)
    at Ping.Sequence.OkPacket (D:\MyNam\Documents\Code\study\Koa2\3-前后端\2-后端模块\koa2-project\node_modules\mysql\lib\protocol\sequences\Sequence.js:92:8)
    at Protocol._parsePacket (D:\MyNam\Documents\Code\study\Koa2\3-前后端\2-后端模块\koa2-project\node_modules\mysql\lib\protocol\Protocol.js:291:23)
    at Parser._parsePacket (D:\MyNam\Documents\Code\study\Koa2\3-前后端\2-后端模块\koa2-project\node_modules\mysql\lib\protocol\Parser.js:433:10)
    at Parser.write (D:\MyNam\Documents\Code\study\Koa2\3-前后端\2-后端模块\koa2-project\node_modules\mysql\lib\protocol\Parser.js:43:10)
    at Protocol.write (D:\MyNam\Documents\Code\study\Koa2\3-前后端\2-后端模块\koa2-project\node_modules\mysql\lib\protocol\Protocol.js:38:16)
    at Socket.<anonymous> (D:\MyNam\Documents\Code\study\Koa2\3-前后端\2-后端模块\koa2-project\node_modules\mysql\lib\Connection.js:88:28)
    at Socket.<anonymous> (D:\MyNam\Documents\Code\study\Koa2\3-前后端\2-后端模块\koa2-project\node_modules\mysql\lib\Connection.js:526:10)
    at Socket.emit (node:events:390:28)
    at addChunk (node:internal/streams/readable:315:12) {
  code: 'ER_NO_SUCH_TABLE',
  errno: 1146,
  sqlMessage: "Table 'koa2.chart123' doesn't exist",
  sqlState: '42S02',
  index: 0,
  sql: 'select * from chart123'
}
[2022-09-22T13:13:31.886] [ERROR] error - Error: ER_NO_SUCH_TABLE: Table 'koa2.chart123' doesn't exist
    at Query.Sequence._packetToError (D:\MyNam\Documents\Code\study\Koa2\3-前后端\2-后端模块\koa2-project\node_modules\mysql\lib\protocol\sequences\Sequence.js:47:14)
    at Query.ErrorPacket (D:\MyNam\Documents\Code\study\Koa2\3-前后端\2-后端模块\koa2-project\node_modules\mysql\lib\protocol\sequences\Query.js:79:18)
    at Protocol._parsePacket (D:\MyNam\Documents\Code\study\Koa2\3-前后端\2-后端模块\koa2-project\node_modules\mysql\lib\protocol\Protocol.js:291:23)
    at Parser._parsePacket (D:\MyNam\Documents\Code\study\Koa2\3-前后端\2-后端模块\koa2-project\node_modules\mysql\lib\protocol\Parser.js:433:10)
    at Parser.write (D:\MyNam\Documents\Code\study\Koa2\3-前后端\2-后端模块\koa2-project\node_modules\mysql\lib\protocol\Parser.js:43:10)
    at Protocol.write (D:\MyNam\Documents\Code\study\Koa2\3-前后端\2-后端模块\koa2-project\node_modules\mysql\lib\protocol\Protocol.js:38:16)
    at Socket.<anonymous> (D:\MyNam\Documents\Code\study\Koa2\3-前后端\2-后端模块\koa2-project\node_modules\mysql\lib\Connection.js:88:28)
    at Socket.<anonymous> (D:\MyNam\Documents\Code\study\Koa2\3-前后端\2-后端模块\koa2-project\node_modules\mysql\lib\Connection.js:526:10)
    at Socket.emit (node:events:390:28)
    at addChunk (node:internal/streams/readable:315:12)
    at readableAddChunk (node:internal/streams/readable:289:9)
    at Socket.Readable.push (node:internal/streams/readable:228:10)
    at TCP.onStreamRead (node:internal/stream_base_commons:199:23)
    --------------------
    at Protocol._enqueue (D:\MyNam\Documents\Code\study\Koa2\3-前后端\2-后端模块\koa2-project\node_modules\mysql\lib\protocol\Protocol.js:144:48)
    at PoolConnection.query (D:\MyNam\Documents\Code\study\Koa2\3-前后端\2-后端模块\koa2-project\node_modules\mysql\lib\Connection.js:198:25)
    at D:\MyNam\Documents\Code\study\Koa2\3-前后端\2-后端模块\koa2-project\utils\query.js:11:20
    at Handshake.onConnect (D:\MyNam\Documents\Code\study\Koa2\3-前后端\2-后端模块\koa2-project\node_modules\mysql\lib\Pool.js:64:7)
    at Handshake.<anonymous> (D:\MyNam\Documents\Code\study\Koa2\3-前后端\2-后端模块\koa2-project\node_modules\mysql\lib\Connection.js:526:10)
    at Handshake._callback (D:\MyNam\Documents\Code\study\Koa2\3-前后端\2-后端模块\koa2-project\node_modules\mysql\lib\Connection.js:488:16)
    at Handshake.Sequence.end (D:\MyNam\Documents\Code\study\Koa2\3-前后端\2-后端模块\koa2-project\node_modules\mysql\lib\protocol\sequences\Sequence.js:83:24)
    at Handshake.Sequence.OkPacket (D:\MyNam\Documents\Code\study\Koa2\3-前后端\2-后端模块\koa2-project\node_modules\mysql\lib\protocol\sequences\Sequence.js:92:8)
    at Protocol._parsePacket (D:\MyNam\Documents\Code\study\Koa2\3-前后端\2-后端模块\koa2-project\node_modules\mysql\lib\protocol\Protocol.js:291:23)
    at Parser._parsePacket (D:\MyNam\Documents\Code\study\Koa2\3-前后端\2-后端模块\koa2-project\node_modules\mysql\lib\protocol\Parser.js:433:10)
    at Parser.write (D:\MyNam\Documents\Code\study\Koa2\3-前后端\2-后端模块\koa2-project\node_modules\mysql\lib\protocol\Parser.js:43:10)
    at Protocol.write (D:\MyNam\Documents\Code\study\Koa2\3-前后端\2-后端模块\koa2-project\node_modules\mysql\lib\protocol\Protocol.js:38:16)
    at Socket.<anonymous> (D:\MyNam\Documents\Code\study\Koa2\3-前后端\2-后端模块\koa2-project\node_modules\mysql\lib\Connection.js:88:28)
    at Socket.<anonymous> (D:\MyNam\Documents\Code\study\Koa2\3-前后端\2-后端模块\koa2-project\node_modules\mysql\lib\Connection.js:526:10)
    at Socket.emit (node:events:390:28)
    at addChunk (node:internal/streams/readable:315:12) {
  code: 'ER_NO_SUCH_TABLE',
  errno: 1146,
  sqlMessage: "Table 'koa2.chart123' doesn't exist",
  sqlState: '42S02',
  index: 0,
  sql: 'select * from chart123'
}
