[2022-09-26T11:16:42.153] [ERROR] error - Cannot read properties of undefined (reading 'id')
[2022-09-26T23:27:44.261] [ERROR] error - Error: ER_NO_SUCH_TABLE: Table 'koa2.bannedwords' doesn't exist
    at Query.Sequence._packetToError (D:\MyNam\Documents\Code\study\Koa2\3-前后端\2-后端模块\koa2-project\node_modules\mysql\lib\protocol\sequences\Sequence.js:47:14)
    at Query.ErrorPacket (D:\MyNam\Documents\Code\study\Koa2\3-前后端\2-后端模块\koa2-project\node_modules\mysql\lib\protocol\sequences\Query.js:79:18)
    at Protocol._parsePacket (D:\MyNam\Documents\Code\study\Koa2\3-前后端\2-后端模块\koa2-project\node_modules\mysql\lib\protocol\Protocol.js:291:23)
    at Parser._parsePacket (D:\MyNam\Documents\Code\study\Koa2\3-前后端\2-后端模块\koa2-project\node_modules\mysql\lib\protocol\Parser.js:433:10)
    at Parser.write (D:\MyNam\Documents\Code\study\Koa2\3-前后端\2-后端模块\koa2-project\node_modules\mysql\lib\protocol\Parser.js:43:10)
    at Protocol.write (D:\MyNam\Documents\Code\study\Koa2\3-前后端\2-后端模块\koa2-project\node_modules\mysql\lib\protocol\Protocol.js:38:16)
    at Socket.<anonymous> (D:\MyNam\Documents\Code\study\Koa2\3-前后端\2-后端模块\koa2-project\node_modules\mysql\lib\Connection.js:88:28)
    at Socket.<anonymous> (D:\MyNam\Documents\Code\study\Koa2\3-前后端\2-后端模块\koa2-project\node_modules\mysql\lib\Connection.js:526:10)
    at Socket.emit (node:events:390:28)
    at addChunk (node:internal/streams/readable:315:12)
    at readableAddChunk (node:internal/streams/readable:289:9)
    at Socket.Readable.push (node:internal/streams/readable:228:10)
    at TCP.onStreamRead (node:internal/stream_base_commons:199:23)
    --------------------
    at Protocol._enqueue (D:\MyNam\Documents\Code\study\Koa2\3-前后端\2-后端模块\koa2-project\node_modules\mysql\lib\protocol\Protocol.js:144:48)
    at PoolConnection.query (D:\MyNam\Documents\Code\study\Koa2\3-前后端\2-后端模块\koa2-project\node_modules\mysql\lib\Connection.js:198:25)
    at D:\MyNam\Documents\Code\study\Koa2\3-前后端\2-后端模块\koa2-project\utils\query.js:11:20
    at Ping.onOperationComplete (D:\MyNam\Documents\Code\study\Koa2\3-前后端\2-后端模块\koa2-project\node_modules\mysql\lib\Pool.js:110:5)
    at Ping.<anonymous> (D:\MyNam\Documents\Code\study\Koa2\3-前后端\2-后端模块\koa2-project\node_modules\mysql\lib\Connection.js:526:10)
    at Ping._callback (D:\MyNam\Documents\Code\study\Koa2\3-前后端\2-后端模块\koa2-project\node_modules\mysql\lib\Connection.js:488:16)
    at Ping.Sequence.end (D:\MyNam\Documents\Code\study\Koa2\3-前后端\2-后端模块\koa2-project\node_modules\mysql\lib\protocol\sequences\Sequence.js:83:24)
    at Ping.Sequence.OkPacket (D:\MyNam\Documents\Code\study\Koa2\3-前后端\2-后端模块\koa2-project\node_modules\mysql\lib\protocol\sequences\Sequence.js:92:8)
    at Protocol._parsePacket (D:\MyNam\Documents\Code\study\Koa2\3-前后端\2-后端模块\koa2-project\node_modules\mysql\lib\protocol\Protocol.js:291:23)
    at Parser._parsePacket (D:\MyNam\Documents\Code\study\Koa2\3-前后端\2-后端模块\koa2-project\node_modules\mysql\lib\protocol\Parser.js:433:10)
    at Parser.write (D:\MyNam\Documents\Code\study\Koa2\3-前后端\2-后端模块\koa2-project\node_modules\mysql\lib\protocol\Parser.js:43:10)
    at Protocol.write (D:\MyNam\Documents\Code\study\Koa2\3-前后端\2-后端模块\koa2-project\node_modules\mysql\lib\protocol\Protocol.js:38:16)
    at Socket.<anonymous> (D:\MyNam\Documents\Code\study\Koa2\3-前后端\2-后端模块\koa2-project\node_modules\mysql\lib\Connection.js:88:28)
    at Socket.<anonymous> (D:\MyNam\Documents\Code\study\Koa2\3-前后端\2-后端模块\koa2-project\node_modules\mysql\lib\Connection.js:526:10)
    at Socket.emit (node:events:390:28)
    at addChunk (node:internal/streams/readable:315:12) {
  code: 'ER_NO_SUCH_TABLE',
  errno: 1146,
  sqlMessage: "Table 'koa2.bannedwords' doesn't exist",
  sqlState: '42S02',
  index: 0,
  sql: 'select * from bannedWords'
}
[2022-09-26T23:27:51.143] [ERROR] error - Error: ER_NO_SUCH_TABLE: Table 'koa2.bannedwords' doesn't exist
    at Query.Sequence._packetToError (D:\MyNam\Documents\Code\study\Koa2\3-前后端\2-后端模块\koa2-project\node_modules\mysql\lib\protocol\sequences\Sequence.js:47:14)
    at Query.ErrorPacket (D:\MyNam\Documents\Code\study\Koa2\3-前后端\2-后端模块\koa2-project\node_modules\mysql\lib\protocol\sequences\Query.js:79:18)
    at Protocol._parsePacket (D:\MyNam\Documents\Code\study\Koa2\3-前后端\2-后端模块\koa2-project\node_modules\mysql\lib\protocol\Protocol.js:291:23)
    at Parser._parsePacket (D:\MyNam\Documents\Code\study\Koa2\3-前后端\2-后端模块\koa2-project\node_modules\mysql\lib\protocol\Parser.js:433:10)
    at Parser.write (D:\MyNam\Documents\Code\study\Koa2\3-前后端\2-后端模块\koa2-project\node_modules\mysql\lib\protocol\Parser.js:43:10)
    at Protocol.write (D:\MyNam\Documents\Code\study\Koa2\3-前后端\2-后端模块\koa2-project\node_modules\mysql\lib\protocol\Protocol.js:38:16)
    at Socket.<anonymous> (D:\MyNam\Documents\Code\study\Koa2\3-前后端\2-后端模块\koa2-project\node_modules\mysql\lib\Connection.js:88:28)
    at Socket.<anonymous> (D:\MyNam\Documents\Code\study\Koa2\3-前后端\2-后端模块\koa2-project\node_modules\mysql\lib\Connection.js:526:10)
    at Socket.emit (node:events:390:28)
    at addChunk (node:internal/streams/readable:315:12)
    at readableAddChunk (node:internal/streams/readable:289:9)
    at Socket.Readable.push (node:internal/streams/readable:228:10)
    at TCP.onStreamRead (node:internal/stream_base_commons:199:23)
    --------------------
    at Protocol._enqueue (D:\MyNam\Documents\Code\study\Koa2\3-前后端\2-后端模块\koa2-project\node_modules\mysql\lib\protocol\Protocol.js:144:48)
    at PoolConnection.query (D:\MyNam\Documents\Code\study\Koa2\3-前后端\2-后端模块\koa2-project\node_modules\mysql\lib\Connection.js:198:25)
    at D:\MyNam\Documents\Code\study\Koa2\3-前后端\2-后端模块\koa2-project\utils\query.js:11:20
    at Ping.onOperationComplete (D:\MyNam\Documents\Code\study\Koa2\3-前后端\2-后端模块\koa2-project\node_modules\mysql\lib\Pool.js:110:5)
    at Ping.<anonymous> (D:\MyNam\Documents\Code\study\Koa2\3-前后端\2-后端模块\koa2-project\node_modules\mysql\lib\Connection.js:526:10)
    at Ping._callback (D:\MyNam\Documents\Code\study\Koa2\3-前后端\2-后端模块\koa2-project\node_modules\mysql\lib\Connection.js:488:16)
    at Ping.Sequence.end (D:\MyNam\Documents\Code\study\Koa2\3-前后端\2-后端模块\koa2-project\node_modules\mysql\lib\protocol\sequences\Sequence.js:83:24)
    at Ping.Sequence.OkPacket (D:\MyNam\Documents\Code\study\Koa2\3-前后端\2-后端模块\koa2-project\node_modules\mysql\lib\protocol\sequences\Sequence.js:92:8)
    at Protocol._parsePacket (D:\MyNam\Documents\Code\study\Koa2\3-前后端\2-后端模块\koa2-project\node_modules\mysql\lib\protocol\Protocol.js:291:23)
    at Parser._parsePacket (D:\MyNam\Documents\Code\study\Koa2\3-前后端\2-后端模块\koa2-project\node_modules\mysql\lib\protocol\Parser.js:433:10)
    at Parser.write (D:\MyNam\Documents\Code\study\Koa2\3-前后端\2-后端模块\koa2-project\node_modules\mysql\lib\protocol\Parser.js:43:10)
    at Protocol.write (D:\MyNam\Documents\Code\study\Koa2\3-前后端\2-后端模块\koa2-project\node_modules\mysql\lib\protocol\Protocol.js:38:16)
    at Socket.<anonymous> (D:\MyNam\Documents\Code\study\Koa2\3-前后端\2-后端模块\koa2-project\node_modules\mysql\lib\Connection.js:88:28)
    at Socket.<anonymous> (D:\MyNam\Documents\Code\study\Koa2\3-前后端\2-后端模块\koa2-project\node_modules\mysql\lib\Connection.js:526:10)
    at Socket.emit (node:events:390:28)
    at addChunk (node:internal/streams/readable:315:12) {
  code: 'ER_NO_SUCH_TABLE',
  errno: 1146,
  sqlMessage: "Table 'koa2.bannedwords' doesn't exist",
  sqlState: '42S02',
  index: 0,
  sql: 'select * from bannedWords'
}
[2022-09-26T23:44:15.932] [ERROR] error - TypeError: Cannot convert undefined or null to object
    at Function.values (<anonymous>)
    at D:\MyNam\Documents\Code\study\Koa2\3-前后端\2-后端模块\koa2-project\routes\message.js:103:23
    at Array.map (<anonymous>)
    at D:\MyNam\Documents\Code\study\Koa2\3-前后端\2-后端模块\koa2-project\routes\message.js:102:30
    at processTicksAndRejections (node:internal/process/task_queues:96:5)
    at async D:\MyNam\Documents\Code\study\Koa2\3-前后端\2-后端模块\koa2-project\routes\message.js:99:3
    at async D:\MyNam\Documents\Code\study\Koa2\3-前后端\2-后端模块\koa2-project\app.js:33:3
    at async serve (D:\MyNam\Documents\Code\study\Koa2\3-前后端\2-后端模块\koa2-project\node_modules\koa-static\index.js:53:9)
    at async logger (D:\MyNam\Documents\Code\study\Koa2\3-前后端\2-后端模块\koa2-project\node_modules\koa-logger\index.js:67:7)
    at async bodyParser (D:\MyNam\Documents\Code\study\Koa2\3-前后端\2-后端模块\koa2-project\node_modules\koa-bodyparser\index.js:95:5)
