[2022-10-06T00:06:50.462] [ERROR] error - ReferenceError: fs is not defined
    at D:\MyNam\Documents\Code\study\Koa2\3-前后端\2-后端模块\koa2-project\routes\user.js:355:15
    at processTicksAndRejections (node:internal/process/task_queues:96:5)
    at async D:\MyNam\Documents\Code\study\Koa2\3-前后端\2-后端模块\koa2-project\routes\user.js:325:5
    at async D:\MyNam\Documents\Code\study\Koa2\3-前后端\2-后端模块\koa2-project\app.js:33:3
    at async serve (D:\MyNam\Documents\Code\study\Koa2\3-前后端\2-后端模块\koa2-project\node_modules\koa-static\index.js:53:9)
    at async logger (D:\MyNam\Documents\Code\study\Koa2\3-前后端\2-后端模块\koa2-project\node_modules\koa-logger\index.js:67:7)
    at async bodyParser (D:\MyNam\Documents\Code\study\Koa2\3-前后端\2-后端模块\koa2-project\node_modules\koa-bodyparser\index.js:95:5)
[2022-10-06T00:07:37.892] [ERROR] error - Error: ER_PARSE_ERROR: You have an error in your SQL syntax; check the manual that corresponds to your MySQL server version for the right syntax to use near '/avatar/upload/20221006/1664986057875.png where id=102' at line 1
    at Query.Sequence._packetToError (D:\MyNam\Documents\Code\study\Koa2\3-前后端\2-后端模块\koa2-project\node_modules\mysql\lib\protocol\sequences\Sequence.js:47:14)
    at Query.ErrorPacket (D:\MyNam\Documents\Code\study\Koa2\3-前后端\2-后端模块\koa2-project\node_modules\mysql\lib\protocol\sequences\Query.js:79:18)
    at Protocol._parsePacket (D:\MyNam\Documents\Code\study\Koa2\3-前后端\2-后端模块\koa2-project\node_modules\mysql\lib\protocol\Protocol.js:291:23)
    at Parser._parsePacket (D:\MyNam\Documents\Code\study\Koa2\3-前后端\2-后端模块\koa2-project\node_modules\mysql\lib\protocol\Parser.js:433:10)
    at Parser.write (D:\MyNam\Documents\Code\study\Koa2\3-前后端\2-后端模块\koa2-project\node_modules\mysql\lib\protocol\Parser.js:43:10)
    at Protocol.write (D:\MyNam\Documents\Code\study\Koa2\3-前后端\2-后端模块\koa2-project\node_modules\mysql\lib\protocol\Protocol.js:38:16)
    at Socket.<anonymous> (D:\MyNam\Documents\Code\study\Koa2\3-前后端\2-后端模块\koa2-project\node_modules\mysql\lib\Connection.js:88:28)
    at Socket.<anonymous> (D:\MyNam\Documents\Code\study\Koa2\3-前后端\2-后端模块\koa2-project\node_modules\mysql\lib\Connection.js:526:10)
    at Socket.emit (node:events:390:28)
    at addChunk (node:internal/streams/readable:315:12)
    at readableAddChunk (node:internal/streams/readable:289:9)
    at Socket.Readable.push (node:internal/streams/readable:228:10)
    at TCP.onStreamRead (node:internal/stream_base_commons:199:23)
    --------------------
    at Protocol._enqueue (D:\MyNam\Documents\Code\study\Koa2\3-前后端\2-后端模块\koa2-project\node_modules\mysql\lib\protocol\Protocol.js:144:48)
    at PoolConnection.query (D:\MyNam\Documents\Code\study\Koa2\3-前后端\2-后端模块\koa2-project\node_modules\mysql\lib\Connection.js:198:25)
    at D:\MyNam\Documents\Code\study\Koa2\3-前后端\2-后端模块\koa2-project\utils\query.js:11:20
    at Ping.onOperationComplete (D:\MyNam\Documents\Code\study\Koa2\3-前后端\2-后端模块\koa2-project\node_modules\mysql\lib\Pool.js:110:5)
    at Ping.<anonymous> (D:\MyNam\Documents\Code\study\Koa2\3-前后端\2-后端模块\koa2-project\node_modules\mysql\lib\Connection.js:526:10)
    at Ping._callback (D:\MyNam\Documents\Code\study\Koa2\3-前后端\2-后端模块\koa2-project\node_modules\mysql\lib\Connection.js:488:16)
    at Ping.Sequence.end (D:\MyNam\Documents\Code\study\Koa2\3-前后端\2-后端模块\koa2-project\node_modules\mysql\lib\protocol\sequences\Sequence.js:83:24)
    at Ping.Sequence.OkPacket (D:\MyNam\Documents\Code\study\Koa2\3-前后端\2-后端模块\koa2-project\node_modules\mysql\lib\protocol\sequences\Sequence.js:92:8)
    at Protocol._parsePacket (D:\MyNam\Documents\Code\study\Koa2\3-前后端\2-后端模块\koa2-project\node_modules\mysql\lib\protocol\Protocol.js:291:23)
    at Parser._parsePacket (D:\MyNam\Documents\Code\study\Koa2\3-前后端\2-后端模块\koa2-project\node_modules\mysql\lib\protocol\Parser.js:433:10)
    at Parser.write (D:\MyNam\Documents\Code\study\Koa2\3-前后端\2-后端模块\koa2-project\node_modules\mysql\lib\protocol\Parser.js:43:10)
    at Protocol.write (D:\MyNam\Documents\Code\study\Koa2\3-前后端\2-后端模块\koa2-project\node_modules\mysql\lib\protocol\Protocol.js:38:16)
    at Socket.<anonymous> (D:\MyNam\Documents\Code\study\Koa2\3-前后端\2-后端模块\koa2-project\node_modules\mysql\lib\Connection.js:88:28)
    at Socket.<anonymous> (D:\MyNam\Documents\Code\study\Koa2\3-前后端\2-后端模块\koa2-project\node_modules\mysql\lib\Connection.js:526:10)
    at Socket.emit (node:events:390:28)
    at addChunk (node:internal/streams/readable:315:12) {
  code: 'ER_PARSE_ERROR',
  errno: 1064,
  sqlMessage: "You have an error in your SQL syntax; check the manual that corresponds to your MySQL server version for the right syntax to use near '/avatar/upload/20221006/1664986057875.png where id=102' at line 1",
  sqlState: '42000',
  index: 0,
  sql: 'update users set avatar=/avatar/upload/20221006/1664986057875.png where id=102'
}
[2022-10-06T00:14:08.160] [ERROR] error - Error: ER_PARSE_ERROR: You have an error in your SQL syntax; check the manual that corresponds to your MySQL server version for the right syntax to use near '/avatar/upload/20221006/1664986448146.png where id=102' at line 1
    at Query.Sequence._packetToError (D:\MyNam\Documents\Code\study\Koa2\3-前后端\2-后端模块\koa2-project\node_modules\mysql\lib\protocol\sequences\Sequence.js:47:14)
    at Query.ErrorPacket (D:\MyNam\Documents\Code\study\Koa2\3-前后端\2-后端模块\koa2-project\node_modules\mysql\lib\protocol\sequences\Query.js:79:18)
    at Protocol._parsePacket (D:\MyNam\Documents\Code\study\Koa2\3-前后端\2-后端模块\koa2-project\node_modules\mysql\lib\protocol\Protocol.js:291:23)
    at Parser._parsePacket (D:\MyNam\Documents\Code\study\Koa2\3-前后端\2-后端模块\koa2-project\node_modules\mysql\lib\protocol\Parser.js:433:10)
    at Parser.write (D:\MyNam\Documents\Code\study\Koa2\3-前后端\2-后端模块\koa2-project\node_modules\mysql\lib\protocol\Parser.js:43:10)
    at Protocol.write (D:\MyNam\Documents\Code\study\Koa2\3-前后端\2-后端模块\koa2-project\node_modules\mysql\lib\protocol\Protocol.js:38:16)
    at Socket.<anonymous> (D:\MyNam\Documents\Code\study\Koa2\3-前后端\2-后端模块\koa2-project\node_modules\mysql\lib\Connection.js:88:28)
    at Socket.<anonymous> (D:\MyNam\Documents\Code\study\Koa2\3-前后端\2-后端模块\koa2-project\node_modules\mysql\lib\Connection.js:526:10)
    at Socket.emit (node:events:390:28)
    at addChunk (node:internal/streams/readable:315:12)
    at readableAddChunk (node:internal/streams/readable:289:9)
    at Socket.Readable.push (node:internal/streams/readable:228:10)
    at TCP.onStreamRead (node:internal/stream_base_commons:199:23)
    --------------------
    at Protocol._enqueue (D:\MyNam\Documents\Code\study\Koa2\3-前后端\2-后端模块\koa2-project\node_modules\mysql\lib\protocol\Protocol.js:144:48)
    at PoolConnection.query (D:\MyNam\Documents\Code\study\Koa2\3-前后端\2-后端模块\koa2-project\node_modules\mysql\lib\Connection.js:198:25)
    at D:\MyNam\Documents\Code\study\Koa2\3-前后端\2-后端模块\koa2-project\utils\query.js:11:20
    at Ping.onOperationComplete (D:\MyNam\Documents\Code\study\Koa2\3-前后端\2-后端模块\koa2-project\node_modules\mysql\lib\Pool.js:110:5)
    at Ping.<anonymous> (D:\MyNam\Documents\Code\study\Koa2\3-前后端\2-后端模块\koa2-project\node_modules\mysql\lib\Connection.js:526:10)
    at Ping._callback (D:\MyNam\Documents\Code\study\Koa2\3-前后端\2-后端模块\koa2-project\node_modules\mysql\lib\Connection.js:488:16)
    at Ping.Sequence.end (D:\MyNam\Documents\Code\study\Koa2\3-前后端\2-后端模块\koa2-project\node_modules\mysql\lib\protocol\sequences\Sequence.js:83:24)
    at Ping.Sequence.OkPacket (D:\MyNam\Documents\Code\study\Koa2\3-前后端\2-后端模块\koa2-project\node_modules\mysql\lib\protocol\sequences\Sequence.js:92:8)
    at Protocol._parsePacket (D:\MyNam\Documents\Code\study\Koa2\3-前后端\2-后端模块\koa2-project\node_modules\mysql\lib\protocol\Protocol.js:291:23)
    at Parser._parsePacket (D:\MyNam\Documents\Code\study\Koa2\3-前后端\2-后端模块\koa2-project\node_modules\mysql\lib\protocol\Parser.js:433:10)
    at Parser.write (D:\MyNam\Documents\Code\study\Koa2\3-前后端\2-后端模块\koa2-project\node_modules\mysql\lib\protocol\Parser.js:43:10)
    at Protocol.write (D:\MyNam\Documents\Code\study\Koa2\3-前后端\2-后端模块\koa2-project\node_modules\mysql\lib\protocol\Protocol.js:38:16)
    at Socket.<anonymous> (D:\MyNam\Documents\Code\study\Koa2\3-前后端\2-后端模块\koa2-project\node_modules\mysql\lib\Connection.js:88:28)
    at Socket.<anonymous> (D:\MyNam\Documents\Code\study\Koa2\3-前后端\2-后端模块\koa2-project\node_modules\mysql\lib\Connection.js:526:10)
    at Socket.emit (node:events:390:28)
    at addChunk (node:internal/streams/readable:315:12) {
  code: 'ER_PARSE_ERROR',
  errno: 1064,
  sqlMessage: "You have an error in your SQL syntax; check the manual that corresponds to your MySQL server version for the right syntax to use near '/avatar/upload/20221006/1664986448146.png where id=102' at line 1",
  sqlState: '42000',
  index: 0,
  sql: 'update users set avatar=/avatar/upload/20221006/1664986448146.png where id=102'
}
[2022-10-06T05:51:40.671] [ERROR] error - Error: ER_PARSE_ERROR: You have an error in your SQL syntax; check the manual that corresponds to your MySQL server version for the right syntax to use near '/avatar/upload/20221006/1665006700652.png where id=102' at line 1
    at Query.Sequence._packetToError (D:\MyNam\Documents\Code\study\Koa2\3-前后端\2-后端模块\koa2-project\node_modules\mysql\lib\protocol\sequences\Sequence.js:47:14)
    at Query.ErrorPacket (D:\MyNam\Documents\Code\study\Koa2\3-前后端\2-后端模块\koa2-project\node_modules\mysql\lib\protocol\sequences\Query.js:79:18)
    at Protocol._parsePacket (D:\MyNam\Documents\Code\study\Koa2\3-前后端\2-后端模块\koa2-project\node_modules\mysql\lib\protocol\Protocol.js:291:23)
    at Parser._parsePacket (D:\MyNam\Documents\Code\study\Koa2\3-前后端\2-后端模块\koa2-project\node_modules\mysql\lib\protocol\Parser.js:433:10)
    at Parser.write (D:\MyNam\Documents\Code\study\Koa2\3-前后端\2-后端模块\koa2-project\node_modules\mysql\lib\protocol\Parser.js:43:10)
    at Protocol.write (D:\MyNam\Documents\Code\study\Koa2\3-前后端\2-后端模块\koa2-project\node_modules\mysql\lib\protocol\Protocol.js:38:16)
    at Socket.<anonymous> (D:\MyNam\Documents\Code\study\Koa2\3-前后端\2-后端模块\koa2-project\node_modules\mysql\lib\Connection.js:88:28)
    at Socket.<anonymous> (D:\MyNam\Documents\Code\study\Koa2\3-前后端\2-后端模块\koa2-project\node_modules\mysql\lib\Connection.js:526:10)
    at Socket.emit (node:events:390:28)
    at addChunk (node:internal/streams/readable:315:12)
    at readableAddChunk (node:internal/streams/readable:289:9)
    at Socket.Readable.push (node:internal/streams/readable:228:10)
    at TCP.onStreamRead (node:internal/stream_base_commons:199:23)
    --------------------
    at Protocol._enqueue (D:\MyNam\Documents\Code\study\Koa2\3-前后端\2-后端模块\koa2-project\node_modules\mysql\lib\protocol\Protocol.js:144:48)
    at PoolConnection.query (D:\MyNam\Documents\Code\study\Koa2\3-前后端\2-后端模块\koa2-project\node_modules\mysql\lib\Connection.js:198:25)
    at D:\MyNam\Documents\Code\study\Koa2\3-前后端\2-后端模块\koa2-project\utils\query.js:11:20
    at Ping.onOperationComplete (D:\MyNam\Documents\Code\study\Koa2\3-前后端\2-后端模块\koa2-project\node_modules\mysql\lib\Pool.js:110:5)
    at Ping.<anonymous> (D:\MyNam\Documents\Code\study\Koa2\3-前后端\2-后端模块\koa2-project\node_modules\mysql\lib\Connection.js:526:10)
    at Ping._callback (D:\MyNam\Documents\Code\study\Koa2\3-前后端\2-后端模块\koa2-project\node_modules\mysql\lib\Connection.js:488:16)
    at Ping.Sequence.end (D:\MyNam\Documents\Code\study\Koa2\3-前后端\2-后端模块\koa2-project\node_modules\mysql\lib\protocol\sequences\Sequence.js:83:24)
    at Ping.Sequence.OkPacket (D:\MyNam\Documents\Code\study\Koa2\3-前后端\2-后端模块\koa2-project\node_modules\mysql\lib\protocol\sequences\Sequence.js:92:8)
    at Protocol._parsePacket (D:\MyNam\Documents\Code\study\Koa2\3-前后端\2-后端模块\koa2-project\node_modules\mysql\lib\protocol\Protocol.js:291:23)
    at Parser._parsePacket (D:\MyNam\Documents\Code\study\Koa2\3-前后端\2-后端模块\koa2-project\node_modules\mysql\lib\protocol\Parser.js:433:10)
    at Parser.write (D:\MyNam\Documents\Code\study\Koa2\3-前后端\2-后端模块\koa2-project\node_modules\mysql\lib\protocol\Parser.js:43:10)
    at Protocol.write (D:\MyNam\Documents\Code\study\Koa2\3-前后端\2-后端模块\koa2-project\node_modules\mysql\lib\protocol\Protocol.js:38:16)
    at Socket.<anonymous> (D:\MyNam\Documents\Code\study\Koa2\3-前后端\2-后端模块\koa2-project\node_modules\mysql\lib\Connection.js:88:28)
    at Socket.<anonymous> (D:\MyNam\Documents\Code\study\Koa2\3-前后端\2-后端模块\koa2-project\node_modules\mysql\lib\Connection.js:526:10)
    at Socket.emit (node:events:390:28)
    at addChunk (node:internal/streams/readable:315:12) {
  code: 'ER_PARSE_ERROR',
  errno: 1064,
  sqlMessage: "You have an error in your SQL syntax; check the manual that corresponds to your MySQL server version for the right syntax to use near '/avatar/upload/20221006/1665006700652.png where id=102' at line 1",
  sqlState: '42000',
  index: 0,
  sql: 'update users set avatar=/avatar/upload/20221006/1665006700652.png where id=102'
}
[2022-10-06T05:57:07.759] [ERROR] error - Error: ER_PARSE_ERROR: You have an error in your SQL syntax; check the manual that corresponds to your MySQL server version for the right syntax to use near '/avatar/upload/20221006/1665007027704.png where id=102' at line 1
    at Query.Sequence._packetToError (D:\MyNam\Documents\Code\study\Koa2\3-前后端\2-后端模块\koa2-project\node_modules\mysql\lib\protocol\sequences\Sequence.js:47:14)
    at Query.ErrorPacket (D:\MyNam\Documents\Code\study\Koa2\3-前后端\2-后端模块\koa2-project\node_modules\mysql\lib\protocol\sequences\Query.js:79:18)
    at Protocol._parsePacket (D:\MyNam\Documents\Code\study\Koa2\3-前后端\2-后端模块\koa2-project\node_modules\mysql\lib\protocol\Protocol.js:291:23)
    at Parser._parsePacket (D:\MyNam\Documents\Code\study\Koa2\3-前后端\2-后端模块\koa2-project\node_modules\mysql\lib\protocol\Parser.js:433:10)
    at Parser.write (D:\MyNam\Documents\Code\study\Koa2\3-前后端\2-后端模块\koa2-project\node_modules\mysql\lib\protocol\Parser.js:43:10)
    at Protocol.write (D:\MyNam\Documents\Code\study\Koa2\3-前后端\2-后端模块\koa2-project\node_modules\mysql\lib\protocol\Protocol.js:38:16)
    at Socket.<anonymous> (D:\MyNam\Documents\Code\study\Koa2\3-前后端\2-后端模块\koa2-project\node_modules\mysql\lib\Connection.js:88:28)
    at Socket.<anonymous> (D:\MyNam\Documents\Code\study\Koa2\3-前后端\2-后端模块\koa2-project\node_modules\mysql\lib\Connection.js:526:10)
    at Socket.emit (node:events:390:28)
    at addChunk (node:internal/streams/readable:315:12)
    at readableAddChunk (node:internal/streams/readable:289:9)
    at Socket.Readable.push (node:internal/streams/readable:228:10)
    at TCP.onStreamRead (node:internal/stream_base_commons:199:23)
    --------------------
    at Protocol._enqueue (D:\MyNam\Documents\Code\study\Koa2\3-前后端\2-后端模块\koa2-project\node_modules\mysql\lib\protocol\Protocol.js:144:48)
    at PoolConnection.query (D:\MyNam\Documents\Code\study\Koa2\3-前后端\2-后端模块\koa2-project\node_modules\mysql\lib\Connection.js:198:25)
    at D:\MyNam\Documents\Code\study\Koa2\3-前后端\2-后端模块\koa2-project\utils\query.js:11:20
    at Ping.onOperationComplete (D:\MyNam\Documents\Code\study\Koa2\3-前后端\2-后端模块\koa2-project\node_modules\mysql\lib\Pool.js:110:5)
    at Ping.<anonymous> (D:\MyNam\Documents\Code\study\Koa2\3-前后端\2-后端模块\koa2-project\node_modules\mysql\lib\Connection.js:526:10)
    at Ping._callback (D:\MyNam\Documents\Code\study\Koa2\3-前后端\2-后端模块\koa2-project\node_modules\mysql\lib\Connection.js:488:16)
    at Ping.Sequence.end (D:\MyNam\Documents\Code\study\Koa2\3-前后端\2-后端模块\koa2-project\node_modules\mysql\lib\protocol\sequences\Sequence.js:83:24)
    at Ping.Sequence.OkPacket (D:\MyNam\Documents\Code\study\Koa2\3-前后端\2-后端模块\koa2-project\node_modules\mysql\lib\protocol\sequences\Sequence.js:92:8)
    at Protocol._parsePacket (D:\MyNam\Documents\Code\study\Koa2\3-前后端\2-后端模块\koa2-project\node_modules\mysql\lib\protocol\Protocol.js:291:23)
    at Parser._parsePacket (D:\MyNam\Documents\Code\study\Koa2\3-前后端\2-后端模块\koa2-project\node_modules\mysql\lib\protocol\Parser.js:433:10)
    at Parser.write (D:\MyNam\Documents\Code\study\Koa2\3-前后端\2-后端模块\koa2-project\node_modules\mysql\lib\protocol\Parser.js:43:10)
    at Protocol.write (D:\MyNam\Documents\Code\study\Koa2\3-前后端\2-后端模块\koa2-project\node_modules\mysql\lib\protocol\Protocol.js:38:16)
    at Socket.<anonymous> (D:\MyNam\Documents\Code\study\Koa2\3-前后端\2-后端模块\koa2-project\node_modules\mysql\lib\Connection.js:88:28)
    at Socket.<anonymous> (D:\MyNam\Documents\Code\study\Koa2\3-前后端\2-后端模块\koa2-project\node_modules\mysql\lib\Connection.js:526:10)
    at Socket.emit (node:events:390:28)
    at addChunk (node:internal/streams/readable:315:12) {
  code: 'ER_PARSE_ERROR',
  errno: 1064,
  sqlMessage: "You have an error in your SQL syntax; check the manual that corresponds to your MySQL server version for the right syntax to use near '/avatar/upload/20221006/1665007027704.png where id=102' at line 1",
  sqlState: '42000',
  index: 0,
  sql: 'update users set avatar=/avatar/upload/20221006/1665007027704.png where id=102'
}
[2022-10-06T06:00:49.829] [ERROR] error - Error: ER_PARSE_ERROR: You have an error in your SQL syntax; check the manual that corresponds to your MySQL server version for the right syntax to use near '/avatar/upload/20221006/1665007249771.png where id=102' at line 1
    at Query.Sequence._packetToError (D:\MyNam\Documents\Code\study\Koa2\3-前后端\2-后端模块\koa2-project\node_modules\mysql\lib\protocol\sequences\Sequence.js:47:14)
    at Query.ErrorPacket (D:\MyNam\Documents\Code\study\Koa2\3-前后端\2-后端模块\koa2-project\node_modules\mysql\lib\protocol\sequences\Query.js:79:18)
    at Protocol._parsePacket (D:\MyNam\Documents\Code\study\Koa2\3-前后端\2-后端模块\koa2-project\node_modules\mysql\lib\protocol\Protocol.js:291:23)
    at Parser._parsePacket (D:\MyNam\Documents\Code\study\Koa2\3-前后端\2-后端模块\koa2-project\node_modules\mysql\lib\protocol\Parser.js:433:10)
    at Parser.write (D:\MyNam\Documents\Code\study\Koa2\3-前后端\2-后端模块\koa2-project\node_modules\mysql\lib\protocol\Parser.js:43:10)
    at Protocol.write (D:\MyNam\Documents\Code\study\Koa2\3-前后端\2-后端模块\koa2-project\node_modules\mysql\lib\protocol\Protocol.js:38:16)
    at Socket.<anonymous> (D:\MyNam\Documents\Code\study\Koa2\3-前后端\2-后端模块\koa2-project\node_modules\mysql\lib\Connection.js:88:28)
    at Socket.<anonymous> (D:\MyNam\Documents\Code\study\Koa2\3-前后端\2-后端模块\koa2-project\node_modules\mysql\lib\Connection.js:526:10)
    at Socket.emit (node:events:390:28)
    at addChunk (node:internal/streams/readable:315:12)
    at readableAddChunk (node:internal/streams/readable:289:9)
    at Socket.Readable.push (node:internal/streams/readable:228:10)
    at TCP.onStreamRead (node:internal/stream_base_commons:199:23)
    --------------------
    at Protocol._enqueue (D:\MyNam\Documents\Code\study\Koa2\3-前后端\2-后端模块\koa2-project\node_modules\mysql\lib\protocol\Protocol.js:144:48)
    at PoolConnection.query (D:\MyNam\Documents\Code\study\Koa2\3-前后端\2-后端模块\koa2-project\node_modules\mysql\lib\Connection.js:198:25)
    at D:\MyNam\Documents\Code\study\Koa2\3-前后端\2-后端模块\koa2-project\utils\query.js:11:20
    at Ping.onOperationComplete (D:\MyNam\Documents\Code\study\Koa2\3-前后端\2-后端模块\koa2-project\node_modules\mysql\lib\Pool.js:110:5)
    at Ping.<anonymous> (D:\MyNam\Documents\Code\study\Koa2\3-前后端\2-后端模块\koa2-project\node_modules\mysql\lib\Connection.js:526:10)
    at Ping._callback (D:\MyNam\Documents\Code\study\Koa2\3-前后端\2-后端模块\koa2-project\node_modules\mysql\lib\Connection.js:488:16)
    at Ping.Sequence.end (D:\MyNam\Documents\Code\study\Koa2\3-前后端\2-后端模块\koa2-project\node_modules\mysql\lib\protocol\sequences\Sequence.js:83:24)
    at Ping.Sequence.OkPacket (D:\MyNam\Documents\Code\study\Koa2\3-前后端\2-后端模块\koa2-project\node_modules\mysql\lib\protocol\sequences\Sequence.js:92:8)
    at Protocol._parsePacket (D:\MyNam\Documents\Code\study\Koa2\3-前后端\2-后端模块\koa2-project\node_modules\mysql\lib\protocol\Protocol.js:291:23)
    at Parser._parsePacket (D:\MyNam\Documents\Code\study\Koa2\3-前后端\2-后端模块\koa2-project\node_modules\mysql\lib\protocol\Parser.js:433:10)
    at Parser.write (D:\MyNam\Documents\Code\study\Koa2\3-前后端\2-后端模块\koa2-project\node_modules\mysql\lib\protocol\Parser.js:43:10)
    at Protocol.write (D:\MyNam\Documents\Code\study\Koa2\3-前后端\2-后端模块\koa2-project\node_modules\mysql\lib\protocol\Protocol.js:38:16)
    at Socket.<anonymous> (D:\MyNam\Documents\Code\study\Koa2\3-前后端\2-后端模块\koa2-project\node_modules\mysql\lib\Connection.js:88:28)
    at Socket.<anonymous> (D:\MyNam\Documents\Code\study\Koa2\3-前后端\2-后端模块\koa2-project\node_modules\mysql\lib\Connection.js:526:10)
    at Socket.emit (node:events:390:28)
    at addChunk (node:internal/streams/readable:315:12) {
  code: 'ER_PARSE_ERROR',
  errno: 1064,
  sqlMessage: "You have an error in your SQL syntax; check the manual that corresponds to your MySQL server version for the right syntax to use near '/avatar/upload/20221006/1665007249771.png where id=102' at line 1",
  sqlState: '42000',
  index: 0,
  sql: 'update users set avatar=/avatar/upload/20221006/1665007249771.png where id=102'
}
[2022-10-06T06:02:43.412] [ERROR] error - Error: ER_PARSE_ERROR: You have an error in your SQL syntax; check the manual that corresponds to your MySQL server version for the right syntax to use near '/avatar/upload/20221006/1665007363355.png where id=102' at line 1
    at Query.Sequence._packetToError (D:\MyNam\Documents\Code\study\Koa2\3-前后端\2-后端模块\koa2-project\node_modules\mysql\lib\protocol\sequences\Sequence.js:47:14)
    at Query.ErrorPacket (D:\MyNam\Documents\Code\study\Koa2\3-前后端\2-后端模块\koa2-project\node_modules\mysql\lib\protocol\sequences\Query.js:79:18)
    at Protocol._parsePacket (D:\MyNam\Documents\Code\study\Koa2\3-前后端\2-后端模块\koa2-project\node_modules\mysql\lib\protocol\Protocol.js:291:23)
    at Parser._parsePacket (D:\MyNam\Documents\Code\study\Koa2\3-前后端\2-后端模块\koa2-project\node_modules\mysql\lib\protocol\Parser.js:433:10)
    at Parser.write (D:\MyNam\Documents\Code\study\Koa2\3-前后端\2-后端模块\koa2-project\node_modules\mysql\lib\protocol\Parser.js:43:10)
    at Protocol.write (D:\MyNam\Documents\Code\study\Koa2\3-前后端\2-后端模块\koa2-project\node_modules\mysql\lib\protocol\Protocol.js:38:16)
    at Socket.<anonymous> (D:\MyNam\Documents\Code\study\Koa2\3-前后端\2-后端模块\koa2-project\node_modules\mysql\lib\Connection.js:88:28)
    at Socket.<anonymous> (D:\MyNam\Documents\Code\study\Koa2\3-前后端\2-后端模块\koa2-project\node_modules\mysql\lib\Connection.js:526:10)
    at Socket.emit (node:events:390:28)
    at addChunk (node:internal/streams/readable:315:12)
    at readableAddChunk (node:internal/streams/readable:289:9)
    at Socket.Readable.push (node:internal/streams/readable:228:10)
    at TCP.onStreamRead (node:internal/stream_base_commons:199:23)
    --------------------
    at Protocol._enqueue (D:\MyNam\Documents\Code\study\Koa2\3-前后端\2-后端模块\koa2-project\node_modules\mysql\lib\protocol\Protocol.js:144:48)
    at PoolConnection.query (D:\MyNam\Documents\Code\study\Koa2\3-前后端\2-后端模块\koa2-project\node_modules\mysql\lib\Connection.js:198:25)
    at D:\MyNam\Documents\Code\study\Koa2\3-前后端\2-后端模块\koa2-project\utils\query.js:11:20
    at Ping.onOperationComplete (D:\MyNam\Documents\Code\study\Koa2\3-前后端\2-后端模块\koa2-project\node_modules\mysql\lib\Pool.js:110:5)
    at Ping.<anonymous> (D:\MyNam\Documents\Code\study\Koa2\3-前后端\2-后端模块\koa2-project\node_modules\mysql\lib\Connection.js:526:10)
    at Ping._callback (D:\MyNam\Documents\Code\study\Koa2\3-前后端\2-后端模块\koa2-project\node_modules\mysql\lib\Connection.js:488:16)
    at Ping.Sequence.end (D:\MyNam\Documents\Code\study\Koa2\3-前后端\2-后端模块\koa2-project\node_modules\mysql\lib\protocol\sequences\Sequence.js:83:24)
    at Ping.Sequence.OkPacket (D:\MyNam\Documents\Code\study\Koa2\3-前后端\2-后端模块\koa2-project\node_modules\mysql\lib\protocol\sequences\Sequence.js:92:8)
    at Protocol._parsePacket (D:\MyNam\Documents\Code\study\Koa2\3-前后端\2-后端模块\koa2-project\node_modules\mysql\lib\protocol\Protocol.js:291:23)
    at Parser._parsePacket (D:\MyNam\Documents\Code\study\Koa2\3-前后端\2-后端模块\koa2-project\node_modules\mysql\lib\protocol\Parser.js:433:10)
    at Parser.write (D:\MyNam\Documents\Code\study\Koa2\3-前后端\2-后端模块\koa2-project\node_modules\mysql\lib\protocol\Parser.js:43:10)
    at Protocol.write (D:\MyNam\Documents\Code\study\Koa2\3-前后端\2-后端模块\koa2-project\node_modules\mysql\lib\protocol\Protocol.js:38:16)
    at Socket.<anonymous> (D:\MyNam\Documents\Code\study\Koa2\3-前后端\2-后端模块\koa2-project\node_modules\mysql\lib\Connection.js:88:28)
    at Socket.<anonymous> (D:\MyNam\Documents\Code\study\Koa2\3-前后端\2-后端模块\koa2-project\node_modules\mysql\lib\Connection.js:526:10)
    at Socket.emit (node:events:390:28)
    at addChunk (node:internal/streams/readable:315:12) {
  code: 'ER_PARSE_ERROR',
  errno: 1064,
  sqlMessage: "You have an error in your SQL syntax; check the manual that corresponds to your MySQL server version for the right syntax to use near '/avatar/upload/20221006/1665007363355.png where id=102' at line 1",
  sqlState: '42000',
  index: 0,
  sql: 'update user set avatar=/avatar/upload/20221006/1665007363355.png where id=102'
}
[2022-10-06T06:05:03.878] [ERROR] error - Error: ER_PARSE_ERROR: You have an error in your SQL syntax; check the manual that corresponds to your MySQL server version for the right syntax to use near '/avatar/upload/20221006/1665007503821.png where id=102' at line 1
    at Query.Sequence._packetToError (D:\MyNam\Documents\Code\study\Koa2\3-前后端\2-后端模块\koa2-project\node_modules\mysql\lib\protocol\sequences\Sequence.js:47:14)
    at Query.ErrorPacket (D:\MyNam\Documents\Code\study\Koa2\3-前后端\2-后端模块\koa2-project\node_modules\mysql\lib\protocol\sequences\Query.js:79:18)
    at Protocol._parsePacket (D:\MyNam\Documents\Code\study\Koa2\3-前后端\2-后端模块\koa2-project\node_modules\mysql\lib\protocol\Protocol.js:291:23)
    at Parser._parsePacket (D:\MyNam\Documents\Code\study\Koa2\3-前后端\2-后端模块\koa2-project\node_modules\mysql\lib\protocol\Parser.js:433:10)
    at Parser.write (D:\MyNam\Documents\Code\study\Koa2\3-前后端\2-后端模块\koa2-project\node_modules\mysql\lib\protocol\Parser.js:43:10)
    at Protocol.write (D:\MyNam\Documents\Code\study\Koa2\3-前后端\2-后端模块\koa2-project\node_modules\mysql\lib\protocol\Protocol.js:38:16)
    at Socket.<anonymous> (D:\MyNam\Documents\Code\study\Koa2\3-前后端\2-后端模块\koa2-project\node_modules\mysql\lib\Connection.js:88:28)
    at Socket.<anonymous> (D:\MyNam\Documents\Code\study\Koa2\3-前后端\2-后端模块\koa2-project\node_modules\mysql\lib\Connection.js:526:10)
    at Socket.emit (node:events:390:28)
    at addChunk (node:internal/streams/readable:315:12)
    at readableAddChunk (node:internal/streams/readable:289:9)
    at Socket.Readable.push (node:internal/streams/readable:228:10)
    at TCP.onStreamRead (node:internal/stream_base_commons:199:23)
    --------------------
    at Protocol._enqueue (D:\MyNam\Documents\Code\study\Koa2\3-前后端\2-后端模块\koa2-project\node_modules\mysql\lib\protocol\Protocol.js:144:48)
    at PoolConnection.query (D:\MyNam\Documents\Code\study\Koa2\3-前后端\2-后端模块\koa2-project\node_modules\mysql\lib\Connection.js:198:25)
    at D:\MyNam\Documents\Code\study\Koa2\3-前后端\2-后端模块\koa2-project\utils\query.js:11:20
    at Ping.onOperationComplete (D:\MyNam\Documents\Code\study\Koa2\3-前后端\2-后端模块\koa2-project\node_modules\mysql\lib\Pool.js:110:5)
    at Ping.<anonymous> (D:\MyNam\Documents\Code\study\Koa2\3-前后端\2-后端模块\koa2-project\node_modules\mysql\lib\Connection.js:526:10)
    at Ping._callback (D:\MyNam\Documents\Code\study\Koa2\3-前后端\2-后端模块\koa2-project\node_modules\mysql\lib\Connection.js:488:16)
    at Ping.Sequence.end (D:\MyNam\Documents\Code\study\Koa2\3-前后端\2-后端模块\koa2-project\node_modules\mysql\lib\protocol\sequences\Sequence.js:83:24)
    at Ping.Sequence.OkPacket (D:\MyNam\Documents\Code\study\Koa2\3-前后端\2-后端模块\koa2-project\node_modules\mysql\lib\protocol\sequences\Sequence.js:92:8)
    at Protocol._parsePacket (D:\MyNam\Documents\Code\study\Koa2\3-前后端\2-后端模块\koa2-project\node_modules\mysql\lib\protocol\Protocol.js:291:23)
    at Parser._parsePacket (D:\MyNam\Documents\Code\study\Koa2\3-前后端\2-后端模块\koa2-project\node_modules\mysql\lib\protocol\Parser.js:433:10)
    at Parser.write (D:\MyNam\Documents\Code\study\Koa2\3-前后端\2-后端模块\koa2-project\node_modules\mysql\lib\protocol\Parser.js:43:10)
    at Protocol.write (D:\MyNam\Documents\Code\study\Koa2\3-前后端\2-后端模块\koa2-project\node_modules\mysql\lib\protocol\Protocol.js:38:16)
    at Socket.<anonymous> (D:\MyNam\Documents\Code\study\Koa2\3-前后端\2-后端模块\koa2-project\node_modules\mysql\lib\Connection.js:88:28)
    at Socket.<anonymous> (D:\MyNam\Documents\Code\study\Koa2\3-前后端\2-后端模块\koa2-project\node_modules\mysql\lib\Connection.js:526:10)
    at Socket.emit (node:events:390:28)
    at addChunk (node:internal/streams/readable:315:12) {
  code: 'ER_PARSE_ERROR',
  errno: 1064,
  sqlMessage: "You have an error in your SQL syntax; check the manual that corresponds to your MySQL server version for the right syntax to use near '/avatar/upload/20221006/1665007503821.png where id=102' at line 1",
  sqlState: '42000',
  index: 0,
  sql: 'update user set avatar=/avatar/upload/20221006/1665007503821.png where id=102'
}
[2022-10-06T06:07:32.191] [ERROR] error - Error: ER_PARSE_ERROR: You have an error in your SQL syntax; check the manual that corresponds to your MySQL server version for the right syntax to use near '/avatar/upload/20221006/1665007652130.png where id=102' at line 1
    at Query.Sequence._packetToError (D:\MyNam\Documents\Code\study\Koa2\3-前后端\2-后端模块\koa2-project\node_modules\mysql\lib\protocol\sequences\Sequence.js:47:14)
    at Query.ErrorPacket (D:\MyNam\Documents\Code\study\Koa2\3-前后端\2-后端模块\koa2-project\node_modules\mysql\lib\protocol\sequences\Query.js:79:18)
    at Protocol._parsePacket (D:\MyNam\Documents\Code\study\Koa2\3-前后端\2-后端模块\koa2-project\node_modules\mysql\lib\protocol\Protocol.js:291:23)
    at Parser._parsePacket (D:\MyNam\Documents\Code\study\Koa2\3-前后端\2-后端模块\koa2-project\node_modules\mysql\lib\protocol\Parser.js:433:10)
    at Parser.write (D:\MyNam\Documents\Code\study\Koa2\3-前后端\2-后端模块\koa2-project\node_modules\mysql\lib\protocol\Parser.js:43:10)
    at Protocol.write (D:\MyNam\Documents\Code\study\Koa2\3-前后端\2-后端模块\koa2-project\node_modules\mysql\lib\protocol\Protocol.js:38:16)
    at Socket.<anonymous> (D:\MyNam\Documents\Code\study\Koa2\3-前后端\2-后端模块\koa2-project\node_modules\mysql\lib\Connection.js:88:28)
    at Socket.<anonymous> (D:\MyNam\Documents\Code\study\Koa2\3-前后端\2-后端模块\koa2-project\node_modules\mysql\lib\Connection.js:526:10)
    at Socket.emit (node:events:390:28)
    at addChunk (node:internal/streams/readable:315:12)
    at readableAddChunk (node:internal/streams/readable:289:9)
    at Socket.Readable.push (node:internal/streams/readable:228:10)
    at TCP.onStreamRead (node:internal/stream_base_commons:199:23)
    --------------------
    at Protocol._enqueue (D:\MyNam\Documents\Code\study\Koa2\3-前后端\2-后端模块\koa2-project\node_modules\mysql\lib\protocol\Protocol.js:144:48)
    at PoolConnection.query (D:\MyNam\Documents\Code\study\Koa2\3-前后端\2-后端模块\koa2-project\node_modules\mysql\lib\Connection.js:198:25)
    at D:\MyNam\Documents\Code\study\Koa2\3-前后端\2-后端模块\koa2-project\utils\query.js:11:20
    at Ping.onOperationComplete (D:\MyNam\Documents\Code\study\Koa2\3-前后端\2-后端模块\koa2-project\node_modules\mysql\lib\Pool.js:110:5)
    at Ping.<anonymous> (D:\MyNam\Documents\Code\study\Koa2\3-前后端\2-后端模块\koa2-project\node_modules\mysql\lib\Connection.js:526:10)
    at Ping._callback (D:\MyNam\Documents\Code\study\Koa2\3-前后端\2-后端模块\koa2-project\node_modules\mysql\lib\Connection.js:488:16)
    at Ping.Sequence.end (D:\MyNam\Documents\Code\study\Koa2\3-前后端\2-后端模块\koa2-project\node_modules\mysql\lib\protocol\sequences\Sequence.js:83:24)
    at Ping.Sequence.OkPacket (D:\MyNam\Documents\Code\study\Koa2\3-前后端\2-后端模块\koa2-project\node_modules\mysql\lib\protocol\sequences\Sequence.js:92:8)
    at Protocol._parsePacket (D:\MyNam\Documents\Code\study\Koa2\3-前后端\2-后端模块\koa2-project\node_modules\mysql\lib\protocol\Protocol.js:291:23)
    at Parser._parsePacket (D:\MyNam\Documents\Code\study\Koa2\3-前后端\2-后端模块\koa2-project\node_modules\mysql\lib\protocol\Parser.js:433:10)
    at Parser.write (D:\MyNam\Documents\Code\study\Koa2\3-前后端\2-后端模块\koa2-project\node_modules\mysql\lib\protocol\Parser.js:43:10)
    at Protocol.write (D:\MyNam\Documents\Code\study\Koa2\3-前后端\2-后端模块\koa2-project\node_modules\mysql\lib\protocol\Protocol.js:38:16)
    at Socket.<anonymous> (D:\MyNam\Documents\Code\study\Koa2\3-前后端\2-后端模块\koa2-project\node_modules\mysql\lib\Connection.js:88:28)
    at Socket.<anonymous> (D:\MyNam\Documents\Code\study\Koa2\3-前后端\2-后端模块\koa2-project\node_modules\mysql\lib\Connection.js:526:10)
    at Socket.emit (node:events:390:28)
    at addChunk (node:internal/streams/readable:315:12) {
  code: 'ER_PARSE_ERROR',
  errno: 1064,
  sqlMessage: "You have an error in your SQL syntax; check the manual that corresponds to your MySQL server version for the right syntax to use near '/avatar/upload/20221006/1665007652130.png where id=102' at line 1",
  sqlState: '42000',
  index: 0,
  sql: 'update user set avatar=/avatar/upload/20221006/1665007652130.png where id=102'
}
[2022-10-06T06:15:52.220] [ERROR] error - Error: ER_PARSE_ERROR: You have an error in your SQL syntax; check the manual that corresponds to your MySQL server version for the right syntax to use near '/avatar/upload/20221006/1665008152164.png where id=102' at line 1
    at Query.Sequence._packetToError (D:\MyNam\Documents\Code\study\Koa2\3-前后端\2-后端模块\koa2-project\node_modules\mysql\lib\protocol\sequences\Sequence.js:47:14)
    at Query.ErrorPacket (D:\MyNam\Documents\Code\study\Koa2\3-前后端\2-后端模块\koa2-project\node_modules\mysql\lib\protocol\sequences\Query.js:79:18)
    at Protocol._parsePacket (D:\MyNam\Documents\Code\study\Koa2\3-前后端\2-后端模块\koa2-project\node_modules\mysql\lib\protocol\Protocol.js:291:23)
    at Parser._parsePacket (D:\MyNam\Documents\Code\study\Koa2\3-前后端\2-后端模块\koa2-project\node_modules\mysql\lib\protocol\Parser.js:433:10)
    at Parser.write (D:\MyNam\Documents\Code\study\Koa2\3-前后端\2-后端模块\koa2-project\node_modules\mysql\lib\protocol\Parser.js:43:10)
    at Protocol.write (D:\MyNam\Documents\Code\study\Koa2\3-前后端\2-后端模块\koa2-project\node_modules\mysql\lib\protocol\Protocol.js:38:16)
    at Socket.<anonymous> (D:\MyNam\Documents\Code\study\Koa2\3-前后端\2-后端模块\koa2-project\node_modules\mysql\lib\Connection.js:88:28)
    at Socket.<anonymous> (D:\MyNam\Documents\Code\study\Koa2\3-前后端\2-后端模块\koa2-project\node_modules\mysql\lib\Connection.js:526:10)
    at Socket.emit (node:events:390:28)
    at addChunk (node:internal/streams/readable:315:12)
    at readableAddChunk (node:internal/streams/readable:289:9)
    at Socket.Readable.push (node:internal/streams/readable:228:10)
    at TCP.onStreamRead (node:internal/stream_base_commons:199:23)
    --------------------
    at Protocol._enqueue (D:\MyNam\Documents\Code\study\Koa2\3-前后端\2-后端模块\koa2-project\node_modules\mysql\lib\protocol\Protocol.js:144:48)
    at PoolConnection.query (D:\MyNam\Documents\Code\study\Koa2\3-前后端\2-后端模块\koa2-project\node_modules\mysql\lib\Connection.js:198:25)
    at D:\MyNam\Documents\Code\study\Koa2\3-前后端\2-后端模块\koa2-project\utils\query.js:11:20
    at Ping.onOperationComplete (D:\MyNam\Documents\Code\study\Koa2\3-前后端\2-后端模块\koa2-project\node_modules\mysql\lib\Pool.js:110:5)
    at Ping.<anonymous> (D:\MyNam\Documents\Code\study\Koa2\3-前后端\2-后端模块\koa2-project\node_modules\mysql\lib\Connection.js:526:10)
    at Ping._callback (D:\MyNam\Documents\Code\study\Koa2\3-前后端\2-后端模块\koa2-project\node_modules\mysql\lib\Connection.js:488:16)
    at Ping.Sequence.end (D:\MyNam\Documents\Code\study\Koa2\3-前后端\2-后端模块\koa2-project\node_modules\mysql\lib\protocol\sequences\Sequence.js:83:24)
    at Ping.Sequence.OkPacket (D:\MyNam\Documents\Code\study\Koa2\3-前后端\2-后端模块\koa2-project\node_modules\mysql\lib\protocol\sequences\Sequence.js:92:8)
    at Protocol._parsePacket (D:\MyNam\Documents\Code\study\Koa2\3-前后端\2-后端模块\koa2-project\node_modules\mysql\lib\protocol\Protocol.js:291:23)
    at Parser._parsePacket (D:\MyNam\Documents\Code\study\Koa2\3-前后端\2-后端模块\koa2-project\node_modules\mysql\lib\protocol\Parser.js:433:10)
    at Parser.write (D:\MyNam\Documents\Code\study\Koa2\3-前后端\2-后端模块\koa2-project\node_modules\mysql\lib\protocol\Parser.js:43:10)
    at Protocol.write (D:\MyNam\Documents\Code\study\Koa2\3-前后端\2-后端模块\koa2-project\node_modules\mysql\lib\protocol\Protocol.js:38:16)
    at Socket.<anonymous> (D:\MyNam\Documents\Code\study\Koa2\3-前后端\2-后端模块\koa2-project\node_modules\mysql\lib\Connection.js:88:28)
    at Socket.<anonymous> (D:\MyNam\Documents\Code\study\Koa2\3-前后端\2-后端模块\koa2-project\node_modules\mysql\lib\Connection.js:526:10)
    at Socket.emit (node:events:390:28)
    at addChunk (node:internal/streams/readable:315:12) {
  code: 'ER_PARSE_ERROR',
  errno: 1064,
  sqlMessage: "You have an error in your SQL syntax; check the manual that corresponds to your MySQL server version for the right syntax to use near '/avatar/upload/20221006/1665008152164.png where id=102' at line 1",
  sqlState: '42000',
  index: 0,
  sql: 'update user set avatar=/avatar/upload/20221006/1665008152164.png where id=102'
}
[2022-10-06T14:15:49.198] [ERROR] error - Error: ER_PARSE_ERROR: You have an error in your SQL syntax; check the manual that corresponds to your MySQL server version for the right syntax to use near '/avatar/upload/20221006/1665036949175.png where id=102' at line 1
    at Query.Sequence._packetToError (D:\MyNam\Documents\Code\study\Koa2\3-前后端\2-后端模块\koa2-project\node_modules\mysql\lib\protocol\sequences\Sequence.js:47:14)
    at Query.ErrorPacket (D:\MyNam\Documents\Code\study\Koa2\3-前后端\2-后端模块\koa2-project\node_modules\mysql\lib\protocol\sequences\Query.js:79:18)
    at Protocol._parsePacket (D:\MyNam\Documents\Code\study\Koa2\3-前后端\2-后端模块\koa2-project\node_modules\mysql\lib\protocol\Protocol.js:291:23)
    at Parser._parsePacket (D:\MyNam\Documents\Code\study\Koa2\3-前后端\2-后端模块\koa2-project\node_modules\mysql\lib\protocol\Parser.js:433:10)
    at Parser.write (D:\MyNam\Documents\Code\study\Koa2\3-前后端\2-后端模块\koa2-project\node_modules\mysql\lib\protocol\Parser.js:43:10)
    at Protocol.write (D:\MyNam\Documents\Code\study\Koa2\3-前后端\2-后端模块\koa2-project\node_modules\mysql\lib\protocol\Protocol.js:38:16)
    at Socket.<anonymous> (D:\MyNam\Documents\Code\study\Koa2\3-前后端\2-后端模块\koa2-project\node_modules\mysql\lib\Connection.js:88:28)
    at Socket.<anonymous> (D:\MyNam\Documents\Code\study\Koa2\3-前后端\2-后端模块\koa2-project\node_modules\mysql\lib\Connection.js:526:10)
    at Socket.emit (node:events:390:28)
    at addChunk (node:internal/streams/readable:315:12)
    at readableAddChunk (node:internal/streams/readable:289:9)
    at Socket.Readable.push (node:internal/streams/readable:228:10)
    at TCP.onStreamRead (node:internal/stream_base_commons:199:23)
    --------------------
    at Protocol._enqueue (D:\MyNam\Documents\Code\study\Koa2\3-前后端\2-后端模块\koa2-project\node_modules\mysql\lib\protocol\Protocol.js:144:48)
    at PoolConnection.query (D:\MyNam\Documents\Code\study\Koa2\3-前后端\2-后端模块\koa2-project\node_modules\mysql\lib\Connection.js:198:25)
    at D:\MyNam\Documents\Code\study\Koa2\3-前后端\2-后端模块\koa2-project\utils\query.js:11:20
    at Ping.onOperationComplete (D:\MyNam\Documents\Code\study\Koa2\3-前后端\2-后端模块\koa2-project\node_modules\mysql\lib\Pool.js:110:5)
    at Ping.<anonymous> (D:\MyNam\Documents\Code\study\Koa2\3-前后端\2-后端模块\koa2-project\node_modules\mysql\lib\Connection.js:526:10)
    at Ping._callback (D:\MyNam\Documents\Code\study\Koa2\3-前后端\2-后端模块\koa2-project\node_modules\mysql\lib\Connection.js:488:16)
    at Ping.Sequence.end (D:\MyNam\Documents\Code\study\Koa2\3-前后端\2-后端模块\koa2-project\node_modules\mysql\lib\protocol\sequences\Sequence.js:83:24)
    at Ping.Sequence.OkPacket (D:\MyNam\Documents\Code\study\Koa2\3-前后端\2-后端模块\koa2-project\node_modules\mysql\lib\protocol\sequences\Sequence.js:92:8)
    at Protocol._parsePacket (D:\MyNam\Documents\Code\study\Koa2\3-前后端\2-后端模块\koa2-project\node_modules\mysql\lib\protocol\Protocol.js:291:23)
    at Parser._parsePacket (D:\MyNam\Documents\Code\study\Koa2\3-前后端\2-后端模块\koa2-project\node_modules\mysql\lib\protocol\Parser.js:433:10)
    at Parser.write (D:\MyNam\Documents\Code\study\Koa2\3-前后端\2-后端模块\koa2-project\node_modules\mysql\lib\protocol\Parser.js:43:10)
    at Protocol.write (D:\MyNam\Documents\Code\study\Koa2\3-前后端\2-后端模块\koa2-project\node_modules\mysql\lib\protocol\Protocol.js:38:16)
    at Socket.<anonymous> (D:\MyNam\Documents\Code\study\Koa2\3-前后端\2-后端模块\koa2-project\node_modules\mysql\lib\Connection.js:88:28)
    at Socket.<anonymous> (D:\MyNam\Documents\Code\study\Koa2\3-前后端\2-后端模块\koa2-project\node_modules\mysql\lib\Connection.js:526:10)
    at Socket.emit (node:events:390:28)
    at addChunk (node:internal/streams/readable:315:12) {
  code: 'ER_PARSE_ERROR',
  errno: 1064,
  sqlMessage: "You have an error in your SQL syntax; check the manual that corresponds to your MySQL server version for the right syntax to use near '/avatar/upload/20221006/1665036949175.png where id=102' at line 1",
  sqlState: '42000',
  index: 0,
  sql: 'update user set avatar=/avatar/upload/20221006/1665036949175.png where id=102'
}
[2022-10-06T14:45:18.971] [ERROR] error - Error: ER_PARSE_ERROR: You have an error in your SQL syntax; check the manual that corresponds to your MySQL server version for the right syntax to use near '/avatar/upload/20221006/1665038718917.png where id=102' at line 1
    at Query.Sequence._packetToError (D:\MyNam\Documents\Code\study\Koa2\3-前后端\2-后端模块\koa2-project\node_modules\mysql\lib\protocol\sequences\Sequence.js:47:14)
    at Query.ErrorPacket (D:\MyNam\Documents\Code\study\Koa2\3-前后端\2-后端模块\koa2-project\node_modules\mysql\lib\protocol\sequences\Query.js:79:18)
    at Protocol._parsePacket (D:\MyNam\Documents\Code\study\Koa2\3-前后端\2-后端模块\koa2-project\node_modules\mysql\lib\protocol\Protocol.js:291:23)
    at Parser._parsePacket (D:\MyNam\Documents\Code\study\Koa2\3-前后端\2-后端模块\koa2-project\node_modules\mysql\lib\protocol\Parser.js:433:10)
    at Parser.write (D:\MyNam\Documents\Code\study\Koa2\3-前后端\2-后端模块\koa2-project\node_modules\mysql\lib\protocol\Parser.js:43:10)
    at Protocol.write (D:\MyNam\Documents\Code\study\Koa2\3-前后端\2-后端模块\koa2-project\node_modules\mysql\lib\protocol\Protocol.js:38:16)
    at Socket.<anonymous> (D:\MyNam\Documents\Code\study\Koa2\3-前后端\2-后端模块\koa2-project\node_modules\mysql\lib\Connection.js:88:28)
    at Socket.<anonymous> (D:\MyNam\Documents\Code\study\Koa2\3-前后端\2-后端模块\koa2-project\node_modules\mysql\lib\Connection.js:526:10)
    at Socket.emit (node:events:390:28)
    at addChunk (node:internal/streams/readable:315:12)
    at readableAddChunk (node:internal/streams/readable:289:9)
    at Socket.Readable.push (node:internal/streams/readable:228:10)
    at TCP.onStreamRead (node:internal/stream_base_commons:199:23)
    --------------------
    at Protocol._enqueue (D:\MyNam\Documents\Code\study\Koa2\3-前后端\2-后端模块\koa2-project\node_modules\mysql\lib\protocol\Protocol.js:144:48)
    at PoolConnection.query (D:\MyNam\Documents\Code\study\Koa2\3-前后端\2-后端模块\koa2-project\node_modules\mysql\lib\Connection.js:198:25)
    at D:\MyNam\Documents\Code\study\Koa2\3-前后端\2-后端模块\koa2-project\utils\query.js:11:20
    at Ping.onOperationComplete (D:\MyNam\Documents\Code\study\Koa2\3-前后端\2-后端模块\koa2-project\node_modules\mysql\lib\Pool.js:110:5)
    at Ping.<anonymous> (D:\MyNam\Documents\Code\study\Koa2\3-前后端\2-后端模块\koa2-project\node_modules\mysql\lib\Connection.js:526:10)
    at Ping._callback (D:\MyNam\Documents\Code\study\Koa2\3-前后端\2-后端模块\koa2-project\node_modules\mysql\lib\Connection.js:488:16)
    at Ping.Sequence.end (D:\MyNam\Documents\Code\study\Koa2\3-前后端\2-后端模块\koa2-project\node_modules\mysql\lib\protocol\sequences\Sequence.js:83:24)
    at Ping.Sequence.OkPacket (D:\MyNam\Documents\Code\study\Koa2\3-前后端\2-后端模块\koa2-project\node_modules\mysql\lib\protocol\sequences\Sequence.js:92:8)
    at Protocol._parsePacket (D:\MyNam\Documents\Code\study\Koa2\3-前后端\2-后端模块\koa2-project\node_modules\mysql\lib\protocol\Protocol.js:291:23)
    at Parser._parsePacket (D:\MyNam\Documents\Code\study\Koa2\3-前后端\2-后端模块\koa2-project\node_modules\mysql\lib\protocol\Parser.js:433:10)
    at Parser.write (D:\MyNam\Documents\Code\study\Koa2\3-前后端\2-后端模块\koa2-project\node_modules\mysql\lib\protocol\Parser.js:43:10)
    at Protocol.write (D:\MyNam\Documents\Code\study\Koa2\3-前后端\2-后端模块\koa2-project\node_modules\mysql\lib\protocol\Protocol.js:38:16)
    at Socket.<anonymous> (D:\MyNam\Documents\Code\study\Koa2\3-前后端\2-后端模块\koa2-project\node_modules\mysql\lib\Connection.js:88:28)
    at Socket.<anonymous> (D:\MyNam\Documents\Code\study\Koa2\3-前后端\2-后端模块\koa2-project\node_modules\mysql\lib\Connection.js:526:10)
    at Socket.emit (node:events:390:28)
    at addChunk (node:internal/streams/readable:315:12) {
  code: 'ER_PARSE_ERROR',
  errno: 1064,
  sqlMessage: "You have an error in your SQL syntax; check the manual that corresponds to your MySQL server version for the right syntax to use near '/avatar/upload/20221006/1665038718917.png where id=102' at line 1",
  sqlState: '42000',
  index: 0,
  sql: 'update user set avatar=/avatar/upload/20221006/1665038718917.png where id=102'
}
[2022-10-06T14:49:37.928] [ERROR] error - Error: ER_PARSE_ERROR: You have an error in your SQL syntax; check the manual that corresponds to your MySQL server version for the right syntax to use near '/avatar/upload/20221006/1665038977876.png where id=102' at line 1
    at Query.Sequence._packetToError (D:\MyNam\Documents\Code\study\Koa2\3-前后端\2-后端模块\koa2-project\node_modules\mysql\lib\protocol\sequences\Sequence.js:47:14)
    at Query.ErrorPacket (D:\MyNam\Documents\Code\study\Koa2\3-前后端\2-后端模块\koa2-project\node_modules\mysql\lib\protocol\sequences\Query.js:79:18)
    at Protocol._parsePacket (D:\MyNam\Documents\Code\study\Koa2\3-前后端\2-后端模块\koa2-project\node_modules\mysql\lib\protocol\Protocol.js:291:23)
    at Parser._parsePacket (D:\MyNam\Documents\Code\study\Koa2\3-前后端\2-后端模块\koa2-project\node_modules\mysql\lib\protocol\Parser.js:433:10)
    at Parser.write (D:\MyNam\Documents\Code\study\Koa2\3-前后端\2-后端模块\koa2-project\node_modules\mysql\lib\protocol\Parser.js:43:10)
    at Protocol.write (D:\MyNam\Documents\Code\study\Koa2\3-前后端\2-后端模块\koa2-project\node_modules\mysql\lib\protocol\Protocol.js:38:16)
    at Socket.<anonymous> (D:\MyNam\Documents\Code\study\Koa2\3-前后端\2-后端模块\koa2-project\node_modules\mysql\lib\Connection.js:88:28)
    at Socket.<anonymous> (D:\MyNam\Documents\Code\study\Koa2\3-前后端\2-后端模块\koa2-project\node_modules\mysql\lib\Connection.js:526:10)
    at Socket.emit (node:events:390:28)
    at addChunk (node:internal/streams/readable:315:12)
    at readableAddChunk (node:internal/streams/readable:289:9)
    at Socket.Readable.push (node:internal/streams/readable:228:10)
    at TCP.onStreamRead (node:internal/stream_base_commons:199:23)
    --------------------
    at Protocol._enqueue (D:\MyNam\Documents\Code\study\Koa2\3-前后端\2-后端模块\koa2-project\node_modules\mysql\lib\protocol\Protocol.js:144:48)
    at PoolConnection.query (D:\MyNam\Documents\Code\study\Koa2\3-前后端\2-后端模块\koa2-project\node_modules\mysql\lib\Connection.js:198:25)
    at D:\MyNam\Documents\Code\study\Koa2\3-前后端\2-后端模块\koa2-project\utils\query.js:11:20
    at Ping.onOperationComplete (D:\MyNam\Documents\Code\study\Koa2\3-前后端\2-后端模块\koa2-project\node_modules\mysql\lib\Pool.js:110:5)
    at Ping.<anonymous> (D:\MyNam\Documents\Code\study\Koa2\3-前后端\2-后端模块\koa2-project\node_modules\mysql\lib\Connection.js:526:10)
    at Ping._callback (D:\MyNam\Documents\Code\study\Koa2\3-前后端\2-后端模块\koa2-project\node_modules\mysql\lib\Connection.js:488:16)
    at Ping.Sequence.end (D:\MyNam\Documents\Code\study\Koa2\3-前后端\2-后端模块\koa2-project\node_modules\mysql\lib\protocol\sequences\Sequence.js:83:24)
    at Ping.Sequence.OkPacket (D:\MyNam\Documents\Code\study\Koa2\3-前后端\2-后端模块\koa2-project\node_modules\mysql\lib\protocol\sequences\Sequence.js:92:8)
    at Protocol._parsePacket (D:\MyNam\Documents\Code\study\Koa2\3-前后端\2-后端模块\koa2-project\node_modules\mysql\lib\protocol\Protocol.js:291:23)
    at Parser._parsePacket (D:\MyNam\Documents\Code\study\Koa2\3-前后端\2-后端模块\koa2-project\node_modules\mysql\lib\protocol\Parser.js:433:10)
    at Parser.write (D:\MyNam\Documents\Code\study\Koa2\3-前后端\2-后端模块\koa2-project\node_modules\mysql\lib\protocol\Parser.js:43:10)
    at Protocol.write (D:\MyNam\Documents\Code\study\Koa2\3-前后端\2-后端模块\koa2-project\node_modules\mysql\lib\protocol\Protocol.js:38:16)
    at Socket.<anonymous> (D:\MyNam\Documents\Code\study\Koa2\3-前后端\2-后端模块\koa2-project\node_modules\mysql\lib\Connection.js:88:28)
    at Socket.<anonymous> (D:\MyNam\Documents\Code\study\Koa2\3-前后端\2-后端模块\koa2-project\node_modules\mysql\lib\Connection.js:526:10)
    at Socket.emit (node:events:390:28)
    at addChunk (node:internal/streams/readable:315:12) {
  code: 'ER_PARSE_ERROR',
  errno: 1064,
  sqlMessage: "You have an error in your SQL syntax; check the manual that corresponds to your MySQL server version for the right syntax to use near '/avatar/upload/20221006/1665038977876.png where id=102' at line 1",
  sqlState: '42000',
  index: 0,
  sql: 'update user set avatar=/avatar/upload/20221006/1665038977876.png where id=102'
}
